aag 663 41 0 32 622
318
40
42
52
54
72
74
84
170
86
136
252
370
426
138
2
254
372
428
34
502
604
658
156
172
272
390
446
36
4
190
200
202
14
276
286
288
16
160
306
316
755
769
783
797
823
837
851
865
891
905
919
933
959
973
987
1001
1081
1095
1109
1123
1149
1163
1177
1191
1217
1231
1245
1259
1285
1299
1313
1327
6 2 4
8 2 7
10 4 7
12 9 11
18 14 16
20 14 19
22 16 19
24 21 23
26 13 25
28 13 27
30 25 27
32 29 31
38 34 36
44 40 42
46 40 45
48 42 45
50 47 49
56 52 54
58 52 57
60 54 57
62 59 61
64 51 63
66 51 65
68 63 65
70 67 69
76 72 74
78 72 77
80 74 77
82 79 81
88 84 86
90 84 89
92 86 89
94 91 93
96 83 95
98 83 97
100 95 97
102 99 101
104 71 103
106 71 105
108 103 105
110 107 109
112 38 111
114 38 113
116 111 113
118 115 117
120 33 119
122 33 121
124 119 121
126 123 125
634 172 202
636 172 635
638 202 635
640 637 639
642 288 318
644 288 643
646 318 643
648 645 647
650 641 649
652 641 651
654 649 651
656 653 655
660 658 36
530 138 254
532 138 531
534 254 531
536 533 535
538 372 428
540 372 539
542 428 539
544 541 543
546 537 545
548 537 547
550 545 547
552 549 551
662 103 553
664 103 663
666 553 663
668 665 667
670 660 669
672 660 671
674 669 671
676 673 675
678 657 677
680 657 679
682 677 679
684 681 683
720 684 684
580 170 200
582 170 581
584 200 581
586 583 585
588 286 316
590 286 589
592 316 589
594 591 593
596 587 595
598 587 597
600 595 597
602 599 601
606 604 36
506 136 252
508 136 507
510 252 507
512 509 511
514 370 426
516 370 515
518 426 515
520 517 519
522 513 521
524 513 523
526 521 523
528 525 527
608 71 529
610 71 609
612 529 609
614 611 613
616 606 615
618 606 617
620 615 617
622 619 621
624 603 623
626 603 625
628 623 625
630 627 629
718 630 630
478 160 190
480 160 479
482 190 479
484 481 483
486 276 306
488 276 487
490 306 487
492 489 491
494 485 493
496 485 495
498 493 495
500 497 499
504 502 36
554 529 553
556 529 555
558 553 555
560 557 559
562 504 561
564 504 563
566 561 563
568 565 567
570 501 569
572 501 571
574 569 571
576 573 575
716 576 576
722 127 717
724 719 722
726 721 724
708 684 684
706 630 630
704 126 126
710 705 577
712 707 710
714 709 712
632 630 630
476 126 126
578 576 576
686 477 579
688 633 686
690 685 688
696 684 684
692 126 126
694 576 576
698 693 695
700 631 698
702 697 700
728 691 703
730 715 728
732 727 730
418 54 86
420 54 419
422 86 419
424 421 423
430 426 428
432 426 431
434 428 431
436 433 435
438 425 437
440 425 439
442 437 439
444 441 443
448 446 36
192 4 190
194 4 193
196 190 193
198 195 197
204 200 202
206 200 205
208 202 205
210 207 209
212 199 211
214 199 213
216 211 213
218 215 217
308 16 306
310 16 309
312 306 309
314 311 313
320 316 318
322 316 321
324 318 321
326 323 325
328 315 327
330 315 329
332 327 329
334 331 333
450 219 335
452 219 451
454 335 451
456 453 455
458 448 457
460 448 459
462 457 459
464 461 463
466 445 465
468 445 467
470 465 467
472 469 471
474 472 472
362 52 84
364 52 363
366 84 363
368 365 367
374 370 372
376 370 375
378 372 375
380 377 379
382 369 381
384 369 383
386 381 383
388 385 387
392 390 36
162 2 160
164 2 163
166 160 163
168 165 167
174 170 172
176 170 175
178 172 175
180 177 179
182 169 181
184 169 183
186 181 183
188 185 187
278 14 276
280 14 279
282 276 279
284 281 283
290 286 288
292 286 291
294 288 291
296 293 295
298 285 297
300 285 299
302 297 299
304 301 303
394 189 305
396 189 395
398 305 395
400 397 399
402 392 401
404 392 403
406 401 403
408 405 407
410 389 409
412 389 411
414 409 411
416 413 415
128 40 72
130 40 129
132 72 129
134 131 133
140 136 138
142 136 141
144 138 141
146 143 145
148 135 147
150 135 149
152 147 149
154 151 153
158 156 36
220 189 219
222 189 221
224 219 221
226 223 225
228 158 227
230 158 229
232 227 229
234 231 233
236 155 235
238 155 237
240 235 237
242 239 241
244 42 74
246 42 245
248 74 245
250 247 249
256 252 254
258 252 257
260 254 257
262 259 261
264 251 263
266 251 265
268 263 265
270 267 269
274 272 36
336 305 335
338 305 337
340 335 337
342 339 341
344 274 343
346 274 345
348 343 345
350 347 349
352 271 351
354 271 353
356 351 353
358 355 357
360 358 358
734 243 361
736 417 734
738 475 736
740 733 738
742 127 740
744 2 742
746 2 745
748 742 745
750 747 749
752 750 750
754 752 752
756 577 740
758 160 756
760 160 759
762 756 759
764 761 763
766 764 764
768 766 766
770 631 740
772 170 770
774 170 773
776 770 773
778 775 777
780 778 778
782 780 780
784 685 740
786 172 784
788 172 787
790 784 787
792 789 791
794 792 792
796 794 794
800 416 416
798 358 358
802 243 799
804 801 802
806 473 804
808 733 806
810 127 808
812 4 810
814 4 813
816 810 813
818 815 817
820 818 818
822 820 820
824 577 808
826 190 824
828 190 827
830 824 827
832 829 831
834 832 832
836 834 834
838 631 808
840 200 838
842 200 841
844 838 841
846 843 845
848 846 846
850 848 848
852 685 808
854 202 852
856 202 855
858 852 855
860 857 859
862 860 860
864 862 862
868 472 472
866 242 242
870 867 359
872 417 870
874 869 872
876 733 874
878 127 876
880 14 878
882 14 881
884 878 881
886 883 885
888 886 886
890 888 888
892 577 876
894 276 892
896 276 895
898 892 895
900 897 899
902 900 900
904 902 902
906 631 876
908 286 906
910 286 909
912 906 909
914 911 913
916 914 914
918 916 916
920 685 876
922 288 920
924 288 923
926 920 923
928 925 927
930 928 928
932 930 930
936 416 416
934 242 242
938 935 359
940 937 938
942 473 940
944 733 942
946 127 944
948 16 946
950 16 949
952 946 949
954 951 953
956 954 954
958 956 956
960 577 944
962 306 960
964 306 963
966 960 963
968 965 967
970 968 968
972 970 970
974 631 944
976 316 974
978 316 977
980 974 977
982 979 981
984 982 982
986 984 984
988 685 944
990 318 988
992 318 991
994 988 991
996 993 995
998 996 996
1000 998 998
1046 472 472
1044 416 416
1042 358 358
1048 243 1043
1050 1045 1048
1052 1047 1050
1034 472 472
1032 416 416
1030 242 242
1036 1031 359
1038 1033 1036
1040 1035 1038
1010 416 416
1006 242 242
1008 358 358
1012 1007 1009
1014 1011 1012
1016 473 1014
1022 472 472
1018 242 242
1020 358 358
1024 1019 1021
1026 417 1024
1028 1023 1026
1054 1017 1029
1056 1041 1054
1058 1053 1056
1004 684 684
1002 576 576
1060 127 1003
1062 631 1060
1064 1005 1062
1066 1059 1064
1068 243 1066
1070 40 1068
1072 40 1071
1074 1068 1071
1076 1073 1075
1078 1076 1076
1080 1078 1078
1082 359 1066
1084 42 1082
1086 42 1085
1088 1082 1085
1090 1087 1089
1092 1090 1090
1094 1092 1092
1096 417 1066
1098 52 1096
1100 52 1099
1102 1096 1099
1104 1101 1103
1106 1104 1104
1108 1106 1106
1110 473 1066
1112 54 1110
1114 54 1113
1116 1110 1113
1118 1115 1117
1120 1118 1118
1122 1120 1120
1126 630 630
1124 576 576
1128 127 1125
1130 1127 1128
1132 685 1130
1134 1059 1132
1136 243 1134
1138 72 1136
1140 72 1139
1142 1136 1139
1144 1141 1143
1146 1144 1144
1148 1146 1146
1150 359 1134
1152 74 1150
1154 74 1153
1156 1150 1153
1158 1155 1157
1160 1158 1158
1162 1160 1160
1164 417 1134
1166 84 1164
1168 84 1167
1170 1164 1167
1172 1169 1171
1174 1172 1172
1176 1174 1174
1178 473 1134
1180 86 1178
1182 86 1181
1184 1178 1181
1186 1183 1185
1188 1186 1186
1190 1188 1188
1194 684 684
1192 126 126
1196 1193 577
1198 631 1196
1200 1195 1198
1202 1059 1200
1204 243 1202
1206 136 1204
1208 136 1207
1210 1204 1207
1212 1209 1211
1214 1212 1212
1216 1214 1214
1218 359 1202
1220 252 1218
1222 252 1221
1224 1218 1221
1226 1223 1225
1228 1226 1226
1230 1228 1228
1232 417 1202
1234 370 1232
1236 370 1235
1238 1232 1235
1240 1237 1239
1242 1240 1240
1244 1242 1242
1246 473 1202
1248 426 1246
1250 426 1249
1252 1246 1249
1254 1251 1253
1256 1254 1254
1258 1256 1256
1262 630 630
1260 126 126
1264 1261 577
1266 1263 1264
1268 685 1266
1270 1059 1268
1272 243 1270
1274 138 1272
1276 138 1275
1278 1272 1275
1280 1277 1279
1282 1280 1280
1284 1282 1282
1286 359 1270
1288 254 1286
1290 254 1289
1292 1286 1289
1294 1291 1293
1296 1294 1294
1298 1296 1296
1300 417 1270
1302 372 1300
1304 372 1303
1306 1300 1303
1308 1305 1307
1310 1308 1308
1312 1310 1310
1314 473 1270
1316 428 1314
1318 428 1317
1320 1314 1317
1322 1319 1321
1324 1322 1322
1326 1324 1324
c
AAG output by CYT.
