aag 1252 33 0 25 1219
152
130
122
254
210
188
180
246
76
50
514
492
484
356
28
20
312
2
724
336
98
378
338
4
574
858
1118
976
1140
1290
8
1160
100
1195
1227
1255
1283
1323
1351
1373
1399
1421
1443
1465
1487
1513
1535
1557
1579
1978
2056
2150
2172
2194
2218
2303
2427
2504
340 339 339
342 340 340
1152 343 4
1148 101 101
1150 1148 1148
1142 1141 1141
1144 9 9
1146 1144 1144
1154 1143 1147
1156 1151 1154
1158 1153 1156
1162 1161 1161
1164 1162 1162
1166 101 101
1168 1165 1167
1170 1153 1168
1172 1159 1171
248 247 247
882 248 248
884 882 882
190 189 189
886 190 190
888 886 886
890 888 888
892 885 891
894 884 884
896 889 895
898 893 897
124 123 123
900 124 124
902 900 900
904 902 902
906 899 905
908 898 898
910 903 909
912 907 911
30 29 29
914 30 30
916 914 914
52 51 51
918 52 52
920 918 918
922 920 920
924 917 923
926 916 916
928 921 927
930 925 929
494 493 493
932 494 494
934 932 932
936 934 934
938 931 937
940 930 930
942 935 941
944 939 943
946 944 944
948 913 947
950 912 912
952 945 951
954 949 953
102 101 101
684 339 339
686 684 684
956 724 687
958 103 956
960 959 959
962 955 961
964 954 954
966 958 965
968 963 967
304 9 9
970 969 305
972 970 970
974 972 972
978 977 977
980 978 978
982 980 980
984 982 982
986 975 985
988 974 974
990 983 989
992 987 991
994 992 992
78 77 77
996 78 78
998 996 996
358 357 357
602 358 358
604 602 602
1000 604 604
1002 1000 1000
1004 1002 1002
1006 999 1005
1008 998 998
1010 1003 1009
1012 1007 1011
22 21 21
620 22 22
622 620 620
1014 622 622
1016 1014 1014
1018 1016 1016
1020 1013 1019
1022 1012 1012
1024 1017 1023
1026 1021 1025
1028 30 30
1030 1028 1028
748 5 5
1032 2 749
1034 103 1032
1036 1035 1035
1038 1031 1037
1040 1030 1030
1042 1034 1041
1044 1039 1043
516 515 515
1046 516 516
1048 1046 1046
1050 1048 1048
1052 1045 1051
1054 1044 1044
1056 1049 1055
1058 1053 1057
1060 1058 1058
1062 1027 1061
1064 1026 1026
1066 1059 1065
1068 1063 1067
1070 248 248
1072 1070 1070
212 211 211
1074 212 212
1076 1074 1074
1078 1076 1076
1080 1073 1079
1082 1072 1072
1084 1077 1083
1086 1081 1085
132 131 131
1088 132 132
1090 1088 1088
1092 1090 1090
1094 1087 1093
1096 1086 1086
1098 1091 1097
1100 1095 1099
1102 1100 1100
1104 1069 1103
1106 1068 1068
1108 1101 1107
1110 1105 1109
1112 1111 305
1114 1112 1112
1116 1114 1114
1120 1119 1119
1122 1120 1120
1124 1122 1122
1126 1124 1124
1128 1117 1127
1130 1116 1116
1132 1125 1131
1134 1129 1133
1136 1134 1134
1138 995 1137
598 78 78
600 598 598
606 604 604
608 606 606
610 608 608
612 601 611
614 600 600
616 609 615
618 613 617
624 622 622
626 624 624
628 626 626
630 619 629
632 618 618
634 627 633
636 631 635
638 636 636
640 52 52
642 640 640
182 181 181
644 182 182
646 644 644
648 646 646
650 643 649
652 642 642
654 647 653
656 651 655
256 255 255
658 256 256
660 658 658
662 660 660
664 657 663
666 656 656
668 661 667
670 665 669
672 670 670
674 672 672
676 639 675
678 638 638
680 673 679
682 677 681
688 336 687
690 103 688
486 485 485
692 486 486
694 692 692
696 694 694
698 690 697
700 691 691
702 695 701
704 699 703
706 704 704
708 706 706
710 683 709
712 682 682
714 707 713
716 711 715
718 717 305
720 718 718
722 720 720
10 9 9
344 343 11
726 724 345
728 726 726
730 728 728
732 730 730
734 723 733
736 722 722
738 731 737
740 735 739
742 740 740
154 153 153
744 154 154
746 744 744
750 312 749
752 103 750
754 753 753
756 754 754
758 756 756
760 747 759
762 746 746
764 757 763
766 761 765
768 766 766
488 486 486
490 488 488
496 494 494
498 496 496
500 498 498
502 500 500
504 502 502
506 491 505
508 490 490
510 503 509
512 507 511
518 516 516
520 518 518
522 520 520
524 522 522
526 524 524
528 513 527
530 512 512
532 525 531
534 529 533
536 534 534
770 536 536
772 770 770
24 22 22
26 24 24
32 30 30
34 32 32
36 34 34
38 36 36
40 38 38
42 27 41
44 26 26
46 39 45
48 43 47
54 52 52
56 54 54
58 56 56
60 58 58
62 60 60
64 49 63
66 48 48
68 61 67
70 65 69
774 70 70
776 774 774
778 776 776
780 778 778
782 780 780
784 773 783
786 772 772
788 781 787
790 785 789
792 182 182
794 792 792
192 190 190
194 192 192
796 194 194
798 796 796
800 798 798
802 795 801
804 794 794
806 799 805
808 803 807
214 212 212
216 214 214
810 216 216
812 810 810
814 812 812
816 809 815
818 808 808
820 813 819
822 817 821
824 822 822
826 824 824
828 826 826
830 828 828
832 791 831
834 790 790
836 829 835
838 833 837
840 838 838
842 840 840
844 769 843
846 768 768
848 841 847
850 845 849
852 851 305
854 852 852
856 854 854
860 859 859
862 860 860
864 862 862
866 864 864
868 857 867
870 856 856
872 865 871
874 869 873
876 874 874
878 876 876
880 743 879
6 5 5
12 7 11
14 2 13
16 14 14
18 16 16
72 70 70
74 72 72
80 78 78
82 80 80
84 82 82
86 84 84
88 86 86
90 75 89
92 74 74
94 87 93
96 91 95
104 98 103
106 105 105
108 106 106
110 108 108
112 97 111
114 96 96
116 109 115
118 113 117
120 118 118
126 124 124
128 126 126
134 132 132
136 134 134
138 136 136
140 138 138
142 140 140
144 129 143
146 128 128
148 141 147
150 145 149
156 154 154
158 156 156
160 158 158
162 160 160
164 162 162
166 151 165
168 150 150
170 163 169
172 167 171
174 172 172
176 174 174
178 176 176
184 182 182
186 184 184
196 194 194
198 196 196
200 198 198
202 187 201
204 186 186
206 199 205
208 203 207
218 216 216
220 218 218
222 220 220
224 209 223
226 208 208
228 221 227
230 225 229
232 230 230
234 232 232
236 234 234
238 179 237
240 178 178
242 235 241
244 239 243
250 248 248
252 250 250
258 256 256
260 258 258
262 260 260
264 253 263
266 252 252
268 261 267
270 265 269
272 270 270
274 272 272
276 274 274
278 276 276
280 245 279
282 244 244
284 277 283
286 281 285
288 286 286
290 288 288
292 290 290
294 121 293
296 120 120
298 291 297
300 295 299
302 300 300
306 303 305
308 306 306
310 308 308
314 312 13
316 314 314
318 316 316
320 318 318
322 311 321
324 310 310
326 319 325
328 323 327
330 19 329
332 331 331
334 332 332
346 336 345
348 346 346
350 348 348
352 256 256
354 352 352
360 358 358
362 360 360
364 362 362
366 364 364
368 366 366
370 355 369
372 354 354
374 367 373
376 371 375
380 378 103
382 381 381
384 382 382
386 384 384
388 377 387
390 376 376
392 385 391
394 389 393
396 124 124
398 396 396
400 136 136
402 400 400
404 402 402
406 399 405
408 398 398
410 403 409
412 407 411
414 158 158
416 414 414
418 416 416
420 413 419
422 412 412
424 417 423
426 421 425
428 426 426
430 428 428
432 22 22
434 432 432
436 34 34
438 436 436
440 438 438
442 435 441
444 434 434
446 439 445
448 443 447
450 56 56
452 450 450
454 452 452
456 449 455
458 448 448
460 453 459
462 457 461
464 462 462
466 464 464
468 466 466
470 468 468
472 470 470
474 472 472
476 431 475
478 430 430
480 473 479
482 477 481
538 536 536
540 538 538
542 540 540
544 542 542
546 544 544
548 483 547
550 482 482
552 545 551
554 549 553
556 554 554
558 556 556
560 395 559
562 394 394
564 557 563
566 561 565
568 567 305
570 568 568
572 570 570
576 575 575
578 576 576
580 578 578
582 580 580
584 573 583
586 572 572
588 581 587
590 585 589
592 351 591
594 593 593
596 594 594
1174 335 597
1176 880 1174
1178 1138 1176
1180 1173 1178
1182 153 153
1184 1182 1182
1186 1184 1184
1188 1180 1187
1190 1181 1181
1192 1185 1191
1194 1189 1193
1200 1134 1134
1202 1200 1200
1204 995 1203
1196 874 874
1198 743 1197
1206 335 597
1208 1198 1206
1210 1204 1208
1212 1173 1210
1214 131 131
1216 1214 1214
1218 1216 1216
1220 1212 1219
1222 1213 1213
1224 1217 1223
1226 1221 1225
1228 992 992
1230 1228 1228
1232 1231 1137
1234 335 597
1236 1198 1234
1238 1232 1236
1240 1173 1238
1242 123 123
1244 1242 1242
1246 1244 1244
1248 1240 1247
1250 1241 1241
1252 1245 1251
1254 1249 1253
1256 740 740
1258 1256 1256
1260 1259 1197
1262 335 597
1264 1260 1262
1266 1138 1264
1268 1173 1266
1270 255 255
1272 1270 1270
1274 1272 1272
1276 1268 1275
1278 1269 1269
1280 1273 1279
1282 1277 1281
1292 1291 1291
1294 1293 1147
1296 1151 1294
1298 1153 1296
1300 1299 1171
1288 1259 879
1284 331 331
1286 1284 1284
1302 1287 597
1304 1288 1302
1306 1232 1304
1308 1301 1306
1310 51 51
1312 1310 1310
1314 1312 1312
1316 1308 1315
1318 1309 1309
1320 1313 1319
1322 1317 1321
1328 1231 1203
1324 593 593
1326 1324 1324
1330 1287 1327
1332 880 1330
1334 1328 1332
1336 1301 1334
1338 29 29
1340 1338 1338
1342 1340 1340
1344 1336 1343
1346 1337 1337
1348 1341 1347
1350 1345 1349
1352 1287 1327
1354 1288 1352
1356 1204 1354
1358 1301 1356
1360 21 21
1362 1360 1360
1364 1362 1362
1366 1358 1365
1368 1359 1359
1370 1363 1369
1372 1367 1371
1374 590 590
1376 351 1375
1378 335 1376
1380 880 1378
1382 1204 1380
1384 1173 1382
1386 211 211
1388 1386 1386
1390 1388 1388
1392 1384 1391
1394 1385 1385
1396 1389 1395
1398 1393 1397
1400 1287 1376
1402 880 1400
1404 1232 1402
1406 1173 1404
1408 189 189
1410 1408 1408
1412 1410 1410
1414 1406 1413
1416 1407 1407
1418 1411 1417
1420 1415 1419
1422 1287 1376
1424 1288 1422
1426 1138 1424
1428 1173 1426
1430 181 181
1432 1430 1430
1434 1432 1432
1436 1428 1435
1438 1429 1429
1440 1433 1439
1442 1437 1441
1444 1287 1376
1446 1198 1444
1448 1328 1446
1450 1173 1448
1452 247 247
1454 1452 1452
1456 1454 1454
1458 1450 1457
1460 1451 1451
1462 1455 1461
1464 1459 1463
1466 1287 1376
1468 1260 1466
1470 1204 1468
1472 1301 1470
1474 77 77
1476 1474 1474
1478 1476 1476
1480 1472 1479
1482 1473 1473
1484 1477 1483
1486 1481 1485
1488 328 328
1490 19 1489
1492 1490 1327
1494 880 1492
1496 1204 1494
1498 1301 1496
1500 515 515
1502 1500 1500
1504 1502 1502
1506 1498 1505
1508 1499 1499
1510 1503 1509
1512 1507 1511
1514 1490 1327
1516 880 1514
1518 1232 1516
1520 1301 1518
1522 493 493
1524 1522 1522
1526 1524 1524
1528 1520 1527
1530 1521 1521
1532 1525 1531
1534 1529 1533
1536 1490 1327
1538 1288 1536
1540 1138 1538
1542 1301 1540
1544 485 485
1546 1544 1544
1548 1546 1546
1550 1542 1549
1552 1543 1543
1554 1547 1553
1556 1551 1555
1558 1490 1327
1560 1260 1558
1562 1204 1560
1564 1301 1562
1566 357 357
1568 1566 1566
1570 1568 1568
1572 1564 1571
1574 1565 1565
1576 1569 1575
1578 1573 1577
1714 1161 1161
1680 306 306
1682 1680 1680
1684 314 314
1686 1684 1684
1688 1686 1686
1690 1683 1689
1692 1682 1682
1694 1687 1693
1696 1691 1695
1698 1696 1696
1660 568 568
1662 1660 1660
1664 576 576
1666 1664 1664
1668 1666 1666
1670 1663 1669
1672 1662 1662
1674 1667 1673
1676 1671 1675
1678 1676 1676
1640 852 852
1642 1640 1640
1644 860 860
1646 1644 1644
1648 1646 1646
1650 1643 1649
1652 1642 1642
1654 1647 1653
1656 1651 1655
1658 1656 1656
1620 1112 1112
1622 1620 1620
1624 1120 1120
1626 1624 1624
1628 1626 1626
1630 1623 1629
1632 1622 1622
1634 1627 1633
1636 1631 1635
1638 1636 1636
1580 718 718
1582 1580 1580
1584 726 726
1586 1584 1584
1588 1586 1586
1590 1583 1589
1592 1582 1582
1594 1587 1593
1596 1591 1595
1598 1596 1596
1600 970 970
1602 1600 1600
1604 978 978
1606 1604 1604
1608 1606 1606
1610 1603 1609
1612 1602 1602
1614 1607 1613
1616 1611 1615
1618 1616 1616
1700 1599 1619
1702 1639 1700
1704 1659 1702
1706 15 1704
1708 1679 1706
1710 1699 1708
1712 347 1710
1716 1167 1713
1718 1715 1716
1720 1715 1718
1878 1165 1167
1880 1153 1878
1942 14 14
1944 1943 1489
1946 1944 1376
1948 1198 1946
1950 1138 1948
1952 1880 1950
1930 346 346
1932 1931 1375
1934 1490 1932
1936 1198 1934
1938 1138 1936
1940 1880 1938
1922 1490 1376
1924 1260 1922
1926 1138 1924
1928 1880 1926
1914 1490 1376
1916 1198 1914
1918 1232 1916
1920 1880 1918
1906 1490 1376
1908 1198 1906
1910 1204 1908
1912 1880 1910
1898 1490 1376
1900 880 1898
1902 1138 1900
1904 1880 1902
1882 1287 1376
1884 1198 1882
1886 1138 1884
1888 1880 1886
1890 1490 1327
1892 1198 1890
1894 1138 1892
1896 1880 1894
1954 1889 1897
1956 1905 1954
1958 1913 1956
1960 1921 1958
1962 1929 1960
1964 1941 1962
1966 1953 1964
1778 1287 1376
1780 1198 1778
1782 1328 1780
1784 1173 1782
1770 1287 1376
1772 1288 1770
1774 1138 1772
1776 1173 1774
1762 1287 1376
1764 880 1762
1766 1232 1764
1768 1173 1766
1754 335 1376
1756 880 1754
1758 1204 1756
1760 1173 1758
1746 335 597
1748 1260 1746
1750 1138 1748
1752 1173 1750
1738 335 597
1740 1198 1738
1742 1232 1740
1744 1173 1742
1722 335 597
1724 880 1722
1726 1138 1724
1728 1173 1726
1730 335 597
1732 1198 1730
1734 1204 1732
1736 1173 1734
1786 1729 1737
1788 1745 1786
1790 1753 1788
1792 1761 1790
1794 1769 1792
1796 1777 1794
1798 1785 1796
1856 1287 1327
1858 1288 1856
1860 1204 1858
1862 1301 1860
1848 1287 1327
1850 880 1848
1852 1328 1850
1854 1301 1852
1840 1490 1327
1842 1260 1840
1844 1204 1842
1846 1301 1844
1832 1490 1327
1834 1288 1832
1836 1138 1834
1838 1301 1836
1824 1490 1327
1826 880 1824
1828 1232 1826
1830 1301 1828
1816 1490 1327
1818 880 1816
1820 1204 1818
1822 1301 1820
1800 1287 1376
1802 1260 1800
1804 1204 1802
1806 1301 1804
1808 1287 597
1810 1288 1808
1812 1232 1810
1814 1301 1812
1864 1807 1815
1866 1823 1864
1868 1831 1866
1870 1839 1868
1872 1847 1870
1874 1855 1872
1876 1863 1874
1968 1798 1876
1970 1966 1968
1972 1167 1713
1974 1160 1972
1976 1970 1974
1978 1721 1977
1980 70 70
1982 1980 1980
1984 82 82
1986 1984 1984
1988 1986 1986
1990 1983 1989
1992 1982 1982
1994 1987 1993
1996 1991 1995
1998 105 105
2000 1998 1998
2002 2000 2000
2004 1997 2003
2006 1996 1996
2008 2001 2007
2010 2005 2009
2012 286 286
2014 2012 2012
2016 2014 2014
2018 2011 2017
2020 2010 2010
2022 2015 2021
2024 2019 2023
2032 1798 1876
2026 312 13
2028 9 9
2030 2028 2028
2034 2026 2031
2036 2033 2034
2038 2037 2037
2040 2025 2039
2042 2024 2024
2044 2036 2043
2046 2041 2045
2048 1161 1161
2050 101 101
2052 2050 2050
2054 2049 2053
2056 2047 2055
2058 2049 2053
2060 256 256
2062 2060 2060
2064 362 362
2066 2064 2064
2068 2066 2066
2070 2063 2069
2072 2062 2062
2074 2067 2073
2076 2071 2075
2078 381 381
2080 2078 2078
2082 2080 2080
2084 2077 2083
2086 2076 2076
2088 2081 2087
2090 2085 2089
2092 2090 2090
2094 426 426
2096 2094 2094
2098 468 468
2100 2098 2098
2102 2100 2100
2104 2097 2103
2106 2096 2096
2108 2101 2107
2110 2105 2109
2112 540 540
2114 2112 2112
2116 2114 2114
2118 2111 2117
2120 2110 2110
2122 2115 2121
2124 2119 2123
2126 2124 2124
2128 2093 2127
2130 2092 2092
2132 2125 2131
2134 2129 2133
2136 574 2031
2138 2033 2136
2140 2139 2139
2142 2135 2141
2144 2134 2134
2146 2138 2145
2148 2143 2147
2150 2059 2149
2152 2049 2053
2154 1110 1110
2156 2154 2154
2158 1118 2031
2160 2033 2158
2162 2161 2161
2164 2157 2163
2166 2156 2156
2168 2160 2167
2170 2165 2169
2172 2153 2171
2174 968 968
2176 2174 2174
2178 976 2031
2180 2033 2178
2182 2181 2181
2184 2177 2183
2186 2176 2176
2188 2180 2187
2190 2185 2189
2192 2049 2053
2194 2191 2193
2196 2049 2053
2198 716 716
2200 2198 2198
2202 724 345
2204 2202 2031
2206 2033 2204
2208 2207 2207
2210 2201 2209
2212 2200 2200
2214 2206 2213
2216 2211 2215
2218 2197 2217
2220 1729 1737
2222 1745 2220
2224 1753 2222
2226 1761 2224
2228 1769 2226
2230 1777 2228
2232 1785 2230
2234 101 101
2236 2233 2235
2238 174 174
2240 2238 2238
2242 230 230
2244 2242 2242
2246 2244 2244
2248 2241 2247
2250 2240 2240
2252 2245 2251
2254 2249 2253
2256 272 272
2258 2256 2256
2260 2258 2258
2262 2255 2261
2264 2254 2254
2266 2259 2265
2268 2263 2267
2270 2268 2268
2272 1151 1143
2274 2271 2273
2276 2275 2275
2278 2236 2277
2280 2237 2237
2282 2274 2281
2284 2279 2283
2286 98 1140
2288 101 101
2290 2288 2288
2292 2287 2291
2294 2293 2293
2296 2285 2295
2298 2284 2284
2300 2292 2299
2302 2297 2301
2304 1807 1815
2306 1823 2304
2308 1831 2306
2310 1839 2308
2312 1847 2310
2314 1855 2312
2316 1863 2314
2318 101 101
2320 2317 2319
2322 1151 1293
2324 464 464
2326 2324 2324
2328 486 486
2330 2328 2328
2332 498 498
2334 2332 2332
2336 2334 2334
2338 2331 2337
2340 2330 2330
2342 2335 2341
2344 2339 2343
2346 520 520
2348 2346 2346
2350 2348 2348
2352 2345 2351
2354 2344 2344
2356 2349 2355
2358 2353 2357
2360 2358 2358
2362 2327 2361
2364 2326 2326
2366 2359 2365
2368 2363 2367
2370 358 358
2372 2370 2370
2374 78 78
2376 2374 2374
2378 2376 2376
2380 2373 2379
2382 2372 2372
2384 2377 2383
2386 2381 2385
2388 2386 2386
2390 2388 2388
2392 2369 2391
2394 2368 2368
2396 2389 2395
2398 2393 2397
2400 2398 2398
2402 2323 2401
2404 2403 2403
2406 2320 2405
2408 2321 2321
2410 2402 2409
2412 2407 2411
2414 378 1290
2416 2415 2291
2418 2417 2417
2420 2413 2419
2422 2412 2412
2424 2416 2423
2426 2421 2425
2428 536 536
2430 2428 2428
2432 776 776
2434 2432 2432
2436 2434 2434
2438 2431 2437
2440 2430 2430
2442 2435 2441
2444 2439 2443
2446 824 824
2448 2446 2446
2450 2448 2448
2452 2445 2451
2454 2444 2444
2456 2449 2455
2458 2453 2457
2460 858 2031
2462 2033 2460
2464 2463 2463
2466 2459 2465
2468 2458 2458
2470 2462 2469
2472 2467 2471
2474 154 154
2476 2474 2474
2478 753 753
2480 2478 2478
2482 2480 2480
2484 2477 2483
2486 2476 2476
2488 2481 2487
2490 2485 2489
2492 2490 2490
2494 2473 2493
2496 2472 2472
2498 2491 2497
2500 2495 2499
2502 2049 2053
2504 2501 2503
c
AAG output by CYT.
