aag 2256 50 0 22 2206
54
32
158
3814
3564
3594
60
2208
2240
2234
1028
1178
474
600
630
640
70
650
1552
1088
1094
104
108
116
124
84
86
88
156
580
738
4324
844
946
1968
1978
1988
1998
1934
496
1544
1554
552
566
6
10
14
2
26
28
25
41
189
331
473
1478
1543
1643
1760
2136
2370
2624
2998
3252
3442
3712
3972
4168
4193
4213
4424
4513
4 3 3
16 15 15
8 7 7
12 11 11
18 9 13
20 17 18
22 5 20
24 22 22
30 29 29
34 33 33
36 31 35
38 26 37
40 39 39
126 3 3
128 126 126
130 124 129
118 15 15
120 118 118
122 116 121
42 7 7
44 42 42
106 104 45
110 11 11
112 110 110
114 108 113
132 107 115
134 123 132
136 131 134
160 159 159
162 160 160
164 156 163
150 33 33
152 150 150
154 88 153
138 27 27
140 138 138
142 84 141
144 29 29
146 144 144
148 86 147
166 143 149
168 155 166
170 165 168
172 136 170
72 71 71
74 72 72
56 55 55
58 56 56
62 61 61
64 62 62
66 64 64
68 66 66
76 59 69
78 75 76
94 61 61
96 59 95
98 75 96
174 79 99
176 173 174
46 11 11
48 15 15
50 47 49
52 45 51
80 78 78
82 52 81
90 87 89
92 84 91
100 98 98
102 92 101
178 83 103
180 177 178
182 83 103
184 177 182
186 185 185
188 181 187
190 157 157
192 190 190
194 89 89
196 194 194
198 196 196
200 193 199
202 192 192
204 197 203
206 201 205
208 87 87
210 208 208
212 85 85
214 212 212
216 214 214
218 211 217
220 210 210
222 215 221
224 219 223
226 224 224
228 207 227
230 206 206
232 225 231
234 229 233
236 234 234
238 236 236
240 238 238
242 240 240
244 125 125
246 244 244
248 117 117
250 248 248
252 250 250
254 247 253
256 246 246
258 251 257
260 255 259
262 260 260
264 262 262
266 109 109
268 266 266
270 105 105
272 270 270
274 272 272
276 269 275
278 268 268
280 273 279
282 277 281
284 282 282
286 284 284
288 286 286
290 265 289
292 264 264
294 287 293
296 291 295
298 296 296
300 298 298
302 300 300
304 243 303
306 242 242
308 301 307
310 305 309
312 238 238
314 312 312
316 296 296
318 316 316
320 318 318
322 315 321
324 314 314
326 319 325
328 323 327
330 311 329
332 159 159
334 332 332
336 334 334
338 34 34
340 338 338
342 340 340
344 337 343
346 336 336
348 341 347
350 345 349
352 30 30
354 352 352
356 27 27
358 356 356
360 358 358
362 360 360
364 355 363
366 354 354
368 361 367
370 365 369
372 370 370
374 351 373
376 350 350
378 371 377
380 375 379
382 380 380
384 382 382
386 384 384
388 386 386
390 4 4
392 390 390
394 48 48
396 394 394
398 396 396
400 393 399
402 392 392
404 397 403
406 401 405
408 46 46
410 408 408
412 7 7
414 412 412
416 414 414
418 411 417
420 410 410
422 415 421
424 419 423
426 424 424
428 407 427
430 406 406
432 425 431
434 429 433
436 434 434
438 436 436
440 438 438
442 389 441
444 388 388
446 439 445
448 443 447
450 448 448
452 384 384
454 452 452
456 434 434
458 456 456
460 458 458
462 455 461
464 454 454
466 459 465
468 463 467
470 468 468
472 451 471
554 496 552
556 555 555
558 54 60
560 557 558
586 561 561
588 586 586
590 497 497
592 590 590
594 592 592
602 601 497
956 595 603
958 88 956
948 594 594
950 946 949
952 602 602
954 86 953
960 951 955
962 959 960
964 589 963
722 553 553
720 55 55
568 567 567
570 568 568
724 721 571
726 723 724
936 727 727
562 561 561
938 563 156
940 937 938
942 563 580
944 726 942
966 941 945
968 965 966
970 968 968
972 970 970
518 54 60
520 54 70
522 496 520
524 519 523
530 60 70
532 531 531
534 55 532
926 524 535
538 497 497
540 538 55
928 158 541
930 926 928
492 29 29
494 492 492
486 71 71
498 497 497
500 498 71
912 487 501
914 495 912
904 486 486
906 158 905
908 500 500
910 738 909
916 907 911
918 915 916
920 525 525
922 919 921
924 159 534
932 923 925
934 931 932
974 474 935
976 973 974
978 968 968
980 630 935
982 979 980
984 977 983
986 923 925
988 931 986
998 989 989
990 640 988
992 979 990
994 650 988
996 973 994
1000 993 997
1002 998 1000
1004 984 1003
854 595 603
856 86 854
846 594 594
848 844 847
850 602 602
852 84 851
858 849 853
860 857 858
862 589 861
834 727 727
836 563 88
838 835 836
840 563 580
842 726 840
864 839 843
866 863 864
868 866 866
870 868 868
824 524 535
826 32 541
828 824 826
806 27 27
808 806 806
810 487 501
812 809 810
480 33 33
798 486 486
800 481 799
802 500 500
804 158 803
814 801 805
816 813 814
818 525 525
820 817 819
822 33 534
830 821 823
832 829 830
872 474 833
874 871 872
876 866 866
878 630 833
880 877 878
882 875 881
884 821 823
886 829 884
896 887 887
888 640 886
890 877 888
892 650 886
894 871 892
898 891 895
900 896 898
902 882 901
608 595 603
610 124 608
596 594 594
598 158 597
604 602 602
606 116 605
612 599 607
614 611 612
616 589 615
564 55 55
572 565 571
574 573 573
576 563 84
578 575 576
582 563 580
584 572 582
618 579 585
620 617 618
622 620 620
624 622 622
542 524 535
544 26 541
546 542 544
506 15 15
508 506 506
510 487 501
512 509 510
476 27 27
478 29 29
482 477 479
484 481 482
488 486 486
490 485 489
502 500 500
504 495 503
514 491 505
516 513 514
526 525 525
528 517 527
536 27 534
548 529 537
550 547 548
626 474 551
628 625 626
632 620 620
634 630 551
636 633 634
638 629 637
642 529 537
644 547 642
656 645 645
646 640 644
648 633 646
652 650 644
654 625 652
658 649 655
660 656 658
662 638 661
748 595 603
750 84 748
740 594 594
742 738 741
744 602 602
746 124 745
752 743 747
754 751 752
756 589 755
728 727 727
730 563 86
732 729 730
734 563 580
736 726 734
758 733 737
760 757 758
762 760 760
764 762 762
710 524 535
712 28 541
714 710 712
696 487 501
698 2 696
664 33 33
666 664 664
668 666 666
670 668 668
672 29 29
674 672 672
676 674 674
678 671 677
680 670 670
682 675 681
684 679 683
686 684 684
688 486 486
690 687 689
692 500 500
694 32 693
700 691 695
702 699 700
704 525 525
706 703 705
708 29 534
716 707 709
718 715 716
766 474 719
768 765 766
770 760 760
772 630 719
774 771 772
776 769 775
778 707 709
780 715 778
790 781 781
782 640 780
784 771 782
786 650 780
788 765 786
792 785 789
794 790 792
796 776 795
1006 662 796
1008 902 1006
1010 1004 1008
1058 555 555
1060 54 60
1062 1059 1060
1080 1063 1063
1082 1080 1080
1422 595 603
1424 116 1422
1414 594 594
1416 32 1415
1418 602 602
1420 108 1419
1426 1417 1421
1428 1425 1426
1430 1083 1429
1066 553 567
1068 721 1067
1404 1069 1069
1064 1063 1063
1406 1065 124
1408 1405 1406
1410 1065 580
1412 1068 1410
1432 1409 1413
1434 1431 1432
1436 1434 1434
1438 1436 1436
1394 524 535
1044 71 71
1046 1044 55
1396 2 1047
1398 1394 1396
1020 11 11
1022 1020 1020
1380 487 501
1382 1023 1380
1372 486 486
1374 2 1373
1376 500 500
1378 809 1377
1384 1375 1379
1386 1383 1384
1388 525 525
1390 1387 1389
1392 3 534
1400 1391 1393
1402 1399 1400
1440 474 1403
1442 1439 1440
1444 1434 1434
1446 630 1403
1448 1445 1446
1450 1443 1449
1452 1391 1393
1454 1399 1452
1464 1455 1455
1456 640 1454
1458 1445 1456
1460 650 1454
1462 1439 1460
1466 1459 1463
1468 1464 1466
1470 1450 1469
1322 595 603
1324 108 1322
1314 594 594
1316 28 1315
1318 602 602
1320 104 1319
1326 1317 1321
1328 1325 1326
1330 1083 1329
1304 1069 1069
1306 1065 116
1308 1305 1306
1310 1065 580
1312 1068 1310
1332 1309 1313
1334 1331 1332
1336 1334 1334
1338 1336 1336
1294 524 535
1296 14 1047
1298 1294 1296
1280 487 501
1282 6 1280
1272 486 486
1274 17 1273
1276 500 500
1278 2 1277
1284 1275 1279
1286 1283 1284
1288 525 525
1290 1287 1289
1292 15 534
1300 1291 1293
1302 1299 1300
1340 474 1303
1342 1339 1340
1344 1334 1334
1346 630 1303
1348 1345 1346
1350 1343 1349
1352 1291 1293
1354 1299 1352
1364 1355 1355
1356 640 1354
1358 1345 1356
1360 650 1354
1362 1339 1360
1366 1359 1363
1368 1364 1366
1370 1350 1369
1096 595 603
1098 1094 1096
1084 594 594
1086 2 1085
1090 602 602
1092 1088 1091
1100 1087 1093
1102 1099 1100
1104 1083 1103
1070 1069 1069
1072 1065 104
1074 1071 1072
1076 1065 580
1078 1068 1076
1106 1075 1079
1108 1105 1106
1110 1108 1108
1112 1110 1110
1048 524 535
1050 6 1047
1052 1048 1050
1030 487 501
1032 1028 1030
1012 9 13
1014 17 1012
1016 486 486
1018 1015 1017
1024 500 500
1026 1023 1025
1034 1019 1027
1036 1033 1034
1038 525 525
1040 1037 1039
1042 7 534
1054 1041 1043
1056 1053 1054
1114 474 1057
1116 1113 1114
1118 1108 1108
1120 630 1057
1122 1119 1120
1124 1117 1123
1126 1041 1043
1128 1053 1126
1138 1129 1129
1130 640 1128
1132 1119 1130
1134 650 1128
1136 1113 1134
1140 1133 1137
1142 1138 1140
1144 1124 1143
1222 595 603
1224 104 1222
1214 594 594
1216 26 1215
1218 602 602
1220 1094 1219
1226 1217 1221
1228 1225 1226
1230 1083 1229
1204 1069 1069
1206 1065 108
1208 1205 1206
1210 1065 580
1212 1068 1210
1232 1209 1213
1234 1231 1232
1236 1234 1234
1238 1236 1236
1194 524 535
1196 10 1047
1198 1194 1196
1180 487 501
1182 1178 1180
1146 15 15
1148 1146 1146
1150 1148 1148
1152 1150 1150
1154 11 11
1156 1154 1154
1158 1156 1156
1160 1153 1159
1162 1152 1152
1164 1157 1163
1166 1161 1165
1168 1166 1166
1170 486 486
1172 1169 1171
1174 500 500
1176 509 1175
1184 1173 1177
1186 1183 1184
1188 525 525
1190 1187 1189
1192 11 534
1200 1191 1193
1202 1199 1200
1240 474 1203
1242 1239 1240
1244 1234 1234
1246 630 1203
1248 1245 1246
1250 1243 1249
1252 1191 1193
1254 1199 1252
1264 1255 1255
1256 640 1254
1258 1245 1256
1260 650 1254
1262 1239 1260
1266 1259 1263
1268 1264 1266
1270 1250 1269
1472 1144 1270
1474 1370 1472
1476 1470 1474
1478 1010 1476
1494 977 983
1496 1495 796
1498 902 1496
1500 662 1498
1488 875 881
1490 662 796
1492 1489 1490
1480 629 637
1482 1480 1480
1484 769 775
1486 662 1485
1502 1483 1487
1504 1493 1502
1506 1501 1504
1508 1476 1507
1524 1443 1449
1526 1525 1270
1528 1370 1526
1530 1144 1528
1518 1343 1349
1520 1144 1270
1522 1519 1520
1510 1117 1123
1512 1510 1510
1514 1243 1249
1516 1144 1515
1532 1513 1517
1534 1523 1532
1536 1531 1534
1538 1536 1536
1540 1509 1539
1542 1541 1541
1546 71 71
1548 565 65
1550 1547 1548
1614 1550 1552
1616 1554 1614
1618 1489 1617
1556 1550 1552
1558 1554 1556
1588 1558 833
1590 1589 1589
1592 1590 1590
1594 903 903
1596 1594 1594
1598 1596 1596
1600 1598 1598
1602 1600 1600
1604 1593 1603
1606 1592 1592
1608 1601 1607
1610 1605 1609
1620 1495 1617
1622 1621 1621
1624 1622 1622
1626 1611 1625
1628 1619 1627
1630 1628 1628
1632 1630 1630
1634 1632 1632
1560 1558 935
1562 1561 1561
1564 1562 1562
1566 1005 1005
1568 1566 1566
1570 1568 1568
1572 1570 1570
1574 1572 1572
1576 1565 1575
1578 1564 1564
1580 1573 1579
1582 1577 1581
1584 1582 1582
1586 1584 1584
1612 1587 1611
1636 1544 1612
1638 1635 1636
1640 1629 1633
1642 1639 1641
1740 477 479
1742 481 1740
1744 333 1742
1644 722 722
1646 1644 1644
1648 59 95
1650 75 1648
1652 1647 1650
1654 1652 1652
1656 1654 1654
1728 55 55
1730 1728 1728
1732 1730 1730
1734 1732 1732
1746 1657 1735
1748 1744 1746
1658 1656 1656
1660 52 1659
1710 1507 1617
1712 1711 1711
1714 1712 1712
1716 1714 1714
1662 631 631
1664 1662 1662
1666 1664 1664
1668 621 761
1670 867 1668
1672 969 1670
1674 1667 1672
1682 968 968
1680 866 866
1676 620 620
1678 760 760
1684 1677 1679
1686 1681 1684
1688 1683 1686
1690 1665 1688
1692 1675 1691
1694 1550 1552
1696 1554 1694
1698 1696 1696
1700 1698 1698
1702 1700 1700
1704 1693 1703
1706 1010 1701
1708 1705 1707
1718 1544 1709
1720 1717 1718
1722 1714 1714
1724 1722 1722
1726 1721 1724
1736 1734 1734
1738 1727 1737
1750 1661 1739
1752 1749 1750
1754 1661 1739
1756 1749 1754
1758 1757 1757
1760 1753 1759
2088 59 95
2090 75 2088
1922 497 497
1924 1922 1922
2092 2090 1925
2100 2090 591
2106 2093 2101
2108 333 2106
2074 567 567
2076 2074 2074
2078 2076 2076
2080 2078 2078
2082 435 2081
2084 52 2079
2086 2083 2085
2094 2092 2092
2096 2086 2095
2098 26 37
2102 2100 2100
2104 2099 2103
2110 2097 2105
2112 2109 2110
2026 71 71
2028 2026 475
2030 59 69
2032 2029 2030
2034 2032 2032
2036 2034 2034
2062 590 590
2064 2062 2062
2066 95 1547
2068 2065 2066
2114 2037 2069
2116 2113 2114
1796 71 71
1798 641 641
1800 1798 1798
1836 1796 1800
1806 70 630
1860 1807 1807
1862 1860 1860
1876 650 1863
1898 1837 1876
1900 1898 1898
1902 1900 1900
1904 1902 1902
1906 45 1905
1858 651 651
1864 1859 1863
1888 1837 1864
1890 1888 1888
1892 1890 1890
1894 1892 1892
1896 113 1895
1802 1796 1800
1878 1802 1876
1880 1878 1878
1882 1880 1880
1884 1882 1882
1886 121 1885
1866 1802 1864
1868 1866 1866
1870 1868 1868
1872 1870 1870
1874 129 1873
1822 70 650
1808 1807 1807
1824 1822 1809
1848 1837 1824
1850 1848 1848
1852 1850 1850
1854 1852 1852
1856 141 1855
1804 70 650
1810 1805 1809
1838 1837 1810
1840 1838 1838
1842 1840 1840
1844 1842 1842
1846 147 1845
1812 1802 1810
1814 1812 1812
1816 1814 1814
1818 1816 1816
1820 1178 1819
1826 1802 1824
1828 1826 1826
1830 1828 1828
1832 1830 1830
1834 153 1833
1908 1821 1835
1910 1847 1908
1912 1857 1910
1914 1875 1912
1916 1887 1914
1918 1897 1916
1920 1907 1918
1926 1924 1924
1928 1926 1926
1930 1928 1928
1932 1920 1931
2000 1898 1898
2002 2000 2000
2004 2002 2002
2006 1998 2005
1990 1888 1888
1992 1990 1990
1994 1992 1992
1996 1988 1995
1980 1878 1878
1982 1980 1980
1984 1982 1982
1986 1978 1985
1970 1866 1866
1972 1970 1970
1974 1972 1972
1976 1968 1975
1960 1848 1848
1962 1960 1960
1964 1962 1962
1966 946 1965
1952 1838 1838
1954 1952 1952
1956 1954 1954
1958 844 1957
1936 1812 1812
1938 1936 1936
1940 1938 1938
1942 1934 1941
1944 1826 1826
1946 1944 1944
1948 1946 1946
1950 738 1949
2008 1943 1951
2010 1959 2008
2012 1967 2010
2014 1977 2012
2016 1987 2014
2018 1997 2016
2020 2007 2018
2022 2020 1929
2024 1933 2023
2038 2036 2036
2040 2025 2039
2042 1561 1561
2044 2042 2042
2046 1568 1568
2048 2046 2046
2050 2048 2048
2052 2045 2051
2054 2044 2044
2056 2049 2055
2058 2053 2057
2060 2058 2058
2070 2068 2068
2072 2061 2071
2118 2041 2073
2120 2117 2118
1778 65 1547
1780 566 1778
1782 1731 1781
1788 1652 1652
1790 1788 1788
2122 1782 1791
2124 2120 2122
1762 1587 1587
1764 1545 1545
1766 1764 1764
1768 1766 1766
1770 1762 1769
1772 1763 1763
1774 1767 1773
1776 1771 1775
1784 1783 1783
1786 1777 1785
1792 1790 1790
1794 1777 1793
2126 1787 1795
2128 2125 2126
2130 1787 1795
2132 2125 2130
2134 2133 2133
2136 2129 2135
2314 2032 2032
2316 2314 2314
2342 95 2065
2348 2317 2343
2350 5 2348
2242 1902 1902
2244 2240 2243
2236 1892 1892
2238 2234 2237
2230 1882 1882
2232 1028 2231
2226 1870 1870
2228 1178 2227
2222 1852 1852
2224 45 2223
2218 1842 1842
2220 113 2219
2210 1816 1816
2212 2208 2211
2214 1830 1830
2216 121 2215
2246 2213 2217
2248 2221 2246
2250 2225 2248
2252 2229 2250
2254 2233 2252
2256 2239 2254
2258 2245 2256
2260 1928 1928
2262 2258 2261
2292 2002 2002
2294 946 2293
2288 1992 1992
2290 844 2289
2284 1982 1982
2286 738 2285
2280 1972 1972
2282 163 2281
2276 1962 1962
2278 153 2277
2272 1954 1954
2274 147 2273
2264 1938 1938
2266 1968 2265
2268 1946 1946
2270 141 2269
2296 2267 2271
2298 2275 2296
2300 2279 2298
2302 2283 2300
2304 2287 2302
2306 2291 2304
2308 2295 2306
2310 2308 1929
2312 2263 2311
2318 2316 2316
2320 2313 2319
2140 1550 1552
2142 1554 2140
2144 2142 1403
2322 2145 2145
2324 2322 2322
2150 1471 1471
2152 2150 2150
2326 2152 2152
2328 2326 2326
2330 2328 2328
2332 2325 2331
2334 2324 2324
2336 2329 2335
2338 2333 2337
2340 2338 2338
2344 2342 2342
2346 2341 2345
2352 2321 2347
2354 2351 2352
2356 1782 1791
2358 2354 2356
2138 1544 1709
2146 2145 2145
2148 2146 2146
2154 2152 2152
2156 2154 2154
2158 2156 2156
2160 2149 2159
2162 2148 2148
2164 2157 2163
2166 2161 2165
2168 2166 2166
2170 2168 2168
2172 2170 2170
2174 2172 2172
2176 1711 1711
2178 2176 2176
2180 2178 2178
2182 2175 2181
2184 2174 2174
2186 2179 2185
2188 2183 2187
2190 2188 2188
2192 2138 2191
2194 2139 2139
2196 2189 2195
2198 2193 2197
2200 1783 1783
2202 2199 2201
2204 1790 1790
2206 2199 2205
2360 2203 2207
2362 2359 2360
2364 2203 2207
2366 2359 2364
2368 2367 2367
2370 2363 2369
2506 2166 2166
2508 2506 2506
2478 2142 1303
2480 2479 2479
2482 2480 2480
2484 1371 1371
2486 2484 2484
2488 2486 2486
2490 2488 2488
2492 2490 2490
2494 2483 2493
2496 2482 2482
2498 2491 2497
2500 2495 2499
2502 2500 2500
2504 2502 2502
2444 1708 1708
2446 2444 2444
2448 1550 1552
2450 2448 1203
2452 2451 2451
2454 2452 2452
2456 1271 1271
2458 2456 2456
2460 2458 2458
2462 2460 2460
2464 2462 2462
2466 2455 2465
2468 2454 2454
2470 2463 2469
2472 2467 2471
2474 2472 2472
2476 2474 2474
2510 2447 2477
2512 2505 2510
2514 2509 2512
2516 2515 2515
2518 2516 2516
2520 1477 1477
2522 2520 2520
2524 2447 2523
2526 2525 2525
2528 2526 2526
2530 2528 2528
2532 2519 2531
2534 2518 2518
2536 2529 2535
2538 2533 2537
2540 1544 2539
2542 1715 2523
2544 1536 2543
2546 2544 2544
2548 2546 2546
2560 2500 2500
2562 2560 2560
2574 2477 2563
2576 2509 2574
2578 1715 2576
2564 1525 1697
2566 2565 2565
2568 2566 2566
2570 2477 2563
2572 2569 2570
2550 1550 1552
2552 1515 2551
2554 2553 2553
2556 1519 1697
2558 2477 2556
2580 2555 2559
2582 2573 2580
2584 2579 2582
2586 2584 2584
2588 2586 2586
2590 2588 2588
2592 2549 2591
2594 2548 2548
2596 2589 2595
2598 2593 2597
2600 2598 2598
2602 2540 2601
2604 2541 2541
2606 2599 2605
2608 2603 2607
2414 59 95
2610 2415 79
2612 2609 2610
2394 7 7
2396 2394 2394
2398 2396 2396
2400 2398 2398
2372 1148 1148
2374 2372 2372
2376 11 11
2378 2376 2376
2380 2378 2378
2382 2375 2381
2384 2374 2374
2386 2379 2385
2388 2383 2387
2390 3 3
2392 2390 2390
2402 2389 2393
2404 2401 2402
2406 15 15
2408 2406 2406
2410 2409 2399
2412 2405 2411
2416 2414 2414
2418 2413 2417
2420 666 666
2422 2420 2420
2424 29 29
2426 2424 2424
2428 2426 2426
2430 2423 2429
2432 2422 2422
2434 2427 2433
2436 2431 2435
2438 163 2437
2440 78 78
2442 2438 2441
2614 2419 2443
2616 2613 2614
2618 2419 2443
2620 2613 2618
2622 2621 2621
2624 2617 2623
2968 2093 2101
2970 357 2968
2962 2092 2092
2964 235 2963
2966 2100 2100
2972 2965 2966
2974 2971 2972
2976 2037 2069
2978 2975 2976
2862 1902 1902
2864 2234 2863
2858 1892 1892
2860 1028 2859
2854 1882 1882
2856 1178 2855
2850 1870 1870
2852 45 2851
2846 1852 1852
2848 113 2847
2842 1842 1842
2844 121 2843
2834 1816 1816
2836 2240 2835
2838 1830 1830
2840 129 2839
2866 2837 2841
2868 2845 2866
2870 2849 2868
2872 2853 2870
2874 2857 2872
2876 2861 2874
2878 2865 2876
2880 1928 1928
2882 2878 2881
2912 2002 2002
2914 1968 2913
2908 1992 1992
2910 946 2909
2904 1982 1982
2906 844 2905
2900 1972 1972
2902 738 2901
2896 1962 1962
2898 163 2897
2892 1954 1954
2894 153 2893
2884 1938 1938
2886 1978 2885
2888 1946 1946
2890 147 2889
2916 2887 2891
2918 2895 2916
2920 2899 2918
2922 2903 2920
2924 2907 2922
2926 2911 2924
2928 2915 2926
2930 2928 1929
2932 2883 2931
2934 2036 2036
2936 2933 2935
2660 2142 551
2938 2661 2661
2940 2938 2938
2666 663 663
2668 2666 2666
2942 2668 2668
2944 2942 2942
2946 2944 2944
2948 2941 2947
2950 2940 2940
2952 2945 2951
2954 2949 2953
2956 2954 2954
2958 2068 2068
2960 2957 2959
2980 2937 2961
2982 2979 2980
2984 1782 1791
2986 2982 2984
2626 1558 719
2628 2627 2627
2630 2628 2628
2632 797 797
2634 2632 2632
2636 2634 2634
2638 2636 2636
2640 2638 2638
2642 2631 2641
2644 2630 2630
2646 2639 2645
2648 2643 2647
2650 1587 1611
2652 2649 2650
2654 1544 2652
2656 2655 2655
2658 2656 2656
2662 2661 2661
2664 2662 2662
2670 2668 2668
2672 2670 2670
2674 2672 2672
2676 2665 2675
2678 2664 2664
2680 2673 2679
2682 2677 2681
2690 2649 1611
2692 1625 2690
2684 1485 1697
2686 2685 2685
2688 2649 1618
2694 2687 2689
2696 2693 2694
2698 2696 2696
2700 2683 2699
2702 2682 2682
2704 2697 2703
2706 2701 2705
2708 2706 2706
2710 2708 2708
2712 2710 2710
2714 2659 2713
2716 2658 2658
2718 2711 2717
2720 2715 2719
2722 1783 1783
2724 2721 2723
2726 2655 2655
2728 2726 2726
2730 2706 2706
2732 2730 2730
2734 2732 2732
2736 2729 2735
2738 2728 2728
2740 2733 2739
2742 2737 2741
2744 2742 2742
2746 1721 1724
2748 2747 2747
2750 2748 2748
2752 2744 2750
2754 1544 1583
2756 2755 2755
2758 2756 2756
2760 1610 1610
2762 2760 2760
2764 1621 1621
2766 2764 2764
2768 2766 2766
2770 2763 2769
2772 2762 2762
2774 2767 2773
2776 2771 2775
2778 2776 2776
2780 2778 2778
2782 2780 2780
2784 2759 2783
2786 2758 2758
2788 2781 2787
2790 2785 2789
2792 1544 1612
2794 2648 2648
2796 2794 2794
2798 1628 1628
2800 2798 2798
2802 2800 2800
2804 2797 2803
2806 2796 2796
2808 2801 2807
2810 2805 2809
2812 2810 2810
2814 2792 2813
2816 2793 2793
2818 2811 2817
2820 2815 2819
2822 2791 2821
2824 2721 2822
2826 2751 2824
2828 2753 2827
2830 1790 1790
2832 2829 2831
2988 2725 2833
2990 2987 2988
2992 2725 2833
2994 2987 2992
2996 2995 2995
2998 2991 2997
3222 2093 2101
3224 35 3222
3172 260 260
3174 3172 3172
3176 282 282
3178 3176 3176
3180 3178 3178
3182 3175 3181
3184 3174 3174
3186 3179 3185
3188 3183 3187
3190 3188 3188
3192 2074 2074
3194 3192 3192
3196 3194 3194
3198 3191 3197
3200 2409 2393
3202 1744 3201
3204 2395 3202
3206 10 3204
3208 3206 3195
3210 3199 3209
3212 2092 2092
3214 3210 3213
3216 333 1742
3218 2100 2100
3220 3217 3219
3226 3215 3221
3228 3225 3226
3230 2037 2069
3232 3229 3230
3072 1902 1902
3074 1178 3073
3068 1892 1892
3070 45 3069
3064 1882 1882
3066 113 3065
3060 1870 1870
3062 121 3061
3056 1852 1852
3058 129 3057
3052 1842 1842
3054 141 3053
3044 1816 1816
3046 1028 3045
3048 1830 1830
3050 147 3049
3076 3047 3051
3078 3055 3076
3080 3059 3078
3082 3063 3080
3084 3067 3082
3086 3071 3084
3088 3075 3086
3090 1928 1928
3092 3088 3091
3122 2002 2002
3124 1988 3123
3118 1992 1992
3120 1978 3119
3114 1982 1982
3116 1968 3115
3110 1972 1972
3112 946 3111
3106 1962 1962
3108 844 3107
3102 1954 1954
3104 738 3103
3094 1938 1938
3096 1998 3095
3098 1946 1946
3100 163 3099
3126 3097 3101
3128 3105 3126
3130 3109 3128
3132 3113 3130
3134 3117 3132
3136 3121 3134
3138 3125 3136
3140 3138 1929
3142 3093 3141
3144 2036 2036
3146 3143 3145
3148 1589 1589
3150 3148 3148
3152 1596 1596
3154 3152 3152
3156 3154 3154
3158 3151 3157
3160 3150 3150
3162 3155 3161
3164 3159 3163
3166 3164 3164
3168 2068 2068
3170 3167 3169
3234 3147 3171
3236 3233 3234
3238 1782 1791
3240 3236 3238
3000 1783 1783
3002 2791 3001
3004 2750 2750
3006 3004 3004
3008 2755 2755
3010 3008 3008
3012 2776 2776
3014 3012 3012
3016 3014 3014
3018 3011 3017
3020 3010 3010
3022 3015 3021
3024 3019 3023
3026 3024 3024
3028 3026 3026
3030 3007 3029
3032 3006 3006
3034 3027 3033
3036 3031 3035
3038 3036 3036
3040 1790 1790
3042 3039 3041
3242 3003 3043
3244 3241 3242
3246 3003 3043
3248 3241 3246
3250 3249 3249
3252 3245 3251
3412 2093 2101
3414 31 3412
3406 2092 2092
3408 381 3407
3410 2100 2100
3416 3409 3410
3418 3415 3416
3420 2037 2069
3422 3419 3420
3306 1902 1902
3308 1028 3307
3302 1892 1892
3304 1178 3303
3298 1882 1882
3300 45 3299
3294 1870 1870
3296 113 3295
3290 1852 1852
3292 121 3291
3286 1842 1842
3288 129 3287
3278 1816 1816
3280 2234 3279
3282 1830 1830
3284 141 3283
3310 3281 3285
3312 3289 3310
3314 3293 3312
3316 3297 3314
3318 3301 3316
3320 3305 3318
3322 3309 3320
3324 1928 1928
3326 3322 3325
3356 2002 2002
3358 1978 3357
3352 1992 1992
3354 1968 3353
3348 1982 1982
3350 946 3349
3344 1972 1972
3346 844 3345
3340 1962 1962
3342 738 3341
3336 1954 1954
3338 163 3337
3328 1938 1938
3330 1988 3329
3332 1946 1946
3334 153 3333
3360 3331 3335
3362 3339 3360
3364 3343 3362
3366 3347 3364
3368 3351 3366
3370 3355 3368
3372 3359 3370
3374 3372 1929
3376 3327 3375
3378 2036 2036
3380 3377 3379
3382 2627 2627
3384 3382 3382
3386 2634 2634
3388 3386 3386
3390 3388 3388
3392 3385 3391
3394 3384 3384
3396 3389 3395
3398 3393 3397
3400 3398 3398
3402 2068 2068
3404 3401 3403
3424 3381 3405
3426 3423 3424
3428 1782 1791
3430 3426 3428
3254 1783 1783
3256 2821 3255
3258 2791 2746
3260 2820 2820
3262 3260 3260
3264 3262 3262
3266 3258 3265
3268 3259 3259
3270 3263 3269
3272 3267 3271
3274 1790 1790
3276 3273 3275
3432 3257 3277
3434 3431 3432
3436 3257 3277
3438 3431 3436
3440 3439 3439
3442 3435 3441
3696 2317 2343
3698 47 3696
3596 1902 1902
3598 3594 3597
3590 1892 1892
3592 2208 3591
3586 1882 1882
3588 2240 3587
3582 1870 1870
3584 2234 3583
3578 1852 1852
3580 1028 3579
3574 1842 1842
3576 1178 3575
3566 1816 1816
3568 3564 3567
3570 1830 1830
3572 45 3571
3600 3569 3573
3602 3577 3600
3604 3581 3602
3606 3585 3604
3608 3589 3606
3610 3593 3608
3612 3599 3610
3614 1928 1928
3616 3612 3615
3646 2002 2002
3648 738 3647
3642 1992 1992
3644 163 3643
3638 1982 1982
3640 153 3639
3634 1972 1972
3636 147 3635
3630 1962 1962
3632 141 3631
3626 1954 1954
3628 129 3627
3618 1938 1938
3620 844 3619
3622 1946 1946
3624 121 3623
3650 3621 3625
3652 3629 3650
3654 3633 3652
3656 3637 3654
3658 3641 3656
3660 3645 3658
3662 3649 3660
3664 3662 1929
3666 3617 3665
3668 2316 2316
3670 3667 3669
3672 2451 2451
3674 3672 3672
3676 2458 2458
3678 3676 3676
3680 3678 3678
3682 3675 3681
3684 3674 3674
3686 3679 3685
3688 3683 3687
3690 3688 3688
3692 2342 2342
3694 3691 3693
3700 3671 3695
3702 3699 3700
3704 1782 1791
3706 3702 3704
3444 2447 2509
3446 2505 3444
3448 1544 3446
3450 2472 2472
3452 3450 3450
3458 2505 2509
3460 1715 3458
3454 2557 2557
3456 2505 2569
3462 3455 3457
3464 3461 3462
3466 3464 3464
3468 3453 3467
3470 3452 3452
3472 3465 3471
3474 3469 3473
3476 3474 3474
3478 3448 3477
3480 3449 3449
3482 3475 3481
3484 3479 3483
3486 1783 1783
3488 3485 3487
3490 2447 2171
3492 1544 3490
3494 3493 3493
3496 3494 3494
3498 2504 2504
3500 3498 3498
3502 1715 2171
3504 2565 3503
3506 3504 3504
3508 3501 3507
3510 3500 3500
3512 3505 3511
3514 3509 3513
3516 3514 3514
3518 3516 3516
3520 3518 3518
3522 3497 3521
3524 3496 3496
3526 3519 3525
3528 3523 3527
3530 2544 2544
3532 3530 3530
3534 3532 3532
3536 1544 2524
3538 3535 3536
3540 2545 3533
3542 3539 3541
3544 3529 3542
3546 3484 3484
3548 3546 3546
3550 3548 3548
3552 3544 3551
3554 3545 3545
3556 3549 3555
3558 3553 3557
3560 1790 1790
3562 3559 3561
3708 3489 3563
3710 3707 3708
3712 3711 3711
3956 2317 2343
3958 2395 3956
3862 2065 1647
3914 1925 1647
3920 3863 3915
3922 2395 3920
3844 1902 1902
3846 3564 3845
3840 1892 1892
3842 3594 3841
3836 1882 1882
3838 2208 3837
3832 1870 1870
3834 2240 3833
3828 1852 1852
3830 2234 3829
3824 1842 1842
3826 1028 3825
3816 1816 1816
3818 3814 3817
3820 1830 1830
3822 1178 3821
3848 3819 3823
3850 3827 3848
3852 3831 3850
3854 3835 3852
3856 3839 3854
3858 3843 3856
3860 3847 3858
3864 3862 3862
3866 3860 3865
3896 2002 2002
3898 163 3897
3892 1992 1992
3894 153 3893
3888 1982 1982
3890 147 3889
3884 1972 1972
3886 141 3885
3880 1962 1962
3882 129 3881
3876 1954 1954
3878 121 3877
3868 1938 1938
3870 738 3869
3872 1946 1946
3874 113 3873
3900 3871 3875
3902 3879 3900
3904 3883 3902
3906 3887 3904
3908 3891 3906
3910 3895 3908
3912 3899 3910
3916 3914 3914
3918 3912 3917
3924 3867 3919
3926 3923 3924
3928 2316 2316
3930 3927 3929
3720 2448 1057
3932 3721 3721
3934 3932 3932
3726 1145 1145
3728 3726 3726
3936 3728 3728
3938 3936 3936
3940 3938 3938
3942 3935 3941
3944 3934 3934
3946 3939 3945
3948 3943 3947
3950 3948 3948
3952 2342 2342
3954 3951 3953
3960 3931 3955
3962 3959 3960
3964 1782 1791
3966 3962 3964
3714 1544 2514
3716 3715 3715
3718 3716 3716
3722 3721 3721
3724 3722 3722
3730 3728 3728
3732 3730 3730
3734 3732 3732
3736 3725 3735
3738 3724 3724
3740 3733 3739
3742 3737 3741
3744 2584 2584
3746 3744 3744
3748 3746 3746
3750 3743 3749
3752 3742 3742
3754 3747 3753
3756 3751 3755
3758 3756 3756
3760 3758 3758
3762 3760 3760
3764 3719 3763
3766 3718 3718
3768 3761 3767
3770 3765 3769
3772 1783 1783
3774 3771 3773
3776 3715 3715
3778 3776 3776
3780 3756 3756
3782 3780 3780
3784 3782 3782
3786 3779 3785
3788 3778 3778
3790 3783 3789
3792 3787 3791
3794 3792 3792
3796 3543 3543
3798 3796 3796
3800 3794 3798
3802 3529 3485
3804 3771 3802
3806 3799 3804
3808 3801 3807
3810 1790 1790
3812 3809 3811
3968 3775 3813
3970 3967 3968
3972 3971 3971
4146 2317 2343
4148 49 4146
4046 1902 1902
4048 2208 4047
4042 1892 1892
4044 2240 4043
4038 1882 1882
4040 2234 4039
4034 1870 1870
4036 1028 4035
4030 1852 1852
4032 1178 4031
4026 1842 1842
4028 45 4027
4018 1816 1816
4020 3594 4019
4022 1830 1830
4024 113 4023
4050 4021 4025
4052 4029 4050
4054 4033 4052
4056 4037 4054
4058 4041 4056
4060 4045 4058
4062 4049 4060
4064 1928 1928
4066 4062 4065
4096 2002 2002
4098 844 4097
4092 1992 1992
4094 738 4093
4088 1982 1982
4090 163 4089
4084 1972 1972
4086 153 4085
4080 1962 1962
4082 147 4081
4076 1954 1954
4078 141 4077
4068 1938 1938
4070 946 4069
4072 1946 1946
4074 129 4073
4100 4071 4075
4102 4079 4100
4104 4083 4102
4106 4087 4104
4108 4091 4106
4110 4095 4108
4112 4099 4110
4114 4112 1929
4116 4067 4115
4118 2316 2316
4120 4117 4119
4122 2479 2479
4124 4122 4122
4126 2486 2486
4128 4126 4126
4130 4128 4128
4132 4125 4131
4134 4124 4124
4136 4129 4135
4138 4133 4137
4140 4138 4138
4142 2342 2342
4144 4141 4143
4150 4121 4145
4152 4149 4150
4154 1782 1791
4156 4152 4154
3974 1783 1783
3976 3529 3975
3978 3798 3798
3980 3978 3978
3982 3493 3493
3984 3982 3982
3986 3514 3514
3988 3986 3986
3990 3988 3988
3992 3985 3991
3994 3984 3984
3996 3989 3995
3998 3993 3997
4000 3998 3998
4002 4000 4000
4004 3981 4003
4006 3980 3980
4008 4001 4007
4010 4005 4009
4012 4010 4010
4014 1790 1790
4016 4013 4015
4158 3977 4017
4160 4157 4158
4162 3977 4017
4164 4157 4162
4166 4165 4165
4168 4161 4167
4170 2132 3248
4172 3438 4170
4174 2994 4172
4180 3775 3813
4182 3967 4180
4176 3489 3563
4178 3707 4176
4184 2366 4164
4186 4178 4184
4188 4182 4186
4190 4174 4188
4192 4191 4191
4194 1553 1553
4196 1555 1555
4198 4196 4196
4200 4194 4198
4202 4178 4182
4204 4200 4202
4206 4174 4188
4208 4205 4207
4210 1552 4208
4212 4211 4211
4214 2990 2990
4216 4214 4214
4218 3434 3434
4220 4218 4218
4222 4220 4220
4224 4217 4223
4226 4216 4216
4228 4221 4227
4230 4225 4229
4232 4230 4230
4234 4232 4232
4236 3244 3244
4238 4236 4236
4240 2128 2128
4242 4240 4240
4244 4242 4242
4246 4239 4245
4248 4238 4238
4250 4243 4249
4252 4247 4251
4254 4252 4252
4256 4254 4254
4258 4256 4256
4260 4235 4259
4262 4234 4234
4264 4257 4263
4266 4261 4265
4268 4266 4266
4270 4268 4268
4272 4270 4270
4320 4201 4201
4322 4320 4320
4326 4323 4324
4274 4160 4160
4276 4274 4274
4358 4276 4276
4360 4358 4358
4362 2362 2362
4364 4362 4362
4366 4364 4364
4368 4361 4367
4370 4360 4360
4372 4365 4371
4374 4369 4373
4376 4374 4374
4296 4194 4198
4298 3711 4297
4332 4299 4299
4334 4332 4332
4304 4297 3971
4336 4305 4305
4338 4336 4336
4340 4338 4338
4342 4335 4341
4344 4334 4334
4346 4339 4345
4348 4343 4347
4350 4348 4348
4382 4377 4351
4384 4326 4382
4352 4323 4324
4300 4299 4299
4302 4300 4300
4306 4305 4305
4308 4306 4306
4310 4308 4308
4312 4303 4311
4314 4302 4302
4316 4309 4315
4318 4313 4317
4378 4377 4319
4380 4353 4378
4278 4276 4276
4280 4278 4278
4282 2362 2362
4284 4282 4282
4286 4284 4284
4288 4281 4287
4290 4280 4280
4292 4285 4291
4294 4289 4293
4328 4295 4319
4330 4326 4328
4354 4295 4351
4356 4353 4354
4386 4331 4357
4388 4381 4386
4390 4385 4388
4392 4390 4390
4394 4392 4392
4396 4394 4394
4398 4273 4397
4400 4272 4272
4402 4395 4401
4404 4399 4403
4406 4268 4268
4408 4406 4406
4410 4390 4390
4412 4410 4410
4414 4412 4412
4416 4409 4415
4418 4408 4408
4420 4413 4419
4422 4417 4421
4424 4405 4423
4426 3970 3970
4428 4426 4426
4430 3710 3710
4432 4430 4430
4434 4432 4432
4436 4429 4435
4438 4428 4428
4440 4433 4439
4442 4437 4441
4444 4294 4294
4446 4444 4444
4448 4446 4446
4450 4443 4449
4452 4442 4442
4454 4447 4453
4456 4451 4455
4458 4456 4456
4460 4458 4458
4462 4230 4230
4464 4462 4462
4466 4252 4252
4468 4466 4466
4470 4468 4468
4472 4465 4471
4474 4464 4464
4476 4469 4475
4478 4473 4477
4480 4478 4478
4482 4480 4480
4484 4482 4482
4486 4461 4485
4488 4460 4460
4490 4483 4489
4492 4487 4491
4494 4456 4456
4496 4494 4494
4498 4478 4478
4500 4498 4498
4502 4500 4500
4504 4497 4503
4506 4496 4496
4508 4501 4507
4510 4505 4509
4512 4493 4511
c
AAG output by CYT.
