aag 342 36 0 7 306
6
304
128
278
372
40
396
42
48
222
32
362
34
230
24
352
26
238
50
16
342
18
246
8
332
10
254
2
322
72
262
4
212
314
92
270
211
303
455
685
517
615
669
52 51 51
54 49 52
44 43 43
46 41 44
36 35 35
38 33 36
28 27 27
30 25 28
20 19 19
22 17 20
12 11 11
14 9 12
130 129 129
74 73 73
94 93 93
180 75 95
182 131 180
184 15 182
186 23 184
188 31 186
190 39 188
192 47 190
194 55 192
164 2 95
166 131 164
168 15 166
170 23 168
172 31 170
174 39 172
176 47 174
178 55 176
148 75 4
150 131 148
152 15 150
154 23 152
156 31 154
158 39 156
160 47 158
162 55 160
132 2 4
134 131 132
136 15 134
138 23 136
140 31 138
142 39 140
144 47 142
146 55 144
112 75 95
114 6 112
116 15 114
118 23 116
120 31 118
122 39 120
124 47 122
126 55 124
96 2 95
98 6 96
100 15 98
102 23 100
104 31 102
106 39 104
108 47 106
110 55 108
56 2 4
58 6 56
60 15 58
62 23 60
64 31 62
66 39 64
68 47 66
70 55 68
76 75 4
78 6 76
80 15 78
82 23 80
84 31 82
86 39 84
88 47 86
90 55 88
196 71 91
198 111 196
200 127 198
202 147 200
204 163 202
206 179 204
208 195 206
210 208 208
214 208 208
280 6 215
282 130 281
284 279 282
272 4 215
274 94 273
276 271 274
264 2 215
266 74 265
268 263 266
256 15 215
258 12 255
260 257 258
248 23 215
250 20 247
252 249 250
240 31 215
242 28 239
244 241 242
232 39 215
234 36 231
236 233 234
216 55 215
218 52 213
220 217 218
224 47 215
226 44 223
228 225 226
286 221 229
288 237 286
290 245 288
292 253 290
294 261 292
296 269 294
298 277 296
300 285 298
302 301 301
306 301 301
374 285 307
376 373 282
378 375 376
364 229 307
366 44 363
368 225 366
370 365 368
354 237 307
356 36 353
358 233 356
360 355 358
344 245 307
346 28 343
348 241 346
350 345 348
334 253 307
336 20 333
338 249 336
340 335 338
324 261 307
326 12 323
328 257 326
330 325 328
316 269 307
318 315 266
320 317 318
308 277 307
310 305 274
312 309 310
430 221 307
432 313 430
434 321 432
436 331 434
438 341 436
440 351 438
442 361 440
444 371 442
446 379 444
414 313 321
416 331 414
418 341 416
420 351 418
422 361 420
424 371 422
426 379 424
428 216 426
380 53 313
382 321 380
384 331 382
386 341 384
388 351 386
390 361 388
392 371 390
394 379 392
398 396 313
400 321 398
402 331 400
404 341 402
406 351 404
408 361 406
410 371 408
412 379 410
448 395 413
450 429 448
452 447 450
454 452 452
626 274 274
460 452 452
492 352 461
490 230 307
488 32 215
494 36 489
496 491 494
498 493 496
604 314 461
602 262 307
606 266 603
608 605 606
652 300 453
654 609 652
656 499 654
658 627 656
622 271 271
644 623 453
646 609 644
648 499 646
650 627 648
624 305 305
636 625 300
638 609 636
640 499 638
642 627 640
628 623 625
630 609 628
632 499 630
634 627 632
504 362 461
502 222 307
500 40 215
506 44 501
508 503 506
510 505 508
468 332 461
466 246 307
464 16 215
470 20 465
472 467 470
474 469 472
480 342 461
478 238 307
476 24 215
482 28 477
484 479 482
486 481 484
512 475 487
514 499 512
516 511 514
518 516 516
578 10 519
580 209 578
582 300 580
584 453 582
540 255 255
570 10 541
572 519 570
574 209 572
576 453 574
530 323 323
562 10 531
564 519 562
566 209 564
568 300 566
554 10 541
556 531 554
558 519 556
560 209 558
532 14 14
548 519 533
550 300 548
552 453 550
542 541 519
544 533 542
546 453 544
534 531 519
536 533 534
538 300 536
522 510 510
524 255 323
526 516 524
528 14 526
586 522 529
588 539 586
590 547 588
592 553 590
594 561 592
596 569 594
598 577 596
600 585 598
618 486 486
620 619 499
660 600 621
662 635 660
664 643 662
666 651 664
668 659 666
670 668 668
610 516 608
520 498 498
612 520 600
614 611 612
616 614 614
672 519 617
674 671 672
676 283 674
678 51 677
462 396 461
456 48 215
458 212 307
680 457 459
682 463 680
684 679 682
c
AAG output by CYT.
