aag 495 41 0 32 454
104
226
342
286
654
608
562
468
2
124
318
262
18
140
320
264
66
70
80
82
304
34
38
48
50
188
192
202
204
156
160
248
170
172
6
128
308
252
16
138
106
685
693
701
709
725
733
741
749
765
773
781
789
801
809
817
825
859
867
875
883
895
903
911
919
931
939
947
955
967
975
983
991
4 3 3
8 5 6
10 7 7
12 2 11
14 9 13
20 17 19
22 16 18
24 21 23
26 14 24
28 15 25
30 27 29
32 30 30
36 35 35
40 37 38
42 39 39
44 34 43
46 41 45
52 49 51
54 48 50
56 53 55
58 46 56
60 47 57
62 59 61
64 62 62
68 67 67
72 69 70
74 71 71
76 66 75
78 73 77
84 81 83
86 80 82
88 85 87
90 78 88
92 79 89
94 91 93
96 65 95
98 94 94
100 63 99
102 97 101
108 104 106
110 102 108
112 103 109
114 111 113
116 33 115
118 114 114
120 31 119
122 117 121
582 75 38
584 70 43
586 583 585
588 193 161
590 192 160
592 589 591
594 586 592
596 587 593
598 595 597
600 598 598
418 19 19
420 419 140
422 141 141
424 18 423
426 421 425
428 321 265
430 320 264
432 429 431
434 426 432
436 427 433
438 435 437
440 438 438
512 17 17
514 513 138
516 139 139
518 16 517
520 515 519
522 319 263
524 318 262
526 523 525
528 520 526
530 521 527
532 529 531
602 441 533
534 532 532
604 439 535
606 603 605
610 608 106
612 606 610
614 607 611
616 613 615
618 601 617
620 616 616
622 599 621
624 619 623
626 624 624
628 69 34
630 66 37
632 629 631
634 189 157
636 188 156
638 635 637
640 632 638
642 633 639
644 641 643
646 644 644
442 11 128
132 129 129
444 6 133
446 443 445
448 309 253
450 308 252
452 449 451
454 446 452
456 447 453
458 455 457
462 458 458
536 5 124
126 125 125
538 2 127
540 537 539
542 305 249
544 304 248
546 543 545
548 540 546
550 541 547
552 549 551
648 463 553
556 552 552
650 459 557
652 649 651
656 654 106
658 652 656
660 653 657
662 659 661
664 647 663
666 662 662
668 645 667
670 665 669
672 627 671
130 127 128
134 124 133
136 131 135
142 139 141
144 138 140
146 143 145
148 136 146
150 137 147
152 149 151
154 152 152
158 157 157
162 159 160
164 161 161
166 156 165
168 163 167
174 171 173
176 170 172
178 175 177
180 168 178
182 169 179
184 181 183
186 184 184
190 189 189
194 191 192
196 193 193
198 188 197
200 195 199
206 203 205
208 202 204
210 207 209
212 200 210
214 201 211
216 213 215
218 187 217
220 216 216
222 185 221
224 219 223
228 226 106
230 224 228
232 225 229
234 231 233
236 155 235
238 234 234
240 153 239
242 237 241
244 242 242
382 245 123
250 249 249
254 251 252
256 253 253
258 248 257
260 255 259
266 263 265
268 262 264
270 267 269
272 260 270
274 261 271
276 273 275
278 276 276
280 187 63
282 185 65
284 281 283
288 286 106
290 284 288
292 285 289
294 291 293
296 279 295
298 294 294
300 277 299
302 297 301
368 302 302
306 305 305
310 307 308
312 309 309
314 304 313
316 311 315
322 319 321
324 318 320
326 323 325
328 316 326
330 317 327
332 329 331
334 332 332
336 221 95
338 217 99
340 337 339
344 342 106
346 340 344
348 341 345
350 347 349
352 335 351
354 350 350
356 333 355
358 353 357
360 358 358
384 369 361
386 382 384
246 122 122
376 243 247
378 369 361
380 376 378
362 303 361
364 245 247
366 362 364
370 369 359
372 245 247
374 370 372
388 367 375
390 381 388
392 387 390
394 83 83
396 395 50
398 51 51
400 82 399
402 397 401
404 205 173
406 204 172
408 405 407
410 402 408
412 403 409
414 411 413
416 414 414
460 441 459
464 439 463
466 461 465
470 468 106
472 466 470
474 467 471
476 473 475
478 417 477
480 476 476
482 415 481
484 479 483
486 484 484
488 81 81
490 489 48
492 49 49
494 80 493
496 491 495
498 203 171
500 202 170
502 499 501
504 496 502
506 497 503
508 505 507
510 508 508
554 535 553
558 533 557
560 555 559
564 562 106
566 560 564
568 561 565
570 567 569
572 511 571
574 570 570
576 509 575
578 573 577
580 487 579
674 393 580
676 672 674
678 123 676
680 3 678
682 2 679
684 681 683
686 243 676
688 125 686
690 124 687
692 689 691
694 359 676
696 305 694
698 304 695
700 697 699
702 303 676
704 249 702
706 248 703
708 705 707
710 578 578
712 485 711
714 393 712
716 672 714
718 123 716
720 7 718
722 6 719
724 721 723
726 243 716
728 129 726
730 128 727
732 729 731
734 359 716
736 309 734
738 308 735
740 737 739
742 303 716
744 253 742
746 252 743
748 745 747
750 670 670
752 625 751
754 393 580
756 752 754
758 123 756
760 17 758
762 16 759
764 761 763
766 243 756
768 139 766
770 138 767
772 769 771
774 359 756
776 319 774
778 318 775
780 777 779
782 303 756
784 263 782
786 262 783
788 785 787
790 393 712
792 752 790
794 123 792
796 19 794
798 18 795
800 797 799
802 243 792
804 141 802
806 140 803
808 805 807
810 359 792
812 321 810
814 320 811
816 813 815
818 303 792
820 265 818
822 264 819
824 821 823
838 487 711
840 672 838
834 487 711
836 752 834
826 627 751
828 712 826
830 627 751
832 580 830
842 829 833
844 837 842
846 841 844
848 847 370
850 382 848
852 671 850
854 67 852
856 66 853
858 855 857
860 625 850
862 71 860
864 70 861
866 863 865
868 579 850
870 81 868
872 80 869
874 871 873
876 485 850
878 83 876
880 82 877
882 879 881
884 847 362
886 382 884
888 671 886
890 35 888
892 34 889
894 891 893
896 625 886
898 39 896
900 38 897
902 899 901
904 579 886
906 49 904
908 48 905
910 907 909
912 485 886
914 51 912
916 50 913
918 915 917
920 847 370
922 376 920
924 671 922
926 189 924
928 188 925
930 927 929
932 625 922
934 193 932
936 192 933
938 935 937
940 579 922
942 203 940
944 202 941
946 943 945
948 485 922
950 205 948
952 204 949
954 951 953
956 847 362
958 376 956
960 671 958
962 157 960
964 156 961
966 963 965
968 625 958
970 161 968
972 160 969
974 971 973
976 579 958
978 171 976
980 170 977
982 979 981
984 485 958
986 173 984
988 172 985
990 987 989
c
AAG output by CYT.
