aag 631 41 0 32 590
42
566
668
722
184
316
450
510
2
190
334
338
22
358
370
374
50
54
66
70
202
90
94
106
110
160
292
426
486
164
296
206
430
490
6
226
238
242
18
322
44
815
825
835
845
867
877
887
897
919
929
939
949
971
981
991
1001
1077
1087
1097
1107
1129
1139
1149
1159
1181
1191
1201
1211
1233
1243
1253
1263
4 3 3
8 5 6
10 7 7
12 2 11
14 9 13
16 14 14
20 19 19
24 21 22
26 23 23
28 18 27
30 25 29
32 17 31
34 30 30
36 15 35
38 33 37
40 38 38
46 42 44
48 47 47
52 51 51
56 53 54
58 55 55
60 50 59
62 57 61
64 62 62
68 67 67
72 69 70
74 71 71
76 66 75
78 73 77
80 65 79
82 78 78
84 63 83
86 81 85
88 86 86
92 91 91
96 93 94
98 95 95
100 90 99
102 97 101
104 102 102
108 107 107
112 109 110
114 111 111
116 106 115
118 113 117
120 105 119
122 118 118
124 103 123
126 121 125
128 89 127
130 126 126
132 87 131
134 129 133
136 49 135
138 134 134
140 46 139
142 137 141
144 41 143
146 142 142
148 39 147
150 145 149
210 207 207
698 211 242
246 243 243
700 206 247
702 699 701
704 702 702
342 339 339
706 343 374
378 375 375
708 338 379
710 707 709
712 705 711
714 710 710
716 703 715
718 713 717
720 718 718
724 722 44
726 725 725
168 165 165
596 169 296
300 297 297
598 164 301
600 597 599
602 600 600
434 431 431
604 435 490
494 491 491
606 430 495
608 605 607
610 603 609
612 608 608
614 601 613
616 611 615
728 131 617
620 616 616
730 127 621
732 729 731
734 727 733
736 732 732
738 724 737
740 735 739
742 721 741
744 740 740
746 719 745
748 743 747
784 748 748
204 203 203
644 205 238
240 239 239
646 202 241
648 645 647
650 648 648
336 335 335
652 337 370
372 371 371
654 334 373
656 653 655
658 651 657
660 656 656
662 649 661
664 659 663
666 664 664
670 668 44
672 671 671
162 161 161
572 163 292
294 293 293
574 160 295
576 573 575
578 576 576
428 427 427
580 429 486
488 487 487
582 426 489
584 581 583
586 579 585
588 584 584
590 577 589
592 587 591
674 89 593
594 592 592
676 87 595
678 675 677
680 673 679
682 678 678
684 670 683
686 681 685
688 667 687
690 686 686
692 665 691
694 689 693
782 694 694
194 191 191
542 195 226
230 227 227
544 190 231
546 543 545
548 546 546
326 323 323
550 327 358
362 359 359
552 322 363
554 551 553
556 549 555
558 554 554
560 547 559
562 557 561
564 562 562
568 566 44
570 569 569
618 595 617
622 593 621
624 619 623
626 571 625
628 624 624
630 568 629
632 627 631
634 565 633
636 632 632
638 563 637
640 635 639
780 640 640
786 151 781
788 783 786
790 785 788
772 748 748
770 694 694
768 150 150
774 769 641
776 771 774
778 773 776
696 694 694
540 150 150
642 640 640
750 541 643
752 697 750
754 749 752
760 748 748
756 150 150
758 640 640
762 757 759
764 695 762
766 761 764
792 755 767
794 779 792
796 791 794
478 75 110
480 70 115
482 479 481
484 482 482
492 489 490
496 486 495
498 493 497
500 485 499
502 498 498
504 483 503
506 501 505
508 506 506
512 510 44
514 513 513
228 11 226
232 6 231
234 229 233
236 234 234
244 241 242
248 238 247
250 245 249
252 237 251
254 250 250
256 235 255
258 253 257
262 258 258
360 27 358
364 22 363
366 361 365
368 366 366
376 373 374
380 370 379
382 377 381
384 369 383
386 382 382
388 367 387
390 385 389
516 263 391
394 390 390
518 259 395
520 517 519
522 515 521
524 520 520
526 512 525
528 523 527
530 509 529
532 528 528
534 507 533
536 531 535
538 536 536
418 69 106
420 66 109
422 419 421
424 422 422
432 429 430
436 426 435
438 433 437
440 425 439
442 438 438
444 423 443
446 441 445
448 446 446
452 450 44
454 453 453
192 5 190
196 2 195
198 193 197
200 198 198
208 205 206
212 202 211
214 209 213
216 201 215
218 214 214
220 199 219
222 217 221
224 222 222
324 21 322
328 18 327
330 325 329
332 330 330
340 337 338
344 334 343
346 341 345
348 333 347
350 346 346
352 331 351
354 349 353
456 225 355
356 354 354
458 223 357
460 457 459
462 455 461
464 460 460
466 452 465
468 463 467
470 449 469
472 468 468
474 447 473
476 471 475
152 53 90
154 50 93
156 153 155
158 156 156
166 163 164
170 160 169
172 167 171
174 159 173
176 172 172
178 157 177
180 175 179
182 180 180
186 184 44
188 187 187
260 225 259
264 223 263
266 261 265
268 189 267
270 266 266
272 186 271
274 269 273
276 183 275
278 274 274
280 181 279
282 277 281
284 59 94
286 54 99
288 285 287
290 288 288
298 295 296
302 292 301
304 299 303
306 291 305
308 304 304
310 289 309
312 307 311
314 312 312
318 316 44
320 319 319
392 357 391
396 355 395
398 393 397
400 321 399
402 398 398
404 318 403
406 401 405
408 315 407
410 406 406
412 313 411
414 409 413
416 414 414
798 283 417
800 477 798
802 539 800
804 797 802
806 151 804
808 5 806
810 807 807
812 2 811
814 809 813
816 641 804
818 195 816
820 817 817
822 190 821
824 819 823
826 695 804
828 205 826
830 827 827
832 202 831
834 829 833
836 749 804
838 211 836
840 837 837
842 206 841
844 839 843
848 476 476
846 414 414
850 283 847
852 849 850
854 537 852
856 797 854
858 151 856
860 11 858
862 859 859
864 6 863
866 861 865
868 641 856
870 231 868
872 869 869
874 226 873
876 871 875
878 695 856
880 241 878
882 879 879
884 238 883
886 881 885
888 749 856
890 247 888
892 889 889
894 242 893
896 891 895
900 536 536
898 282 282
902 899 415
904 477 902
906 901 904
908 797 906
910 151 908
912 21 910
914 911 911
916 18 915
918 913 917
920 641 908
922 327 920
924 921 921
926 322 925
928 923 927
930 695 908
932 337 930
934 931 931
936 334 935
938 933 937
940 749 908
942 343 940
944 941 941
946 338 945
948 943 947
952 476 476
950 282 282
954 951 415
956 953 954
958 537 956
960 797 958
962 151 960
964 27 962
966 963 963
968 22 967
970 965 969
972 641 960
974 363 972
976 973 973
978 358 977
980 975 979
982 695 960
984 373 982
986 983 983
988 370 987
990 985 989
992 749 960
994 379 992
996 993 993
998 374 997
1000 995 999
1046 536 536
1044 476 476
1042 414 414
1048 283 1043
1050 1045 1048
1052 1047 1050
1034 536 536
1032 476 476
1030 282 282
1036 1031 415
1038 1033 1036
1040 1035 1038
1010 476 476
1006 282 282
1008 414 414
1012 1007 1009
1014 1011 1012
1016 537 1014
1022 536 536
1018 282 282
1020 414 414
1024 1019 1021
1026 477 1024
1028 1023 1026
1054 1017 1029
1056 1041 1054
1058 1053 1056
1004 748 748
1002 640 640
1060 151 1003
1062 695 1060
1064 1005 1062
1066 1059 1064
1068 283 1066
1070 53 1068
1072 1069 1069
1074 50 1073
1076 1071 1075
1078 415 1066
1080 59 1078
1082 1079 1079
1084 54 1083
1086 1081 1085
1088 477 1066
1090 69 1088
1092 1089 1089
1094 66 1093
1096 1091 1095
1098 537 1066
1100 75 1098
1102 1099 1099
1104 70 1103
1106 1101 1105
1110 694 694
1108 640 640
1112 151 1109
1114 1111 1112
1116 749 1114
1118 1059 1116
1120 283 1118
1122 93 1120
1124 1121 1121
1126 90 1125
1128 1123 1127
1130 415 1118
1132 99 1130
1134 1131 1131
1136 94 1135
1138 1133 1137
1140 477 1118
1142 109 1140
1144 1141 1141
1146 106 1145
1148 1143 1147
1150 537 1118
1152 115 1150
1154 1151 1151
1156 110 1155
1158 1153 1157
1162 748 748
1160 150 150
1164 1161 641
1166 695 1164
1168 1163 1166
1170 1059 1168
1172 283 1170
1174 163 1172
1176 1173 1173
1178 160 1177
1180 1175 1179
1182 415 1170
1184 295 1182
1186 1183 1183
1188 292 1187
1190 1185 1189
1192 477 1170
1194 429 1192
1196 1193 1193
1198 426 1197
1200 1195 1199
1202 537 1170
1204 489 1202
1206 1203 1203
1208 486 1207
1210 1205 1209
1214 694 694
1212 150 150
1216 1213 641
1218 1215 1216
1220 749 1218
1222 1059 1220
1224 283 1222
1226 169 1224
1228 1225 1225
1230 164 1229
1232 1227 1231
1234 415 1222
1236 301 1234
1238 1235 1235
1240 296 1239
1242 1237 1241
1244 477 1222
1246 435 1244
1248 1245 1245
1250 430 1249
1252 1247 1251
1254 537 1222
1256 495 1254
1258 1255 1255
1260 490 1259
1262 1257 1261
c
AAG output by CYT.
