aag 3464 178 0 123 3286
72
4672
4678
4604
4598
2668
4438
4578
4538
4518
4418
2562
6756
2844
5824
4398
2956
4346
3090
3052
3008
2510
2800
2472
4332
4298
78
102
6822
152
2
54
4172
4166
6360
4144
4138
4116
4880
4852
4824
3746
3754
3794
3802
3920
4084
4796
6882
6888
3770
3776
4110
4874
4846
4818
3894
4078
4790
1016
1158
804
1132
5440
764
1106
724
314
1080
684
190
246
1300
390
58
356
262
374
402
970
284
1274
930
88
1248
890
1222
850
84
1196
2030
3348
8
136
460
1344
422
148
1384
364
14
1358
608
1484
1334
1070
46
210
556
24
504
528
538
514
498
50
656
28
1892
3868
4314
3172
4310
70
848
94
968
2542
4704
928
2652
2644
2856
2864
2428
2436
888
4300
722
3862
682
1014
802
4646
762
420
4652
362
606
594
2748
554
4558
502
2452
20
38
32
96
66
34
2674
6828
3940
3946
3914
3888
308
338
290
332
234
198
188
214
4698
6792
6812
7
13
19
23
27
31
36
41
43
45
49
53
56
61
63
65
69
77
82
93
101
111
119
127
135
145
147
155
157
165
169
173
177
185
187
209
223
233
245
282
306
330
354
680
1068
1332
1536
1666
1844
1983
2137
2205
2275
2343
2413
2483
2521
2573
2643
2685
2759
2811
2855
2893
2967
3019
3063
3101
3257
3413
3612
3744
3792
3840
3879
3905
3931
3957
3991
4013
4035
4057
4100
4128
4156
4184
4224
4248
4272
4296
4362
4371
4389
4409
4429
4449
4474
4529
4549
4569
4589
4615
4637
4663
4689
4715
4737
4759
4781
4808
4836
4864
4892
4916
4940
4964
4988
5837
6769
6839
6861
6903
6929
4 3 3
6 4 4
10 9 9
12 10 10
16 15 15
18 16 16
22 21 21
26 25 25
30 29 29
36 32 34
40 39 39
42 21 21
44 21 21
48 47 47
52 51 51
56 2 54
60 59 59
62 33 33
64 35 35
68 67 67
74 70 72
76 74 74
80 15 15
82 78 81
86 85 85
90 87 88
92 91 91
98 94 96
100 99 99
104 103 103
106 104 104
108 106 106
110 108 108
112 3 3
114 112 112
116 114 114
118 116 116
120 73 73
122 120 120
124 122 122
126 124 124
128 39 39
130 128 128
132 130 130
134 132 132
138 137 137
140 138 138
142 140 140
144 142 142
146 130 130
150 88 148
154 150 152
156 151 151
158 122 122
160 158 158
162 160 160
164 162 162
166 160 160
168 166 166
170 160 160
172 170 170
174 160 160
176 174 174
178 140 140
180 178 178
182 180 180
184 182 182
186 180 180
192 191 191
194 192 192
196 188 195
200 198 193
202 197 201
204 148 88
206 203 204
208 207 207
212 210 195
216 214 193
218 213 217
220 219 204
222 221 221
224 210 195
226 214 193
228 225 227
230 229 204
232 231 231
236 234 195
238 234 193
240 237 239
242 241 204
244 243 243
248 191 191
250 248 248
254 151 151
270 251 255
252 250 250
268 253 255
256 254 254
258 246 253
260 257 258
264 262 251
266 257 264
272 261 267
274 269 272
276 271 274
278 114 114
280 278 278
282 277 281
298 251 255
296 253 255
286 284 253
288 257 286
292 290 251
294 257 292
300 289 295
302 297 300
304 299 302
306 305 281
322 251 255
320 253 255
310 308 253
312 257 310
316 314 251
318 257 316
324 313 319
326 321 324
328 323 326
330 329 281
346 251 255
344 253 255
334 332 253
336 257 334
340 338 251
342 257 340
348 337 343
350 345 348
352 347 350
354 353 281
652 357 357
654 652 652
658 657 657
660 658 658
662 655 661
664 375 375
666 664 664
668 660 660
670 667 669
672 663 671
674 672 672
676 674 674
392 391 391
394 392 392
478 9 9
480 478 478
482 395 481
404 403 403
406 404 404
484 480 480
486 407 485
488 483 487
490 488 488
358 357 357
360 358 358
462 461 461
464 462 462
466 361 465
376 375 375
378 376 376
468 464 464
470 379 469
472 467 471
474 472 472
476 474 474
366 365 365
368 366 366
370 361 362
372 369 370
380 368 368
382 362 379
384 381 382
386 373 385
388 386 386
396 365 365
398 396 396
400 395 399
408 398 398
410 407 409
412 401 411
414 363 412
416 389 415
418 417 417
424 423 423
426 424 424
428 361 420
430 427 428
432 426 426
434 420 379
436 433 434
438 431 437
440 438 438
442 423 423
444 442 442
446 395 445
448 444 444
450 407 449
452 447 451
454 421 452
456 441 455
458 457 457
492 419 459
494 477 492
496 491 494
610 609 609
612 610 610
500 499 499
614 501 606
616 613 614
618 612 612
516 515 515
620 606 517
622 619 620
624 617 623
626 624 624
530 529 529
628 609 609
630 628 628
632 531 631
540 539 539
634 630 630
636 541 635
638 633 637
640 607 638
642 627 641
644 643 643
596 501 594
598 597 597
600 530 595
602 599 601
604 603 603
506 505 505
508 506 506
510 501 502
512 509 510
518 508 508
520 502 517
522 519 520
524 513 523
526 524 524
532 505 505
534 532 532
536 531 535
542 534 534
544 541 543
546 537 545
548 503 546
550 527 549
552 551 551
558 557 557
560 558 558
562 501 554
564 561 562
566 560 560
568 554 517
570 567 568
572 565 571
574 572 572
576 557 557
578 576 576
580 531 579
582 578 578
584 541 583
586 581 585
588 555 586
590 575 589
592 591 591
646 553 593
648 605 646
650 645 648
678 496 650
680 677 678
1018 1017 1017
1020 1018 1018
1022 1020 1020
1024 1022 1022
1026 655 1014
1028 1025 1026
1030 1024 1024
1032 1014 667
1034 1031 1032
1036 1029 1035
1038 1036 1036
1040 391 391
1042 1040 1040
1044 1020 1020
1046 1044 1044
1048 1043 1047
1050 403 403
1052 1050 1050
1054 1046 1046
1056 1053 1055
1058 1049 1057
1060 1015 1058
1062 1039 1061
1064 1063 1063
806 805 805
808 806 806
810 501 802
812 809 810
814 808 808
816 802 517
818 815 816
820 813 819
822 820 820
824 805 805
826 824 824
828 531 827
830 826 826
832 541 831
834 829 833
836 803 834
838 823 837
840 839 839
766 765 765
768 766 766
770 501 762
772 769 770
774 768 768
776 762 517
778 775 776
780 773 779
782 780 780
784 765 765
786 784 784
788 531 787
790 786 786
792 541 791
794 789 793
796 763 794
798 783 797
800 799 799
686 685 685
688 686 686
690 501 682
692 689 690
694 688 688
696 682 517
698 695 696
700 693 699
702 700 700
704 685 685
706 704 704
708 531 707
710 706 706
712 541 711
714 709 713
716 683 714
718 703 717
720 719 719
726 725 725
728 726 726
730 501 722
732 729 730
734 728 728
736 722 517
738 735 736
740 733 739
742 740 740
744 725 725
746 744 744
748 531 747
750 746 746
752 541 751
754 749 753
756 723 754
758 743 757
760 759 759
842 721 761
844 801 842
846 841 844
972 971 971
974 972 972
976 501 968
978 975 976
980 974 974
982 968 517
984 981 982
986 979 985
988 986 986
990 971 971
992 990 990
994 531 993
996 992 992
998 541 997
1000 995 999
1002 969 1000
1004 989 1003
1006 1005 1005
932 931 931
934 932 932
936 501 928
938 935 936
940 934 934
942 928 517
944 941 942
946 939 945
948 946 946
950 931 931
952 950 950
954 531 953
956 952 952
958 541 957
960 955 959
962 929 960
964 949 963
966 965 965
852 851 851
854 852 852
856 501 848
858 855 856
860 854 854
862 848 517
864 861 862
866 859 865
868 866 866
870 851 851
872 870 870
874 531 873
876 872 872
878 541 877
880 875 879
882 849 880
884 869 883
886 885 885
892 891 891
894 892 892
896 501 888
898 895 896
900 894 894
902 888 517
904 901 902
906 899 905
908 906 906
910 891 891
912 910 910
914 531 913
916 912 912
918 541 917
920 915 919
922 889 920
924 909 923
926 925 925
1008 887 927
1010 967 1008
1012 1007 1010
1066 846 1012
1068 1065 1066
1072 1071 1071
1074 1072 1072
1076 1074 1074
1156 1016 1077
1160 1158 1075
1162 1157 1161
1164 1162 1162
1166 1164 1164
1168 1015 1015
1170 1168 1168
1172 1170 1170
1174 1167 1173
1176 1166 1166
1178 1171 1177
1180 1175 1179
1130 804 1077
1134 1132 1075
1136 1131 1135
1138 1136 1136
1140 1138 1138
1142 803 803
1144 1142 1142
1146 1144 1144
1148 1141 1147
1150 1140 1140
1152 1145 1151
1154 1149 1153
1078 724 1077
1082 1080 1075
1084 1079 1083
1086 1084 1084
1088 1086 1086
1090 723 723
1092 1090 1090
1094 1092 1092
1096 1089 1095
1098 1088 1088
1100 1093 1099
1102 1097 1101
1104 764 1077
1108 1106 1075
1110 1105 1109
1112 1110 1110
1114 1112 1112
1116 763 763
1118 1116 1116
1120 1118 1118
1122 1115 1121
1124 1114 1114
1126 1119 1125
1128 1123 1127
1182 1103 1129
1184 1155 1182
1186 1181 1184
1298 684 1077
1302 1300 1075
1304 1299 1303
1306 1304 1304
1308 1306 1306
1310 683 683
1312 1310 1310
1314 1312 1312
1316 1309 1315
1318 1308 1308
1320 1313 1319
1322 1317 1321
1188 1071 1071
1190 1188 1188
1192 1190 1190
1272 970 1193
1276 1274 1191
1278 1273 1277
1280 1278 1278
1282 1280 1280
1284 969 969
1286 1284 1284
1288 1286 1286
1290 1283 1289
1292 1282 1282
1294 1287 1293
1296 1291 1295
1246 930 1193
1250 1248 1191
1252 1247 1251
1254 1252 1252
1256 1254 1254
1258 929 929
1260 1258 1258
1262 1260 1260
1264 1257 1263
1266 1256 1256
1268 1261 1267
1270 1265 1269
1194 850 1193
1198 1196 1191
1200 1195 1199
1202 1200 1200
1204 1202 1202
1206 849 849
1208 1206 1206
1210 1208 1208
1212 1205 1211
1214 1204 1204
1216 1209 1215
1218 1213 1217
1220 890 1193
1224 1222 1191
1226 1221 1225
1228 1226 1226
1230 1228 1228
1232 889 889
1234 1232 1232
1236 1234 1234
1238 1231 1237
1240 1230 1230
1242 1235 1241
1244 1239 1243
1324 1219 1245
1326 1271 1324
1328 1297 1326
1330 1323 1328
1332 1186 1330
1336 1335 1335
1338 1336 1336
1340 1338 1338
1404 8 1341
1406 136 1339
1408 1405 1407
1410 1408 1408
1378 421 421
1380 1378 1378
1382 422 1341
1386 1384 1339
1388 1383 1387
1390 1388 1388
1392 1390 1390
1394 1392 1392
1396 1381 1395
1398 1380 1380
1400 1393 1399
1402 1397 1401
1342 460 1341
1346 1344 1339
1348 1343 1347
1350 1348 1348
1352 363 363
1354 1352 1352
1356 364 1341
1360 1358 1339
1362 1357 1361
1364 1362 1362
1366 1364 1364
1368 1366 1366
1370 1355 1369
1372 1354 1354
1374 1367 1373
1376 1371 1375
1412 1351 1377
1414 1403 1412
1416 1411 1414
1504 503 503
1506 1504 1504
1422 1335 1335
1424 1422 1422
1426 1424 1424
1508 504 1427
1510 50 1425
1512 1509 1511
1514 1512 1512
1516 1514 1514
1518 1516 1516
1520 1507 1519
1522 1506 1506
1524 1517 1523
1526 1521 1525
1478 607 607
1480 1478 1478
1482 608 1341
1486 1484 1339
1488 1483 1487
1490 1488 1488
1492 1490 1490
1494 1492 1492
1496 1481 1495
1498 1480 1480
1500 1493 1499
1502 1497 1501
1454 555 555
1456 1454 1454
1458 556 1427
1460 24 1425
1462 1459 1461
1464 1462 1462
1466 1464 1464
1468 1466 1466
1470 1457 1469
1472 1456 1456
1474 1467 1473
1476 1471 1475
1418 595 595
1420 1418 1418
1428 46 1425
1430 1426 1429
1432 1430 1430
1434 1432 1432
1436 1434 1434
1438 1421 1437
1440 1420 1420
1442 1435 1441
1444 1439 1443
1446 656 1427
1448 28 1425
1450 1447 1449
1452 1450 1450
1528 1445 1453
1530 1477 1528
1532 1503 1530
1534 1527 1532
1536 1416 1534
1576 1408 1408
1574 1348 1348
1538 1362 1362
1540 1538 1538
1542 363 363
1544 1542 1542
1546 1544 1544
1548 1541 1547
1550 1540 1540
1552 1545 1551
1554 1549 1553
1556 1388 1388
1558 1556 1556
1560 421 421
1562 1560 1560
1564 1562 1562
1566 1559 1565
1568 1558 1558
1570 1563 1569
1572 1567 1571
1578 1555 1573
1580 1575 1578
1582 1577 1580
1640 1488 1488
1642 1640 1640
1644 607 607
1646 1644 1644
1648 1646 1646
1650 1643 1649
1652 1642 1642
1654 1647 1653
1656 1651 1655
1622 1430 1430
1624 1622 1622
1626 595 595
1628 1626 1626
1630 1628 1628
1632 1625 1631
1634 1624 1624
1636 1629 1635
1638 1633 1637
1604 1462 1462
1606 1604 1604
1608 555 555
1610 1608 1608
1612 1610 1610
1614 1607 1613
1616 1606 1606
1618 1611 1617
1620 1615 1619
1584 1450 1450
1586 1512 1512
1588 1586 1586
1590 503 503
1592 1590 1590
1594 1592 1592
1596 1589 1595
1598 1588 1588
1600 1593 1599
1602 1597 1601
1658 1585 1603
1660 1621 1658
1662 1639 1660
1664 1657 1662
1666 1582 1664
1722 1015 1015
1724 1722 1722
1726 1162 1162
1728 1726 1726
1730 1728 1728
1732 1725 1731
1734 1724 1724
1736 1729 1735
1738 1733 1737
1704 763 763
1706 1704 1704
1708 1110 1110
1710 1708 1708
1712 1710 1710
1714 1707 1713
1716 1706 1706
1718 1711 1717
1720 1715 1719
1668 803 803
1670 1668 1668
1672 1136 1136
1674 1672 1672
1676 1674 1674
1678 1671 1677
1680 1670 1670
1682 1675 1681
1684 1679 1683
1686 723 723
1688 1686 1686
1690 1084 1084
1692 1690 1690
1694 1692 1692
1696 1689 1695
1698 1688 1688
1700 1693 1699
1702 1697 1701
1740 1685 1703
1742 1721 1740
1744 1739 1742
1818 889 889
1820 1818 1818
1822 1226 1226
1824 1822 1822
1826 1824 1824
1828 1821 1827
1830 1820 1820
1832 1825 1831
1834 1829 1833
1800 683 683
1802 1800 1800
1804 1304 1304
1806 1804 1804
1808 1806 1806
1810 1803 1809
1812 1802 1802
1814 1807 1813
1816 1811 1815
1782 929 929
1784 1782 1782
1786 1252 1252
1788 1786 1786
1790 1788 1788
1792 1785 1791
1794 1784 1784
1796 1789 1795
1798 1793 1797
1746 969 969
1748 1746 1746
1750 1278 1278
1752 1750 1750
1754 1752 1752
1756 1749 1755
1758 1748 1748
1760 1753 1759
1762 1757 1761
1764 849 849
1766 1764 1764
1768 1200 1200
1770 1768 1768
1772 1770 1770
1774 1767 1773
1776 1766 1766
1778 1771 1777
1780 1775 1779
1836 1763 1781
1838 1799 1836
1840 1817 1838
1842 1835 1840
1844 1744 1842
1846 365 365
1848 1846 1846
1850 423 423
1852 1850 1850
1854 1852 1852
1856 1849 1855
1858 1848 1848
1860 1853 1859
1862 1857 1861
1864 461 461
1866 1864 1864
1868 9 9
1870 1868 1868
1872 1870 1870
1874 1867 1873
1876 1866 1866
1878 1871 1877
1880 1875 1879
1882 1880 1880
1884 1863 1883
1886 1862 1862
1888 1881 1887
1890 1885 1889
1932 609 609
1934 1932 1932
1936 1934 1934
1938 1936 1936
1894 1893 1893
1896 1894 1894
1898 657 657
1900 1898 1898
1902 1900 1900
1904 1897 1903
1906 1896 1896
1908 1901 1907
1910 1905 1909
1912 505 505
1914 1912 1912
1916 557 557
1918 1916 1916
1920 1918 1918
1922 1915 1921
1924 1914 1914
1926 1919 1925
1928 1923 1927
1930 1928 1928
1940 1911 1931
1942 1939 1940
1944 1910 1910
1946 1931 1945
1948 1937 1946
1950 1943 1949
1952 1932 1932
1954 1952 1952
1956 1954 1954
1958 1945 1929
1960 1957 1958
1962 1929 1911
1964 1955 1962
1966 1961 1965
1968 1950 1966
1970 1968 1968
1972 1891 1971
1974 1890 1890
1976 1969 1975
1978 1973 1977
1980 1978 1978
1982 1980 1980
1984 725 725
1986 1984 1984
1988 765 765
1990 1988 1988
1992 1990 1990
1994 1987 1993
1996 1986 1986
1998 1991 1997
2000 1995 1999
2002 805 805
2004 2002 2002
2006 1020 1020
2008 2006 2006
2010 2008 2008
2012 2005 2011
2014 2004 2004
2016 2009 2015
2018 2013 2017
2020 2018 2018
2022 2001 2021
2024 2000 2000
2026 2019 2025
2028 2023 2027
2070 971 971
2072 2070 2070
2074 685 685
2076 2074 2074
2078 2076 2076
2080 2073 2079
2082 2072 2072
2084 2077 2083
2086 2081 2085
2088 2086 2086
2090 2088 2088
2092 2090 2090
2032 2031 2031
2034 2032 2032
2036 851 851
2038 2036 2036
2040 2038 2038
2042 2035 2041
2044 2034 2034
2046 2039 2045
2048 2043 2047
2050 891 891
2052 2050 2050
2054 931 931
2056 2054 2054
2058 2056 2056
2060 2053 2059
2062 2052 2052
2064 2057 2063
2066 2061 2065
2068 2066 2066
2094 2049 2069
2096 2093 2094
2098 2048 2048
2100 2069 2099
2102 2091 2100
2104 2097 2103
2106 2086 2086
2108 2106 2106
2110 2108 2108
2112 2099 2067
2114 2111 2112
2116 2067 2049
2118 2109 2116
2120 2115 2119
2122 2104 2120
2124 2122 2122
2126 2029 2125
2128 2028 2028
2130 2123 2129
2132 2127 2131
2134 2132 2132
2136 2134 2134
2150 722 1085
2152 1129 1181
2154 2150 2152
2156 1155 2154
2144 762 1111
2146 1155 1181
2148 2144 2146
2138 1014 1163
2140 802 1137
2142 1181 2140
2158 2139 2143
2160 2149 2158
2162 2157 2160
2184 848 1201
2186 1245 1271
2188 1323 2186
2190 2184 2188
2192 1297 2190
2176 888 1227
2178 1271 1323
2180 2176 2178
2182 1297 2180
2170 928 1253
2172 1297 1323
2174 2170 2172
2164 682 1305
2166 968 1279
2168 1323 2166
2194 2165 2169
2196 2175 2194
2198 2183 2196
2200 2193 2198
2202 1186 2201
2204 2162 2203
2218 362 1363
2220 1403 1411
2222 2218 2220
2224 1351 2222
2212 1389 420
2214 1351 1411
2216 2212 2214
2206 1348 1348
2208 2206 2206
2210 1411 2209
2226 1408 2211
2228 2217 2226
2230 2225 2228
2252 1450 1450
2254 2252 2252
2256 1527 1477
2258 1503 2256
2260 2255 2258
2262 1445 2260
2244 1513 502
2246 1477 1503
2248 2244 2246
2250 1445 2248
2238 1463 554
2240 1445 1503
2242 2238 2240
2232 1489 606
2234 1431 594
2236 1503 2234
2264 2233 2237
2266 2243 2264
2268 2251 2266
2270 2263 2268
2272 2271 1416
2274 2230 2273
2288 722 1085
2290 1721 1739
2292 2288 2290
2294 1685 2292
2282 1111 762
2284 1685 1739
2286 2282 2284
2276 1163 1014
2278 1137 802
2280 1739 2278
2296 2277 2281
2298 2287 2296
2300 2295 2298
2322 1201 848
2324 1835 1799
2326 1817 2324
2328 2322 2326
2330 1763 2328
2314 1227 888
2316 1799 1817
2318 2314 2316
2320 1763 2318
2308 1253 928
2310 1763 1817
2312 2308 2310
2302 1305 682
2304 1279 968
2306 1817 2304
2332 2303 2307
2334 2313 2332
2336 2321 2334
2338 2331 2336
2340 2339 1744
2342 2300 2341
2356 362 1363
2358 1573 1577
2360 2356 2358
2362 1575 2360
2350 420 1389
2352 1575 1577
2354 2350 2352
2344 1348 1348
2346 2344 2344
2348 1577 2347
2364 1408 2349
2366 2355 2364
2368 2363 2366
2390 1450 1450
2392 2390 2390
2394 1603 1621
2396 1657 2394
2398 2393 2396
2400 1639 2398
2382 502 1513
2384 1621 1657
2386 2382 2384
2388 1639 2386
2376 554 1463
2378 1639 1657
2380 2376 2378
2370 606 1489
2372 594 1431
2374 1657 2372
2402 2371 2375
2404 2381 2402
2406 2389 2404
2408 2401 2406
2410 1582 2409
2412 2368 2411
2438 2437 2437
2440 2438 2438
2430 2429 2429
2432 2430 2430
2434 2432 2432
2474 2472 2435
2476 2441 2474
2442 2440 2440
2414 657 657
2416 2414 2414
2418 655 2417
2420 2416 2416
2422 667 2421
2424 2419 2423
2426 2424 2424
2444 2427 2435
2446 2443 2444
2448 1452 1452
2450 2448 2448
2454 2453 2453
2456 2454 2454
2458 2456 2456
2460 2451 2459
2462 2450 2450
2464 2457 2463
2466 2461 2465
2468 2467 2433
2470 2443 2468
2478 2447 2471
2480 2477 2478
2482 2480 2480
2512 2510 2435
2514 2441 2512
2484 550 2435
2486 2443 2484
2488 1526 1526
2490 2488 2488
2492 2452 1453
2494 2254 2493
2496 2494 2494
2498 2491 2497
2500 2490 2490
2502 2495 2501
2504 2499 2503
2506 2505 2433
2508 2443 2506
2516 2487 2509
2518 2515 2516
2520 2518 2518
2528 2437 2437
2530 2528 2528
2522 2429 2429
2524 2522 2522
2526 2524 2524
2564 2562 2527
2566 2531 2564
2532 2530 2530
2534 884 2527
2536 2533 2534
2538 1780 1780
2540 2538 2538
2544 2543 2543
2546 2544 2544
2548 2546 2546
2550 2541 2549
2552 2540 2540
2554 2547 2553
2556 2551 2555
2558 2557 2525
2560 2533 2558
2568 2537 2561
2570 2567 2568
2572 2570 2570
2574 1410 1410
2576 2574 2574
2580 2218 1403
2582 1351 2580
2578 1351 2212
2584 2208 2579
2586 2583 2584
2588 2587 2587
2590 2577 2589
2592 2576 2576
2594 2586 2593
2596 2591 2595
2598 2596 2596
2600 1534 2452
2602 2270 2601
2604 2602 2602
2606 2599 2605
2608 1410 1410
2610 2608 2608
2618 1377 1403
2620 1351 2618
2614 1403 2218
2616 1351 2614
2612 1351 2212
2622 2208 2613
2624 2617 2622
2626 2621 2624
2628 2626 2626
2630 2611 2629
2632 2610 2610
2634 2627 2633
2636 2631 2635
2638 2603 2637
2640 2607 2639
2642 2640 2640
2654 2653 2653
2656 2654 2654
2646 2645 2645
2648 2646 2646
2676 2674 2649
2678 2657 2676
2650 2648 2648
2670 2668 2651
2672 2657 2670
2658 2656 2656
2660 2481 2651
2662 2659 2660
2664 2571 2649
2666 2659 2664
2680 2663 2667
2682 2673 2680
2684 2679 2682
2692 2437 2437
2694 2692 2692
2686 2429 2429
2688 2686 2686
2690 2688 2688
2750 2748 2691
2752 2695 2750
2696 2694 2694
2698 642 2691
2700 2697 2698
2702 1502 1502
2704 2702 2702
2718 2452 1453
2720 1477 2718
2722 1527 2720
2724 1445 2722
2712 1527 1477
2714 2255 2712
2716 1445 2714
2708 1477 2244
2710 1445 2708
2706 1445 2238
2726 2235 2707
2728 2711 2726
2730 2717 2728
2732 2725 2730
2734 2732 2732
2736 2705 2735
2738 2704 2704
2740 2733 2739
2742 2737 2741
2744 2743 2689
2746 2697 2744
2754 2701 2747
2756 2753 2754
2758 2756 2756
2802 2800 2435
2804 2441 2802
2760 602 2435
2762 2443 2760
2764 1444 1444
2766 2764 2764
2774 2452 1453
2776 1477 2774
2778 1527 2776
2770 1527 1477
2772 2255 2770
2768 2244 1477
2780 2239 2769
2782 2773 2780
2784 2779 2782
2786 2784 2784
2788 2767 2787
2790 2766 2766
2792 2785 2791
2794 2789 2793
2796 2795 2433
2798 2443 2796
2806 2763 2799
2808 2805 2806
2810 2808 2808
2846 2844 2435
2848 2441 2846
2812 590 2435
2814 2443 2812
2816 1476 1476
2818 2816 2816
2822 2452 1453
2824 1527 2822
2820 1527 2255
2826 2245 2821
2828 2825 2826
2830 2828 2828
2832 2819 2831
2834 2818 2818
2836 2829 2835
2838 2833 2837
2840 2839 2433
2842 2443 2840
2850 2815 2843
2852 2849 2850
2854 2852 2852
2866 2865 2865
2868 2866 2866
2858 2857 2857
2860 2858 2858
2884 2674 2861
2886 2869 2884
2862 2860 2860
2880 2668 2863
2882 2869 2880
2870 2868 2868
2872 2481 2863
2874 2871 2872
2876 2571 2861
2878 2871 2876
2888 2875 2879
2890 2883 2888
2892 2887 2890
2900 2437 2437
2902 2900 2900
2894 2429 2429
2896 2894 2894
2898 2896 2896
2958 2956 2899
2960 2903 2958
2904 2902 2902
2906 718 2899
2908 2905 2906
2910 1816 1816
2912 2910 2910
2926 2542 1781
2928 1799 2926
2930 1835 2928
2932 1763 2930
2920 1835 1799
2922 2322 2920
2924 1763 2922
2916 1799 2314
2918 1763 2916
2914 1763 2308
2934 2305 2915
2936 2919 2934
2938 2925 2936
2940 2933 2938
2942 2940 2940
2944 2913 2943
2946 2912 2912
2948 2941 2947
2950 2945 2949
2952 2951 2897
2954 2905 2952
2962 2909 2955
2964 2961 2962
2966 2964 2964
3010 3008 2527
3012 2531 3010
2968 1004 2527
2970 2533 2968
2972 1762 1762
2974 2972 2972
2982 2542 1781
2984 1799 2982
2986 1835 2984
2978 1835 1799
2980 2322 2978
2976 2314 1799
2988 2309 2977
2990 2981 2988
2992 2987 2990
2994 2992 2992
2996 2975 2995
2998 2974 2974
3000 2993 2999
3002 2997 3001
3004 3003 2525
3006 2533 3004
3014 2971 3007
3016 3013 3014
3018 3016 3016
3054 3052 2527
3056 2531 3054
3020 964 2527
3022 2533 3020
3024 1798 1798
3026 3024 3024
3030 2542 1781
3032 1835 3030
3028 1835 2322
3034 2315 3029
3036 3033 3034
3038 3036 3036
3040 3027 3039
3042 3026 3026
3044 3037 3043
3046 3041 3045
3048 3047 2525
3050 2533 3048
3058 3023 3051
3060 3057 3058
3062 3060 3060
3092 3090 2527
3094 2531 3092
3064 924 2527
3066 2533 3064
3068 1834 1834
3070 3068 3068
3072 2542 1781
3074 2323 3073
3076 3074 3074
3078 3071 3077
3080 3070 3070
3082 3075 3081
3084 3079 3083
3086 3085 2525
3088 2533 3086
3096 3067 3089
3098 3095 3096
3100 3098 3098
3102 1362 1362
3104 3102 3102
3106 1388 1388
3108 3106 3106
3110 3108 3108
3112 3105 3111
3114 3104 3104
3116 3109 3115
3118 3113 3117
3120 1348 1348
3122 3120 3120
3124 1408 1408
3126 3124 3124
3128 3126 3126
3130 3123 3129
3132 3122 3122
3134 3127 3133
3136 3131 3135
3138 3136 3136
3140 3119 3139
3142 3118 3118
3144 3137 3143
3146 3141 3145
3190 1430 1430
3192 3190 3190
3194 1488 1488
3196 3194 3194
3198 3196 3196
3200 3193 3199
3202 3192 3192
3204 3197 3203
3206 3201 3205
3208 3206 3206
3210 3208 3208
3212 3210 3210
3148 1462 1462
3150 3148 3148
3152 1512 1512
3154 3152 3152
3156 3154 3154
3158 3151 3157
3160 3150 3150
3162 3155 3161
3164 3159 3163
3166 1450 1450
3168 3166 3166
3170 1892 1427
3174 3172 1425
3176 3171 3175
3178 3176 3176
3180 3169 3179
3182 3168 3168
3184 3177 3183
3186 3181 3185
3188 3186 3186
3214 3165 3189
3216 3213 3214
3218 3164 3164
3220 3189 3219
3222 3211 3220
3224 3217 3223
3226 3206 3206
3228 3226 3226
3230 3228 3228
3232 3219 3187
3234 3231 3232
3236 3187 3165
3238 3229 3236
3240 3235 3239
3242 3224 3240
3244 3242 3242
3246 3147 3245
3248 3146 3146
3250 3243 3249
3252 3247 3251
3254 3252 3252
3256 3254 3254
3258 1200 1200
3260 3258 3258
3262 1226 1226
3264 3262 3262
3266 3264 3264
3268 3261 3267
3270 3260 3260
3272 3265 3271
3274 3269 3273
3276 1252 1252
3278 3276 3276
3280 1278 1278
3282 3280 3280
3284 3282 3282
3286 3279 3285
3288 3278 3278
3290 3283 3289
3292 3287 3291
3294 3292 3292
3296 3275 3295
3298 3274 3274
3300 3293 3299
3302 3297 3301
3342 1162 1162
3344 3342 3342
3346 2030 1193
3350 3348 1191
3352 3347 3351
3354 3352 3352
3356 3345 3355
3358 3344 3344
3360 3353 3359
3362 3357 3361
3364 3362 3362
3366 3364 3364
3368 3366 3366
3304 1304 1304
3306 3304 3304
3308 1084 1084
3310 3308 3308
3312 3310 3310
3314 3307 3313
3316 3306 3306
3318 3311 3317
3320 3315 3319
3322 1110 1110
3324 3322 3322
3326 1136 1136
3328 3326 3326
3330 3328 3328
3332 3325 3331
3334 3324 3324
3336 3329 3335
3338 3333 3337
3340 3338 3338
3370 3321 3341
3372 3369 3370
3374 3320 3320
3376 3341 3375
3378 3367 3376
3380 3373 3379
3382 3362 3362
3384 3382 3382
3386 3384 3384
3388 3375 3339
3390 3387 3388
3392 3339 3321
3394 3385 3392
3396 3391 3395
3398 3380 3396
3400 3398 3398
3402 3303 3401
3404 3302 3302
3406 3399 3405
3408 3403 3407
3410 3408 3408
3412 3410 3410
3534 1738 1738
3536 3534 3534
3540 2288 1721
3542 1685 3540
3538 1685 2282
3544 2279 3539
3546 3543 3544
3548 3547 3547
3550 3537 3549
3552 3536 3536
3554 3546 3553
3556 3551 3555
3558 3556 3556
3424 1842 2542
3426 2338 3425
3428 3426 3426
3560 3559 3429
3562 1738 1738
3564 3562 3562
3572 1703 1721
3574 1685 3572
3568 1721 2288
3570 1685 3568
3566 1685 2282
3576 2279 3567
3578 3571 3576
3580 3575 3578
3582 3580 3580
3584 3565 3583
3586 3564 3564
3588 3581 3587
3590 3585 3589
3592 3427 3591
3594 3561 3593
3596 3594 3594
3484 1684 1684
3486 3484 3484
3488 1721 2288
3490 2283 3489
3492 3491 3491
3494 3487 3493
3496 3486 3486
3498 3490 3497
3500 3495 3499
3502 3500 3500
3504 3503 3429
3506 1684 1684
3508 3506 3506
3512 1703 1721
3510 1721 2288
3514 2283 3511
3516 3513 3514
3518 3516 3516
3520 3509 3519
3522 3508 3508
3524 3517 3523
3526 3521 3525
3528 3427 3527
3530 3505 3529
3532 3530 3530
3440 1720 1720
3442 3440 3440
3444 2289 2289
3446 3444 3444
3448 3446 3446
3450 3443 3449
3452 3442 3442
3454 3447 3453
3456 3451 3455
3458 3457 3429
3460 1720 1720
3462 3460 3460
3464 723 1084
3466 3465 3465
3468 3463 3467
3470 3462 3462
3472 3464 3471
3474 3469 3473
3476 3474 3474
3478 3427 3477
3480 3459 3479
3482 3480 3480
3430 1703 3429
3432 1702 1702
3434 3427 3433
3436 3431 3435
3438 3436 3436
3422 2950 2950
3420 3002 3002
3418 3046 3046
3414 2556 2556
3416 3084 3084
3598 3415 3417
3600 3419 3598
3602 3421 3600
3604 3423 3602
3606 3439 3604
3608 3483 3606
3610 3533 3608
3612 3597 3610
3728 2640 2640
3678 1350 1350
3680 3678 3678
3682 1403 2218
3684 2213 3683
3686 3685 3685
3688 3681 3687
3690 3680 3680
3692 3684 3691
3694 3689 3693
3696 3694 3694
3698 3697 2605
3700 1350 1350
3702 3700 3700
3706 1377 1403
3704 1403 2218
3708 2213 3705
3710 3707 3708
3712 3710 3710
3714 3703 3713
3716 3702 3702
3718 3711 3717
3720 3715 3719
3722 2603 3721
3724 3699 3723
3726 3724 3724
3634 1402 1402
3636 3634 3634
3638 2219 2219
3640 3638 3638
3642 3640 3640
3644 3637 3643
3646 3636 3636
3648 3641 3647
3650 3645 3649
3652 3651 2605
3654 1402 1402
3656 3654 3654
3658 363 1362
3660 3659 3659
3662 3657 3661
3664 3656 3656
3666 3658 3665
3668 3663 3667
3670 3668 3668
3672 2603 3671
3674 3653 3673
3676 3674 3674
3624 1377 2605
3626 1376 1376
3628 2603 3627
3630 3625 3629
3632 3630 3630
3622 2742 2742
3620 2794 2794
3618 2838 2838
3614 2466 2466
3616 2504 2504
3730 3615 3617
3732 3619 3730
3734 3621 3732
3736 3623 3734
3738 3633 3736
3740 3677 3738
3742 3727 3740
3744 3729 3742
3756 3755 3755
3758 3756 3756
3748 3747 3747
3750 3748 3748
3778 3776 3751
3780 3759 3778
3752 3750 3750
3772 3770 3753
3774 3759 3772
3760 3758 3758
3762 2481 3753
3764 3761 3762
3766 2571 3751
3768 3761 3766
3782 3765 3769
3784 3775 3782
3786 3781 3784
3788 106 106
3790 3788 3788
3792 3787 3791
3804 3803 3803
3806 3804 3804
3796 3795 3795
3798 3796 3796
3822 3776 3799
3824 3807 3822
3800 3798 3798
3818 3770 3801
3820 3807 3818
3808 3806 3806
3810 2481 3801
3812 3809 3810
3814 2571 3799
3816 3809 3814
3826 3813 3817
3828 3821 3826
3830 3825 3828
3832 103 103
3834 3832 3832
3836 3834 3834
3838 3836 3836
3840 3831 3839
3848 2653 2653
3850 3848 3848
3842 2645 2645
3844 3842 3842
3870 3868 3845
3872 3851 3870
3846 3844 3844
3864 3862 3847
3866 3851 3864
3852 3850 3850
3854 2757 3847
3856 3853 3854
3858 2965 3845
3860 3853 3858
3874 3857 3861
3876 3867 3874
3878 3873 3876
3896 3894 2649
3898 2657 3896
3890 3888 2651
3892 2657 3890
3880 2809 2651
3882 2659 3880
3884 3017 2649
3886 2659 3884
3900 3883 3887
3902 3893 3900
3904 3899 3902
3922 3920 2649
3924 2657 3922
3916 3914 2651
3918 2657 3916
3906 2853 2651
3908 2659 3906
3910 3061 2649
3912 2659 3910
3926 3909 3913
3928 3919 3926
3930 3925 3928
3948 3946 2649
3950 2657 3948
3942 3940 2651
3944 2657 3942
3932 2519 2651
3934 2659 3932
3936 3099 2649
3938 2659 3936
3952 3935 3939
3954 3945 3952
3956 3951 3954
3964 2865 2865
3966 3964 3964
3958 2857 2857
3960 3958 3958
3982 3868 3961
3984 3967 3982
3962 3960 3960
3978 3862 3963
3980 3967 3978
3968 3966 3966
3970 2757 3963
3972 3969 3970
3974 2965 3961
3976 3969 3974
3986 3973 3977
3988 3981 3986
3990 3985 3988
4004 3894 2861
4006 2869 4004
4000 3888 2863
4002 2869 4000
3992 2809 2863
3994 2871 3992
3996 3017 2861
3998 2871 3996
4008 3995 3999
4010 4003 4008
4012 4007 4010
4026 3920 2861
4028 2869 4026
4022 3914 2863
4024 2869 4022
4014 2853 2863
4016 2871 4014
4018 3061 2861
4020 2871 4018
4030 4017 4021
4032 4025 4030
4034 4029 4032
4048 3946 2861
4050 2869 4048
4044 3940 2863
4046 2869 4044
4036 2519 2863
4038 2871 4036
4040 3099 2861
4042 2871 4040
4052 4039 4043
4054 4047 4052
4056 4051 4054
4064 3755 3755
4066 4064 4064
4058 3747 3747
4060 4058 4058
4086 4084 4061
4088 4067 4086
4062 4060 4060
4080 4078 4063
4082 4067 4080
4068 4066 4066
4070 2757 4063
4072 4069 4070
4074 2965 4061
4076 4069 4074
4090 4073 4077
4092 4083 4090
4094 4089 4092
4096 106 106
4098 4096 4096
4100 4095 4099
4118 4116 3751
4120 3759 4118
4112 4110 3753
4114 3759 4112
4102 2519 3753
4104 3761 4102
4106 3099 3751
4108 3761 4106
4122 4105 4109
4124 4115 4122
4126 4121 4124
4128 4127 3791
4146 4144 3751
4148 3759 4146
4140 4138 3753
4142 3759 4140
4130 2853 3753
4132 3761 4130
4134 3061 3751
4136 3761 4134
4150 4133 4137
4152 4143 4150
4154 4149 4152
4156 4155 3791
4174 4172 3751
4176 3759 4174
4168 4166 3753
4170 3759 4168
4158 2809 3753
4160 3761 4158
4162 3017 3751
4164 3761 4162
4178 4161 4165
4180 4171 4178
4182 4177 4180
4184 4183 3791
4192 3803 3803
4194 4192 4192
4186 3795 3795
4188 4186 4186
4210 4084 4189
4212 4195 4210
4190 4188 4188
4206 4078 4191
4208 4195 4206
4196 4194 4194
4198 2757 4191
4200 4197 4198
4202 2965 4189
4204 4197 4202
4214 4201 4205
4216 4209 4214
4218 4213 4216
4220 3834 3834
4222 4220 4220
4224 4219 4223
4238 4116 3799
4240 3807 4238
4234 4110 3801
4236 3807 4234
4226 2519 3801
4228 3809 4226
4230 3099 3799
4232 3809 4230
4242 4229 4233
4244 4237 4242
4246 4241 4244
4248 4247 3839
4262 4144 3799
4264 3807 4262
4258 4138 3801
4260 3807 4258
4250 2853 3801
4252 3809 4250
4254 3061 3799
4256 3809 4254
4266 4253 4257
4268 4261 4266
4270 4265 4268
4272 4271 3839
4286 4172 3799
4288 3807 4286
4282 4166 3801
4284 3807 4282
4274 2809 3801
4276 3809 4274
4278 3017 3799
4280 3809 4278
4290 4277 4281
4292 4285 4290
4294 4289 4292
4296 4295 3839
4302 4298 4300
4304 4303 4303
4352 2641 4310
4354 4314 4352
4312 4311 4311
4348 4346 4313
4350 4314 4348
4316 4315 4315
4306 488 488
4308 4306 4306
4318 4309 4313
4320 4317 4318
4322 1408 1408
4324 4322 4322
4326 4324 4324
4328 4327 4325
4330 4326 4329
4334 4331 4332
4336 4331 4335
4338 4335 4332
4340 4337 4339
4342 4341 4310
4344 4317 4342
4356 4321 4345
4358 4351 4356
4360 4355 4358
4362 4305 4361
4364 4341 2641
4366 4341 4365
4368 4365 2641
4370 4367 4369
4380 4346 2691
4382 2695 4380
4372 4309 2691
4374 2697 4372
4376 2641 2689
4378 2697 4376
4384 4375 4379
4386 4383 4384
4388 4386 4386
4400 4398 2691
4402 2695 4400
4390 475 2691
4392 2697 4390
4394 3725 2689
4396 2697 4394
4404 4393 4397
4406 4403 4404
4408 4406 4406
4420 4418 2691
4422 2695 4420
4410 456 2691
4412 2697 4410
4414 3675 2689
4416 2697 4414
4424 4413 4417
4426 4423 4424
4428 4426 4426
4440 4438 2691
4442 2695 4440
4430 416 2691
4432 2697 4430
4434 3631 2689
4436 2697 4434
4444 4433 4437
4446 4443 4444
4448 4446 4446
4450 94 66
4452 96 4450
4454 32 4452
4462 2132 2132
4460 1978 1978
4458 3408 3408
4456 3252 3252
4464 34 4457
4466 4459 4464
4468 4461 4466
4470 4463 4468
4472 4454 4470
4474 58 4472
4520 4518 2899
4522 2903 4520
4476 1020 1020
4478 4476 4476
4480 655 1014
4482 4479 4480
4484 4478 4478
4486 1014 667
4488 4485 4486
4490 4483 4489
4492 4490 4490
4494 1020 1020
4496 4494 4494
4498 1043 4497
4500 4496 4496
4502 1053 4501
4504 4499 4503
4506 1015 4504
4508 4493 4507
4510 4508 2899
4512 2905 4510
4514 3595 2897
4516 2905 4514
4524 4513 4517
4526 4523 4524
4528 4526 4526
4540 4538 2899
4542 2903 4540
4530 838 2899
4532 2905 4530
4534 3531 2897
4536 2905 4534
4544 4533 4537
4546 4543 4544
4548 4546 4546
4560 4558 2899
4562 2903 4560
4550 798 2899
4552 2905 4550
4554 3481 2897
4556 2905 4554
4564 4553 4557
4566 4563 4564
4568 4566 4566
4580 4578 2899
4582 2903 4580
4570 758 2899
4572 2905 4570
4574 3437 2897
4576 2905 4574
4584 4573 4577
4586 4583 4584
4588 4586 4586
4606 4604 3961
4608 3967 4606
4600 4598 3963
4602 3967 4600
4590 4387 3963
4592 3969 4590
4594 4527 3961
4596 3969 4594
4610 4593 4597
4612 4603 4610
4614 4609 4612
4628 4604 3845
4630 3851 4628
4624 4598 3847
4626 3851 4624
4616 4387 3847
4618 3853 4616
4620 4527 3845
4622 3853 4620
4632 4619 4623
4634 4627 4632
4636 4631 4634
4654 4652 3845
4656 3851 4654
4648 4646 3847
4650 3851 4648
4638 4407 3847
4640 3853 4638
4642 4547 3845
4644 3853 4642
4658 4641 4645
4660 4651 4658
4662 4657 4660
4680 4678 3845
4682 3851 4680
4674 4672 3847
4676 3851 4674
4664 4427 3847
4666 3853 4664
4668 4567 3845
4670 3853 4668
4684 4667 4671
4686 4677 4684
4688 4683 4686
4706 4704 3845
4708 3851 4706
4700 4698 3847
4702 3851 4700
4690 4447 3847
4692 3853 4690
4694 4587 3845
4696 3853 4694
4710 4693 4697
4712 4703 4710
4714 4709 4712
4728 4652 3961
4730 3967 4728
4724 4646 3963
4726 3967 4724
4716 4407 3963
4718 3969 4716
4720 4547 3961
4722 3969 4720
4732 4719 4723
4734 4727 4732
4736 4731 4734
4750 4678 3961
4752 3967 4750
4746 4672 3963
4748 3967 4746
4738 4427 3963
4740 3969 4738
4742 4567 3961
4744 3969 4742
4754 4741 4745
4756 4749 4754
4758 4753 4756
4772 4704 3961
4774 3967 4772
4768 4698 3963
4770 3967 4768
4760 4447 3963
4762 3969 4760
4764 4587 3961
4766 3969 4764
4776 4763 4767
4778 4771 4776
4780 4775 4778
4798 4796 4061
4800 4067 4798
4792 4790 4063
4794 4067 4792
4782 4447 4063
4784 4069 4782
4786 4587 4061
4788 4069 4786
4802 4785 4789
4804 4795 4802
4806 4801 4804
4808 4807 4099
4826 4824 4061
4828 4067 4826
4820 4818 4063
4822 4067 4820
4810 4427 4063
4812 4069 4810
4814 4567 4061
4816 4069 4814
4830 4813 4817
4832 4823 4830
4834 4829 4832
4836 4835 4099
4854 4852 4061
4856 4067 4854
4848 4846 4063
4850 4067 4848
4838 4407 4063
4840 4069 4838
4842 4547 4061
4844 4069 4842
4858 4841 4845
4860 4851 4858
4862 4857 4860
4864 4863 4099
4882 4880 4061
4884 4067 4882
4876 4874 4063
4878 4067 4876
4866 4387 4063
4868 4069 4866
4870 4527 4061
4872 4069 4870
4886 4869 4873
4888 4879 4886
4890 4885 4888
4892 4891 4099
4906 4796 4189
4908 4195 4906
4902 4790 4191
4904 4195 4902
4894 4447 4191
4896 4197 4894
4898 4587 4189
4900 4197 4898
4910 4897 4901
4912 4905 4910
4914 4909 4912
4916 4915 4223
4930 4824 4189
4932 4195 4930
4926 4818 4191
4928 4195 4926
4918 4427 4191
4920 4197 4918
4922 4567 4189
4924 4197 4922
4934 4921 4925
4936 4929 4934
4938 4933 4936
4940 4939 4223
4954 4852 4189
4956 4195 4954
4950 4846 4191
4952 4195 4950
4942 4407 4191
4944 4197 4942
4946 4547 4189
4948 4197 4946
4958 4945 4949
4960 4953 4958
4962 4957 4960
4964 4963 4223
4978 4880 4189
4980 4195 4978
4974 4874 4191
4976 4195 4974
4966 4387 4191
4968 4197 4966
4970 4527 4189
4972 4197 4970
4982 4969 4973
4984 4977 4982
4986 4981 4984
4988 4987 4223
5830 2433 2441
5826 5824 2435
5828 2441 5826
4990 365 365
4992 4990 4990
4994 655 362
4996 4993 4994
4998 4992 4992
5000 362 667
5002 4999 5000
5004 4997 5003
5006 5004 5004
5008 365 365
5010 5008 5008
5012 1043 5011
5014 5010 5010
5016 1053 5015
5018 5013 5017
5020 363 5018
5022 5007 5021
5024 423 423
5026 5024 5024
5028 655 420
5030 5027 5028
5032 5026 5026
5034 420 667
5036 5033 5034
5038 5031 5037
5040 5038 5038
5042 423 423
5044 5042 5042
5046 1043 5045
5048 5044 5044
5050 1053 5049
5052 5047 5051
5054 421 5052
5056 5041 5055
5058 5057 5057
5060 5022 5059
5062 5023 5023
5064 5056 5063
5066 5061 5065
5068 461 461
5070 5068 5068
5072 655 5071
5074 5070 5070
5076 667 5075
5078 5073 5077
5080 5078 5078
5082 9 9
5084 5082 5082
5086 1043 5085
5088 5084 5084
5090 1053 5089
5092 5087 5091
5094 5092 5092
5096 5081 5095
5098 5080 5080
5100 5093 5099
5102 5097 5101
5104 5102 5102
5106 5067 5105
5108 5066 5066
5110 5103 5109
5112 5107 5111
5196 655 594
5198 5197 5197
5200 1042 595
5202 5199 5201
5204 609 609
5206 5204 5204
5208 655 606
5210 5207 5208
5212 5206 5206
5214 606 667
5216 5213 5214
5218 5211 5217
5220 5218 5218
5222 609 609
5224 5222 5222
5226 1043 5225
5228 5224 5224
5230 1053 5229
5232 5227 5231
5234 607 5232
5236 5221 5235
5238 5237 5237
5240 5202 5239
5242 5203 5203
5244 5236 5243
5246 5241 5245
5248 5246 5246
5250 5248 5248
5252 5250 5250
5114 674 674
5116 505 505
5118 5116 5116
5120 655 502
5122 5119 5120
5124 5118 5118
5126 502 667
5128 5125 5126
5130 5123 5129
5132 5130 5130
5134 505 505
5136 5134 5134
5138 1043 5137
5140 5136 5136
5142 1053 5141
5144 5139 5143
5146 503 5144
5148 5133 5147
5150 557 557
5152 5150 5150
5154 655 554
5156 5153 5154
5158 5152 5152
5160 554 667
5162 5159 5160
5164 5157 5163
5166 5164 5164
5168 557 557
5170 5168 5168
5172 1043 5171
5174 5170 5170
5176 1053 5175
5178 5173 5177
5180 555 5178
5182 5167 5181
5184 5183 5183
5186 5148 5185
5188 5149 5149
5190 5182 5189
5192 5187 5191
5194 5192 5192
5254 5115 5195
5256 5253 5254
5258 5114 5114
5260 5195 5259
5262 5251 5260
5264 5257 5263
5266 5246 5246
5268 5266 5266
5270 5268 5268
5272 5259 5193
5274 5271 5272
5276 5193 5115
5278 5269 5276
5280 5275 5279
5282 5264 5280
5284 5282 5282
5286 5113 5285
5288 5112 5112
5290 5283 5289
5292 5287 5291
5294 5292 5292
5296 5295 2435
5298 2443 5296
5300 1638 1638
5302 5300 5300
5304 1620 1620
5306 5304 5304
5308 1656 1656
5310 5308 5308
5312 1602 1602
5314 5312 5312
5316 1584 1584
5318 5316 5316
5326 1603 1621
5328 2393 5326
5330 1639 5328
5322 1621 2382
5324 1639 5322
5320 1639 2376
5332 2373 5321
5334 5325 5332
5336 5331 5334
5338 1603 2393
5340 2383 5339
5342 5340 5340
5346 1603 1621
5348 2393 5346
5344 1621 2382
5350 2377 5345
5352 5349 5350
5354 2392 2392
5356 5354 5354
5358 5356 5356
5360 5352 5359
5362 5353 5353
5364 5357 5363
5366 5361 5365
5368 5366 5366
5370 5343 5369
5372 5342 5342
5374 5367 5373
5376 5371 5375
5378 5376 5376
5380 5336 5379
5382 5337 5337
5384 5377 5383
5386 5381 5385
5388 5386 5386
5390 5319 5389
5392 5318 5318
5394 5387 5393
5396 5391 5395
5398 5396 5396
5400 5315 5399
5402 5314 5314
5404 5397 5403
5406 5401 5405
5408 5406 5406
5410 5311 5409
5412 5310 5310
5414 5407 5413
5416 5411 5415
5418 5416 5416
5420 5307 5419
5422 5306 5306
5424 5417 5423
5426 5421 5425
5428 5426 5426
5430 5303 5429
5432 5302 5302
5434 5427 5433
5436 5431 5435
5438 5436 5436
5442 5441 5441
5444 5439 5443
5446 1638 1638
5448 5446 5446
5450 1620 1620
5452 5450 5450
5454 1656 1656
5456 5454 5454
5458 1602 1602
5460 5458 5458
5462 1584 1584
5464 5462 5462
5478 1585 1621
5480 1639 5478
5482 1603 5480
5472 1603 1621
5474 2393 5472
5476 1639 5474
5468 1621 2382
5470 1639 5468
5466 1639 2376
5484 2373 5467
5486 5471 5484
5488 5477 5486
5490 5483 5488
5492 1585 1603
5494 5340 5493
5502 1585 1621
5504 1603 5502
5498 1603 1621
5500 2393 5498
5496 1621 2382
5506 2377 5497
5508 5501 5506
5510 5505 5508
5512 5510 5510
5514 5495 5513
5516 5494 5494
5518 5511 5517
5520 5515 5519
5522 5520 5520
5524 5491 5523
5526 5490 5490
5528 5521 5527
5530 5525 5529
5532 5530 5530
5534 5465 5533
5536 5464 5464
5538 5531 5537
5540 5535 5539
5542 5540 5540
5544 5461 5543
5546 5460 5460
5548 5541 5547
5550 5545 5549
5552 5550 5550
5554 5457 5553
5556 5456 5456
5558 5551 5557
5560 5555 5559
5562 5560 5560
5564 5453 5563
5566 5452 5452
5568 5561 5567
5570 5565 5569
5572 5570 5570
5574 5449 5573
5576 5448 5448
5578 5571 5577
5580 5575 5579
5582 5440 5581
5584 5445 5583
5688 1574 1574
5690 5688 5688
5692 1576 1576
5694 5692 5692
5696 1572 1572
5698 5696 5696
5700 1554 1554
5702 5700 5700
5710 1555 1573
5712 1575 5710
5706 1573 2356
5708 1575 5706
5704 1575 2350
5714 2346 5705
5716 5709 5714
5718 5713 5716
5612 1573 2356
5614 2351 5613
5720 1555 1573
5722 5614 5721
5724 363 1362
5726 5725 5725
5728 5723 5727
5730 5722 5722
5732 5724 5731
5734 5729 5733
5736 5734 5734
5738 5719 5737
5740 5718 5718
5742 5735 5741
5744 5739 5743
5746 5744 5744
5748 5703 5747
5750 5702 5702
5752 5745 5751
5754 5749 5753
5756 5754 5754
5758 5699 5757
5760 5698 5698
5762 5755 5761
5764 5759 5763
5766 5764 5764
5768 5695 5767
5770 5694 5694
5772 5765 5771
5774 5769 5773
5776 5774 5774
5778 5691 5777
5780 5690 5690
5782 5775 5781
5784 5779 5783
5682 2408 2408
5790 1665 1665
5792 5683 5791
5798 5793 5793
5800 5785 5799
5802 5440 5800
5586 1574 1574
5588 5586 5586
5590 1576 1576
5592 5590 5590
5594 1572 1572
5596 5594 5594
5598 1554 1554
5600 5598 5598
5604 1573 2356
5606 1575 5604
5602 1575 2350
5608 2346 5603
5610 5607 5608
5616 5614 5614
5618 2357 2357
5620 5618 5618
5622 5620 5620
5624 5617 5623
5626 5616 5616
5628 5621 5627
5630 5625 5629
5632 5630 5630
5634 5610 5633
5636 5611 5611
5638 5631 5637
5640 5635 5639
5642 5640 5640
5644 5601 5643
5646 5600 5600
5648 5641 5647
5650 5645 5649
5652 5650 5650
5654 5597 5653
5656 5596 5596
5658 5651 5657
5660 5655 5659
5662 5660 5660
5664 5593 5663
5666 5592 5592
5668 5661 5667
5670 5665 5669
5672 5670 5670
5674 5589 5673
5676 5588 5588
5678 5671 5677
5680 5675 5679
5794 5681 5792
5796 5440 5794
5684 5681 5683
5686 5443 5684
5786 5785 2409
5788 5443 5786
5804 5687 5789
5806 5797 5804
5808 5803 5806
5810 5808 5808
5812 5585 5811
5814 5584 5584
5816 5809 5815
5818 5813 5817
5820 5819 2433
5822 2443 5820
5832 5299 5823
5834 5829 5832
5836 5831 5834
6762 2525 2531
6758 6756 2527
6760 2531 6758
5838 725 725
5840 5838 5838
5842 361 722
5844 5841 5842
5846 5840 5840
5848 722 379
5850 5847 5848
5852 5845 5851
5854 5852 5852
5856 725 725
5858 5856 5856
5860 395 5859
5862 5858 5858
5864 407 5863
5866 5861 5865
5868 723 5866
5870 5855 5869
5872 765 765
5874 5872 5872
5876 361 762
5878 5875 5876
5880 5874 5874
5882 762 379
5884 5881 5882
5886 5879 5885
5888 5886 5886
5890 765 765
5892 5890 5890
5894 395 5893
5896 5892 5892
5898 407 5897
5900 5895 5899
5902 763 5900
5904 5889 5903
5906 5905 5905
5908 5870 5907
5910 5871 5871
5912 5904 5911
5914 5909 5913
5916 805 805
5918 5916 5916
5920 361 802
5922 5919 5920
5924 5918 5918
5926 802 379
5928 5925 5926
5930 5923 5929
5932 5930 5930
5934 805 805
5936 5934 5934
5938 395 5937
5940 5936 5936
5942 407 5941
5944 5939 5943
5946 803 5944
5948 5933 5947
5950 1063 1063
5952 5950 5950
5954 5952 5952
5956 5948 5955
5958 5949 5949
5960 5953 5959
5962 5957 5961
5964 5962 5962
5966 5915 5965
5968 5914 5914
5970 5963 5969
5972 5967 5971
6090 971 971
6092 6090 6090
6094 361 968
6096 6093 6094
6098 6092 6092
6100 968 379
6102 6099 6100
6104 6097 6103
6106 6104 6104
6108 971 971
6110 6108 6108
6112 395 6111
6114 6110 6110
6116 407 6115
6118 6113 6117
6120 969 6118
6122 6107 6121
6124 685 685
6126 6124 6124
6128 361 682
6130 6127 6128
6132 6126 6126
6134 682 379
6136 6133 6134
6138 6131 6137
6140 6138 6138
6142 685 685
6144 6142 6142
6146 395 6145
6148 6144 6144
6150 407 6149
6152 6147 6151
6154 683 6152
6156 6141 6155
6158 6157 6157
6160 6122 6159
6162 6123 6123
6164 6156 6163
6166 6161 6165
6168 6166 6166
6170 6168 6168
6172 6170 6170
5974 851 851
5976 5974 5974
5978 361 848
5980 5977 5978
5982 5976 5976
5984 848 379
5986 5983 5984
5988 5981 5987
5990 5988 5988
5992 851 851
5994 5992 5992
5996 395 5995
5998 5994 5994
6000 407 5999
6002 5997 6001
6004 849 6002
6006 5991 6005
6008 6007 6007
6010 891 891
6012 6010 6010
6014 361 888
6016 6013 6014
6018 6012 6012
6020 888 379
6022 6019 6020
6024 6017 6023
6026 6024 6024
6028 891 891
6030 6028 6028
6032 395 6031
6034 6030 6030
6036 407 6035
6038 6033 6037
6040 889 6038
6042 6027 6041
6044 931 931
6046 6044 6044
6048 361 928
6050 6047 6048
6052 6046 6046
6054 928 379
6056 6053 6054
6058 6051 6057
6060 6058 6058
6062 931 931
6064 6062 6062
6066 395 6065
6068 6064 6064
6070 407 6069
6072 6067 6071
6074 929 6072
6076 6061 6075
6078 6077 6077
6080 6042 6079
6082 6043 6043
6084 6076 6083
6086 6081 6085
6088 6086 6086
6174 6009 6089
6176 6173 6174
6178 6008 6008
6180 6089 6179
6182 6171 6180
6184 6177 6183
6186 6166 6166
6188 6186 6186
6190 6188 6188
6192 6179 6087
6194 6191 6192
6196 6087 6009
6198 6189 6196
6200 6195 6199
6202 6184 6200
6204 6202 6202
6206 5973 6205
6208 5972 5972
6210 6203 6209
6212 6207 6211
6214 6212 6212
6216 6215 2527
6218 2533 6216
6220 1296 1296
6222 6220 6220
6224 1270 1270
6226 6224 6224
6228 1322 1322
6230 6228 6228
6232 1244 1244
6234 6232 6232
6236 1218 1218
6238 6236 6236
6246 1245 1271
6248 2184 6246
6250 1297 6248
6242 1271 2176
6244 1297 6242
6240 1297 2170
6252 2167 6241
6254 6245 6252
6256 6251 6254
6258 1245 2184
6260 2177 6259
6262 6260 6260
6266 1245 1271
6268 2184 6266
6264 1271 2176
6270 2171 6265
6272 6269 6270
6274 2185 2185
6276 6274 6274
6278 6276 6276
6280 6272 6279
6282 6273 6273
6284 6277 6283
6286 6281 6285
6288 6286 6286
6290 6263 6289
6292 6262 6262
6294 6287 6293
6296 6291 6295
6298 6296 6296
6300 6256 6299
6302 6257 6257
6304 6297 6303
6306 6301 6305
6308 6306 6306
6310 6239 6309
6312 6238 6238
6314 6307 6313
6316 6311 6315
6318 6316 6316
6320 6235 6319
6322 6234 6234
6324 6317 6323
6326 6321 6325
6328 6326 6326
6330 6231 6329
6332 6230 6230
6334 6327 6333
6336 6331 6335
6338 6336 6336
6340 6227 6339
6342 6226 6226
6344 6337 6343
6346 6341 6345
6348 6346 6346
6350 6223 6349
6352 6222 6222
6354 6347 6353
6356 6351 6355
6358 6356 6356
6362 6361 6361
6364 6359 6363
6366 1296 1296
6368 6366 6366
6370 1270 1270
6372 6370 6370
6374 1322 1322
6376 6374 6374
6378 1244 1244
6380 6378 6378
6382 1218 1218
6384 6382 6382
6398 1219 1271
6400 1297 6398
6402 1245 6400
6392 1245 1271
6394 2184 6392
6396 1297 6394
6388 1271 2176
6390 1297 6388
6386 1297 2170
6404 2167 6387
6406 6391 6404
6408 6397 6406
6410 6403 6408
6412 1219 1245
6414 6260 6413
6422 1219 1271
6424 1245 6422
6418 1245 1271
6420 2184 6418
6416 1271 2176
6426 2171 6417
6428 6421 6426
6430 6425 6428
6432 849 1200
6434 6433 6433
6436 6431 6435
6438 6430 6430
6440 6432 6439
6442 6437 6441
6444 6442 6442
6446 6415 6445
6448 6414 6414
6450 6443 6449
6452 6447 6451
6454 6452 6452
6456 6411 6455
6458 6410 6410
6460 6453 6459
6462 6457 6461
6464 6462 6462
6466 6385 6465
6468 6384 6384
6470 6463 6469
6472 6467 6471
6474 6472 6472
6476 6381 6475
6478 6380 6380
6480 6473 6479
6482 6477 6481
6484 6482 6482
6486 6377 6485
6488 6376 6376
6490 6483 6489
6492 6487 6491
6494 6492 6492
6496 6373 6495
6498 6372 6372
6500 6493 6499
6502 6497 6501
6504 6502 6502
6506 6369 6505
6508 6368 6368
6510 6503 6509
6512 6507 6511
6514 6360 6513
6516 6365 6515
6620 1154 1154
6622 6620 6620
6624 1180 1180
6626 6624 6624
6628 1128 1128
6630 6628 6628
6632 1102 1102
6634 6632 6632
6642 1103 1129
6644 1155 6642
6638 1129 2150
6640 1155 6638
6636 1155 2144
6646 2141 6637
6648 6641 6646
6650 6645 6648
6544 1129 2150
6546 2145 6545
6652 1103 1129
6654 6546 6653
6656 723 1084
6658 6657 6657
6660 6655 6659
6662 6654 6654
6664 6656 6663
6666 6661 6665
6668 6666 6666
6670 6651 6669
6672 6650 6650
6674 6667 6673
6676 6671 6675
6678 6676 6676
6680 6635 6679
6682 6634 6634
6684 6677 6683
6686 6681 6685
6688 6686 6686
6690 6631 6689
6692 6630 6630
6694 6687 6693
6696 6691 6695
6698 6696 6696
6700 6627 6699
6702 6626 6626
6704 6697 6703
6706 6701 6705
6708 6706 6706
6710 6623 6709
6712 6622 6622
6714 6707 6713
6716 6711 6715
6614 2200 2200
6722 1331 1331
6724 6615 6723
6730 6725 6725
6732 6717 6731
6734 6360 6732
6518 1154 1154
6520 6518 6518
6522 1180 1180
6524 6522 6522
6526 1128 1128
6528 6526 6526
6530 1102 1102
6532 6530 6530
6536 1129 2150
6538 1155 6536
6534 1155 2144
6540 2141 6535
6542 6539 6540
6548 6546 6546
6550 2151 2151
6552 6550 6550
6554 6552 6552
6556 6549 6555
6558 6548 6548
6560 6553 6559
6562 6557 6561
6564 6562 6562
6566 6542 6565
6568 6543 6543
6570 6563 6569
6572 6567 6571
6574 6572 6572
6576 6533 6575
6578 6532 6532
6580 6573 6579
6582 6577 6581
6584 6582 6582
6586 6529 6585
6588 6528 6528
6590 6583 6589
6592 6587 6591
6594 6592 6592
6596 6525 6595
6598 6524 6524
6600 6593 6599
6602 6597 6601
6604 6602 6602
6606 6521 6605
6608 6520 6520
6610 6603 6609
6612 6607 6611
6726 6613 6724
6728 6360 6726
6616 6613 6615
6618 6363 6616
6718 6717 2201
6720 6363 6718
6736 6619 6721
6738 6729 6736
6740 6735 6738
6742 6740 6740
6744 6517 6743
6746 6516 6516
6748 6741 6747
6750 6745 6749
6752 6751 2525
6754 2533 6752
6764 6219 6755
6766 6761 6764
6768 6763 6766
6830 6828 2649
6832 2657 6830
6824 6822 2651
6826 2657 6824
6770 2429 2429
6772 6770 6770
6774 6772 6772
6776 5293 6775
6778 5818 5818
6780 6779 6773
6782 6777 6781
6784 2437 2437
6786 6784 6784
6788 6786 6786
6790 6783 6789
6794 6792 6787
6796 6791 6795
6798 6797 2651
6800 2659 6798
6802 6213 6775
6804 6750 6750
6806 6805 6773
6808 6803 6807
6810 6809 6789
6814 6812 6787
6816 6811 6815
6818 6817 2649
6820 2659 6818
6834 6801 6821
6836 6827 6834
6838 6833 6836
6852 6828 2861
6854 2869 6852
6848 6822 2863
6850 2869 6848
6840 6797 2863
6842 2871 6840
6844 6817 2861
6846 2871 6844
6856 6843 6847
6858 6851 6856
6860 6855 6858
6890 6888 3751
6892 3759 6890
6884 6882 3753
6886 3759 6884
6862 6783 6789
6864 6792 6787
6866 6863 6865
6868 6867 3753
6870 3761 6868
6872 6809 6789
6874 6812 6787
6876 6873 6875
6878 6877 3751
6880 3761 6878
6894 6871 6881
6896 6887 6894
6898 6893 6896
6900 6899 3791
6902 6901 6901
6916 6888 3799
6918 3807 6916
6912 6882 3801
6914 3807 6912
6904 6867 3801
6906 3809 6904
6908 6877 3799
6910 3809 6908
6920 6907 6911
6922 6915 6920
6924 6919 6922
6926 6925 3839
6928 6927 6927
c
AAG output by CYT.
