aag 2448 32 0 32 2416
328
452
596
760
944
1148
8
2
1372
1616
1880
2164
4
20
64
128
212
316
32
440
584
748
932
1136
1360
1604
1868
2152
2456
76
140
224
6
30
74
138
222
326
450
594
758
942
1146
1370
1614
1878
2162
2466
2766
3048
3310
3552
3774
3976
4158
4320
4462
4584
4686
4768
4830
4872
4890
4896
6 2 4
10 8 4
12 11 11
14 11 12
16 12 12
18 15 16
22 2 20
24 19 23
26 19 25
28 25 23
30 27 29
34 32 4
36 35 35
38 35 36
40 36 36
42 39 40
44 8 20
46 43 45
48 43 47
50 47 45
52 49 51
54 12 25
56 53 55
58 53 57
60 57 55
62 59 61
66 2 64
68 63 67
70 63 69
72 69 67
74 71 73
78 76 4
80 79 79
82 79 80
84 80 80
86 83 84
88 32 20
90 87 89
92 87 91
94 91 89
96 93 95
98 36 47
100 97 99
102 97 101
104 101 99
106 103 105
108 8 64
110 107 109
112 107 111
114 111 109
116 113 115
118 57 69
120 117 119
122 117 121
124 121 119
126 123 125
130 2 128
132 127 131
134 127 133
136 133 131
138 135 137
142 140 4
144 143 143
146 143 144
148 144 144
150 147 148
152 76 20
154 151 153
156 151 155
158 155 153
160 157 159
162 80 91
164 161 163
166 161 165
168 165 163
170 167 169
172 32 64
174 171 173
176 171 175
178 175 173
180 177 179
182 101 111
184 181 183
186 181 185
188 185 183
190 187 189
192 8 128
194 191 193
196 191 195
198 195 193
200 197 199
202 121 133
204 201 203
206 201 205
208 205 203
210 207 209
214 2 212
216 211 215
218 211 217
220 217 215
222 219 221
226 224 4
228 227 227
230 227 228
232 228 228
234 231 232
236 140 20
238 235 237
240 235 239
242 239 237
244 241 243
246 144 155
248 245 247
250 245 249
252 249 247
254 251 253
256 76 64
258 255 257
260 255 259
262 259 257
264 261 263
266 165 175
268 265 267
270 265 269
272 269 267
274 271 273
276 32 128
278 275 277
280 275 279
282 279 277
284 281 283
286 185 195
288 285 287
290 285 289
292 289 287
294 291 293
296 8 212
298 295 297
300 295 299
302 299 297
304 301 303
306 205 217
308 305 307
310 305 309
312 309 307
314 311 313
318 2 316
320 315 319
322 315 321
324 321 319
326 323 325
330 328 4
332 331 331
334 331 332
336 332 332
338 335 336
340 224 20
342 339 341
344 339 343
346 343 341
348 345 347
350 228 239
352 349 351
354 349 353
356 353 351
358 355 357
360 140 64
362 359 361
364 359 363
366 363 361
368 365 367
370 249 259
372 369 371
374 369 373
376 373 371
378 375 377
380 76 128
382 379 381
384 379 383
386 383 381
388 385 387
390 269 279
392 389 391
394 389 393
396 393 391
398 395 397
400 32 212
402 399 401
404 399 403
406 403 401
408 405 407
410 289 299
412 409 411
414 409 413
416 413 411
418 415 417
420 8 316
422 419 421
424 419 423
426 423 421
428 425 427
430 309 321
432 429 431
434 429 433
436 433 431
438 435 437
442 2 440
444 439 443
446 439 445
448 445 443
450 447 449
454 452 4
456 455 455
458 455 456
460 456 456
462 459 460
464 328 20
466 463 465
468 463 467
470 467 465
472 469 471
474 332 343
476 473 475
478 473 477
480 477 475
482 479 481
484 224 64
486 483 485
488 483 487
490 487 485
492 489 491
494 353 363
496 493 495
498 493 497
500 497 495
502 499 501
504 140 128
506 503 505
508 503 507
510 507 505
512 509 511
514 373 383
516 513 515
518 513 517
520 517 515
522 519 521
524 76 212
526 523 525
528 523 527
530 527 525
532 529 531
534 393 403
536 533 535
538 533 537
540 537 535
542 539 541
544 32 316
546 543 545
548 543 547
550 547 545
552 549 551
554 413 423
556 553 555
558 553 557
560 557 555
562 559 561
564 8 440
566 563 565
568 563 567
570 567 565
572 569 571
574 433 445
576 573 575
578 573 577
580 577 575
582 579 581
586 2 584
588 583 587
590 583 589
592 589 587
594 591 593
598 596 4
600 599 599
602 599 600
604 600 600
606 603 604
608 452 20
610 607 609
612 607 611
614 611 609
616 613 615
618 456 467
620 617 619
622 617 621
624 621 619
626 623 625
628 328 64
630 627 629
632 627 631
634 631 629
636 633 635
638 477 487
640 637 639
642 637 641
644 641 639
646 643 645
648 224 128
650 647 649
652 647 651
654 651 649
656 653 655
658 497 507
660 657 659
662 657 661
664 661 659
666 663 665
668 140 212
670 667 669
672 667 671
674 671 669
676 673 675
678 517 527
680 677 679
682 677 681
684 681 679
686 683 685
688 76 316
690 687 689
692 687 691
694 691 689
696 693 695
698 537 547
700 697 699
702 697 701
704 701 699
706 703 705
708 32 440
710 707 709
712 707 711
714 711 709
716 713 715
718 557 567
720 717 719
722 717 721
724 721 719
726 723 725
728 8 584
730 727 729
732 727 731
734 731 729
736 733 735
738 577 589
740 737 739
742 737 741
744 741 739
746 743 745
750 2 748
752 747 751
754 747 753
756 753 751
758 755 757
762 760 4
764 763 763
766 763 764
768 764 764
770 767 768
772 596 20
774 771 773
776 771 775
778 775 773
780 777 779
782 600 611
784 781 783
786 781 785
788 785 783
790 787 789
792 452 64
794 791 793
796 791 795
798 795 793
800 797 799
802 621 631
804 801 803
806 801 805
808 805 803
810 807 809
812 328 128
814 811 813
816 811 815
818 815 813
820 817 819
822 641 651
824 821 823
826 821 825
828 825 823
830 827 829
832 224 212
834 831 833
836 831 835
838 835 833
840 837 839
842 661 671
844 841 843
846 841 845
848 845 843
850 847 849
852 140 316
854 851 853
856 851 855
858 855 853
860 857 859
862 681 691
864 861 863
866 861 865
868 865 863
870 867 869
872 76 440
874 871 873
876 871 875
878 875 873
880 877 879
882 701 711
884 881 883
886 881 885
888 885 883
890 887 889
892 32 584
894 891 893
896 891 895
898 895 893
900 897 899
902 721 731
904 901 903
906 901 905
908 905 903
910 907 909
912 8 748
914 911 913
916 911 915
918 915 913
920 917 919
922 741 753
924 921 923
926 921 925
928 925 923
930 927 929
934 2 932
936 931 935
938 931 937
940 937 935
942 939 941
946 944 4
948 947 947
950 947 948
952 948 948
954 951 952
956 760 20
958 955 957
960 955 959
962 959 957
964 961 963
966 764 775
968 965 967
970 965 969
972 969 967
974 971 973
976 596 64
978 975 977
980 975 979
982 979 977
984 981 983
986 785 795
988 985 987
990 985 989
992 989 987
994 991 993
996 452 128
998 995 997
1000 995 999
1002 999 997
1004 1001 1003
1006 805 815
1008 1005 1007
1010 1005 1009
1012 1009 1007
1014 1011 1013
1016 328 212
1018 1015 1017
1020 1015 1019
1022 1019 1017
1024 1021 1023
1026 825 835
1028 1025 1027
1030 1025 1029
1032 1029 1027
1034 1031 1033
1036 224 316
1038 1035 1037
1040 1035 1039
1042 1039 1037
1044 1041 1043
1046 845 855
1048 1045 1047
1050 1045 1049
1052 1049 1047
1054 1051 1053
1056 140 440
1058 1055 1057
1060 1055 1059
1062 1059 1057
1064 1061 1063
1066 865 875
1068 1065 1067
1070 1065 1069
1072 1069 1067
1074 1071 1073
1076 76 584
1078 1075 1077
1080 1075 1079
1082 1079 1077
1084 1081 1083
1086 885 895
1088 1085 1087
1090 1085 1089
1092 1089 1087
1094 1091 1093
1096 32 748
1098 1095 1097
1100 1095 1099
1102 1099 1097
1104 1101 1103
1106 905 915
1108 1105 1107
1110 1105 1109
1112 1109 1107
1114 1111 1113
1116 8 932
1118 1115 1117
1120 1115 1119
1122 1119 1117
1124 1121 1123
1126 925 937
1128 1125 1127
1130 1125 1129
1132 1129 1127
1134 1131 1133
1138 2 1136
1140 1135 1139
1142 1135 1141
1144 1141 1139
1146 1143 1145
1150 1148 4
1152 1151 1151
1154 1151 1152
1156 1152 1152
1158 1155 1156
1160 944 20
1162 1159 1161
1164 1159 1163
1166 1163 1161
1168 1165 1167
1170 948 959
1172 1169 1171
1174 1169 1173
1176 1173 1171
1178 1175 1177
1180 760 64
1182 1179 1181
1184 1179 1183
1186 1183 1181
1188 1185 1187
1190 969 979
1192 1189 1191
1194 1189 1193
1196 1193 1191
1198 1195 1197
1200 596 128
1202 1199 1201
1204 1199 1203
1206 1203 1201
1208 1205 1207
1210 989 999
1212 1209 1211
1214 1209 1213
1216 1213 1211
1218 1215 1217
1220 452 212
1222 1219 1221
1224 1219 1223
1226 1223 1221
1228 1225 1227
1230 1009 1019
1232 1229 1231
1234 1229 1233
1236 1233 1231
1238 1235 1237
1240 328 316
1242 1239 1241
1244 1239 1243
1246 1243 1241
1248 1245 1247
1250 1029 1039
1252 1249 1251
1254 1249 1253
1256 1253 1251
1258 1255 1257
1260 224 440
1262 1259 1261
1264 1259 1263
1266 1263 1261
1268 1265 1267
1270 1049 1059
1272 1269 1271
1274 1269 1273
1276 1273 1271
1278 1275 1277
1280 140 584
1282 1279 1281
1284 1279 1283
1286 1283 1281
1288 1285 1287
1290 1069 1079
1292 1289 1291
1294 1289 1293
1296 1293 1291
1298 1295 1297
1300 76 748
1302 1299 1301
1304 1299 1303
1306 1303 1301
1308 1305 1307
1310 1089 1099
1312 1309 1311
1314 1309 1313
1316 1313 1311
1318 1315 1317
1320 32 932
1322 1319 1321
1324 1319 1323
1326 1323 1321
1328 1325 1327
1330 1109 1119
1332 1329 1331
1334 1329 1333
1336 1333 1331
1338 1335 1337
1340 8 1136
1342 1339 1341
1344 1339 1343
1346 1343 1341
1348 1345 1347
1350 1129 1141
1352 1349 1351
1354 1349 1353
1356 1353 1351
1358 1355 1357
1362 2 1360
1364 1359 1363
1366 1359 1365
1368 1365 1363
1370 1367 1369
1374 1372 4
1376 1375 1375
1378 1375 1376
1380 1376 1376
1382 1379 1380
1384 1148 20
1386 1383 1385
1388 1383 1387
1390 1387 1385
1392 1389 1391
1394 1152 1163
1396 1393 1395
1398 1393 1397
1400 1397 1395
1402 1399 1401
1404 944 64
1406 1403 1405
1408 1403 1407
1410 1407 1405
1412 1409 1411
1414 1173 1183
1416 1413 1415
1418 1413 1417
1420 1417 1415
1422 1419 1421
1424 760 128
1426 1423 1425
1428 1423 1427
1430 1427 1425
1432 1429 1431
1434 1193 1203
1436 1433 1435
1438 1433 1437
1440 1437 1435
1442 1439 1441
1444 596 212
1446 1443 1445
1448 1443 1447
1450 1447 1445
1452 1449 1451
1454 1213 1223
1456 1453 1455
1458 1453 1457
1460 1457 1455
1462 1459 1461
1464 452 316
1466 1463 1465
1468 1463 1467
1470 1467 1465
1472 1469 1471
1474 1233 1243
1476 1473 1475
1478 1473 1477
1480 1477 1475
1482 1479 1481
1484 328 440
1486 1483 1485
1488 1483 1487
1490 1487 1485
1492 1489 1491
1494 1253 1263
1496 1493 1495
1498 1493 1497
1500 1497 1495
1502 1499 1501
1504 224 584
1506 1503 1505
1508 1503 1507
1510 1507 1505
1512 1509 1511
1514 1273 1283
1516 1513 1515
1518 1513 1517
1520 1517 1515
1522 1519 1521
1524 140 748
1526 1523 1525
1528 1523 1527
1530 1527 1525
1532 1529 1531
1534 1293 1303
1536 1533 1535
1538 1533 1537
1540 1537 1535
1542 1539 1541
1544 76 932
1546 1543 1545
1548 1543 1547
1550 1547 1545
1552 1549 1551
1554 1313 1323
1556 1553 1555
1558 1553 1557
1560 1557 1555
1562 1559 1561
1564 32 1136
1566 1563 1565
1568 1563 1567
1570 1567 1565
1572 1569 1571
1574 1333 1343
1576 1573 1575
1578 1573 1577
1580 1577 1575
1582 1579 1581
1584 8 1360
1586 1583 1585
1588 1583 1587
1590 1587 1585
1592 1589 1591
1594 1353 1365
1596 1593 1595
1598 1593 1597
1600 1597 1595
1602 1599 1601
1606 2 1604
1608 1603 1607
1610 1603 1609
1612 1609 1607
1614 1611 1613
1618 1616 4
1620 1619 1619
1622 1619 1620
1624 1620 1620
1626 1623 1624
1628 1372 20
1630 1627 1629
1632 1627 1631
1634 1631 1629
1636 1633 1635
1638 1376 1387
1640 1637 1639
1642 1637 1641
1644 1641 1639
1646 1643 1645
1648 1148 64
1650 1647 1649
1652 1647 1651
1654 1651 1649
1656 1653 1655
1658 1397 1407
1660 1657 1659
1662 1657 1661
1664 1661 1659
1666 1663 1665
1668 944 128
1670 1667 1669
1672 1667 1671
1674 1671 1669
1676 1673 1675
1678 1417 1427
1680 1677 1679
1682 1677 1681
1684 1681 1679
1686 1683 1685
1688 760 212
1690 1687 1689
1692 1687 1691
1694 1691 1689
1696 1693 1695
1698 1437 1447
1700 1697 1699
1702 1697 1701
1704 1701 1699
1706 1703 1705
1708 596 316
1710 1707 1709
1712 1707 1711
1714 1711 1709
1716 1713 1715
1718 1457 1467
1720 1717 1719
1722 1717 1721
1724 1721 1719
1726 1723 1725
1728 452 440
1730 1727 1729
1732 1727 1731
1734 1731 1729
1736 1733 1735
1738 1477 1487
1740 1737 1739
1742 1737 1741
1744 1741 1739
1746 1743 1745
1748 328 584
1750 1747 1749
1752 1747 1751
1754 1751 1749
1756 1753 1755
1758 1497 1507
1760 1757 1759
1762 1757 1761
1764 1761 1759
1766 1763 1765
1768 224 748
1770 1767 1769
1772 1767 1771
1774 1771 1769
1776 1773 1775
1778 1517 1527
1780 1777 1779
1782 1777 1781
1784 1781 1779
1786 1783 1785
1788 140 932
1790 1787 1789
1792 1787 1791
1794 1791 1789
1796 1793 1795
1798 1537 1547
1800 1797 1799
1802 1797 1801
1804 1801 1799
1806 1803 1805
1808 76 1136
1810 1807 1809
1812 1807 1811
1814 1811 1809
1816 1813 1815
1818 1557 1567
1820 1817 1819
1822 1817 1821
1824 1821 1819
1826 1823 1825
1828 32 1360
1830 1827 1829
1832 1827 1831
1834 1831 1829
1836 1833 1835
1838 1577 1587
1840 1837 1839
1842 1837 1841
1844 1841 1839
1846 1843 1845
1848 8 1604
1850 1847 1849
1852 1847 1851
1854 1851 1849
1856 1853 1855
1858 1597 1609
1860 1857 1859
1862 1857 1861
1864 1861 1859
1866 1863 1865
1870 2 1868
1872 1867 1871
1874 1867 1873
1876 1873 1871
1878 1875 1877
1882 1880 4
1884 1883 1883
1886 1883 1884
1888 1884 1884
1890 1887 1888
1892 1616 20
1894 1891 1893
1896 1891 1895
1898 1895 1893
1900 1897 1899
1902 1620 1631
1904 1901 1903
1906 1901 1905
1908 1905 1903
1910 1907 1909
1912 1372 64
1914 1911 1913
1916 1911 1915
1918 1915 1913
1920 1917 1919
1922 1641 1651
1924 1921 1923
1926 1921 1925
1928 1925 1923
1930 1927 1929
1932 1148 128
1934 1931 1933
1936 1931 1935
1938 1935 1933
1940 1937 1939
1942 1661 1671
1944 1941 1943
1946 1941 1945
1948 1945 1943
1950 1947 1949
1952 944 212
1954 1951 1953
1956 1951 1955
1958 1955 1953
1960 1957 1959
1962 1681 1691
1964 1961 1963
1966 1961 1965
1968 1965 1963
1970 1967 1969
1972 760 316
1974 1971 1973
1976 1971 1975
1978 1975 1973
1980 1977 1979
1982 1701 1711
1984 1981 1983
1986 1981 1985
1988 1985 1983
1990 1987 1989
1992 596 440
1994 1991 1993
1996 1991 1995
1998 1995 1993
2000 1997 1999
2002 1721 1731
2004 2001 2003
2006 2001 2005
2008 2005 2003
2010 2007 2009
2012 452 584
2014 2011 2013
2016 2011 2015
2018 2015 2013
2020 2017 2019
2022 1741 1751
2024 2021 2023
2026 2021 2025
2028 2025 2023
2030 2027 2029
2032 328 748
2034 2031 2033
2036 2031 2035
2038 2035 2033
2040 2037 2039
2042 1761 1771
2044 2041 2043
2046 2041 2045
2048 2045 2043
2050 2047 2049
2052 224 932
2054 2051 2053
2056 2051 2055
2058 2055 2053
2060 2057 2059
2062 1781 1791
2064 2061 2063
2066 2061 2065
2068 2065 2063
2070 2067 2069
2072 140 1136
2074 2071 2073
2076 2071 2075
2078 2075 2073
2080 2077 2079
2082 1801 1811
2084 2081 2083
2086 2081 2085
2088 2085 2083
2090 2087 2089
2092 76 1360
2094 2091 2093
2096 2091 2095
2098 2095 2093
2100 2097 2099
2102 1821 1831
2104 2101 2103
2106 2101 2105
2108 2105 2103
2110 2107 2109
2112 32 1604
2114 2111 2113
2116 2111 2115
2118 2115 2113
2120 2117 2119
2122 1841 1851
2124 2121 2123
2126 2121 2125
2128 2125 2123
2130 2127 2129
2132 8 1868
2134 2131 2133
2136 2131 2135
2138 2135 2133
2140 2137 2139
2142 1861 1873
2144 2141 2143
2146 2141 2145
2148 2145 2143
2150 2147 2149
2154 2 2152
2156 2151 2155
2158 2151 2157
2160 2157 2155
2162 2159 2161
2166 2164 4
2168 2167 2167
2170 2167 2168
2172 2168 2168
2174 2171 2172
2176 1880 20
2178 2175 2177
2180 2175 2179
2182 2179 2177
2184 2181 2183
2186 1884 1895
2188 2185 2187
2190 2185 2189
2192 2189 2187
2194 2191 2193
2196 1616 64
2198 2195 2197
2200 2195 2199
2202 2199 2197
2204 2201 2203
2206 1905 1915
2208 2205 2207
2210 2205 2209
2212 2209 2207
2214 2211 2213
2216 1372 128
2218 2215 2217
2220 2215 2219
2222 2219 2217
2224 2221 2223
2226 1925 1935
2228 2225 2227
2230 2225 2229
2232 2229 2227
2234 2231 2233
2236 1148 212
2238 2235 2237
2240 2235 2239
2242 2239 2237
2244 2241 2243
2246 1945 1955
2248 2245 2247
2250 2245 2249
2252 2249 2247
2254 2251 2253
2256 944 316
2258 2255 2257
2260 2255 2259
2262 2259 2257
2264 2261 2263
2266 1965 1975
2268 2265 2267
2270 2265 2269
2272 2269 2267
2274 2271 2273
2276 760 440
2278 2275 2277
2280 2275 2279
2282 2279 2277
2284 2281 2283
2286 1985 1995
2288 2285 2287
2290 2285 2289
2292 2289 2287
2294 2291 2293
2296 596 584
2298 2295 2297
2300 2295 2299
2302 2299 2297
2304 2301 2303
2306 2005 2015
2308 2305 2307
2310 2305 2309
2312 2309 2307
2314 2311 2313
2316 452 748
2318 2315 2317
2320 2315 2319
2322 2319 2317
2324 2321 2323
2326 2025 2035
2328 2325 2327
2330 2325 2329
2332 2329 2327
2334 2331 2333
2336 328 932
2338 2335 2337
2340 2335 2339
2342 2339 2337
2344 2341 2343
2346 2045 2055
2348 2345 2347
2350 2345 2349
2352 2349 2347
2354 2351 2353
2356 224 1136
2358 2355 2357
2360 2355 2359
2362 2359 2357
2364 2361 2363
2366 2065 2075
2368 2365 2367
2370 2365 2369
2372 2369 2367
2374 2371 2373
2376 140 1360
2378 2375 2377
2380 2375 2379
2382 2379 2377
2384 2381 2383
2386 2085 2095
2388 2385 2387
2390 2385 2389
2392 2389 2387
2394 2391 2393
2396 76 1604
2398 2395 2397
2400 2395 2399
2402 2399 2397
2404 2401 2403
2406 2105 2115
2408 2405 2407
2410 2405 2409
2412 2409 2407
2414 2411 2413
2416 32 1868
2418 2415 2417
2420 2415 2419
2422 2419 2417
2424 2421 2423
2426 2125 2135
2428 2425 2427
2430 2425 2429
2432 2429 2427
2434 2431 2433
2436 8 2152
2438 2435 2437
2440 2435 2439
2442 2439 2437
2444 2441 2443
2446 2145 2157
2448 2445 2447
2450 2445 2449
2452 2449 2447
2454 2451 2453
2458 2 2456
2460 2455 2459
2462 2455 2461
2464 2461 2459
2466 2463 2465
2468 2164 20
2470 2168 2179
2472 2469 2471
2474 2469 2473
2476 2473 2471
2478 2475 2477
2480 1880 64
2482 2479 2481
2484 2479 2483
2486 2483 2481
2488 2485 2487
2490 2189 2199
2492 2489 2491
2494 2489 2493
2496 2493 2491
2498 2495 2497
2500 1616 128
2502 2499 2501
2504 2499 2503
2506 2503 2501
2508 2505 2507
2510 2209 2219
2512 2509 2511
2514 2509 2513
2516 2513 2511
2518 2515 2517
2520 1372 212
2522 2519 2521
2524 2519 2523
2526 2523 2521
2528 2525 2527
2530 2229 2239
2532 2529 2531
2534 2529 2533
2536 2533 2531
2538 2535 2537
2540 1148 316
2542 2539 2541
2544 2539 2543
2546 2543 2541
2548 2545 2547
2550 2249 2259
2552 2549 2551
2554 2549 2553
2556 2553 2551
2558 2555 2557
2560 944 440
2562 2559 2561
2564 2559 2563
2566 2563 2561
2568 2565 2567
2570 2269 2279
2572 2569 2571
2574 2569 2573
2576 2573 2571
2578 2575 2577
2580 760 584
2582 2579 2581
2584 2579 2583
2586 2583 2581
2588 2585 2587
2590 2289 2299
2592 2589 2591
2594 2589 2593
2596 2593 2591
2598 2595 2597
2600 596 748
2602 2599 2601
2604 2599 2603
2606 2603 2601
2608 2605 2607
2610 2309 2319
2612 2609 2611
2614 2609 2613
2616 2613 2611
2618 2615 2617
2620 452 932
2622 2619 2621
2624 2619 2623
2626 2623 2621
2628 2625 2627
2630 2329 2339
2632 2629 2631
2634 2629 2633
2636 2633 2631
2638 2635 2637
2640 328 1136
2642 2639 2641
2644 2639 2643
2646 2643 2641
2648 2645 2647
2650 2349 2359
2652 2649 2651
2654 2649 2653
2656 2653 2651
2658 2655 2657
2660 224 1360
2662 2659 2661
2664 2659 2663
2666 2663 2661
2668 2665 2667
2670 2369 2379
2672 2669 2671
2674 2669 2673
2676 2673 2671
2678 2675 2677
2680 140 1604
2682 2679 2681
2684 2679 2683
2686 2683 2681
2688 2685 2687
2690 2389 2399
2692 2689 2691
2694 2689 2693
2696 2693 2691
2698 2695 2697
2700 76 1868
2702 2699 2701
2704 2699 2703
2706 2703 2701
2708 2705 2707
2710 2409 2419
2712 2709 2711
2714 2709 2713
2716 2713 2711
2718 2715 2717
2720 32 2152
2722 2719 2721
2724 2719 2723
2726 2723 2721
2728 2725 2727
2730 2429 2439
2732 2729 2731
2734 2729 2733
2736 2733 2731
2738 2735 2737
2740 8 2456
2742 2739 2741
2744 2739 2743
2746 2743 2741
2748 2745 2747
2750 2449 2461
2752 2749 2751
2754 2749 2753
2756 2753 2751
2758 2755 2757
2760 2759 2759
2762 2759 2760
2764 2760 2760
2766 2763 2764
2768 2164 64
2770 2473 2483
2772 2769 2771
2774 2769 2773
2776 2773 2771
2778 2775 2777
2780 1880 128
2782 2779 2781
2784 2779 2783
2786 2783 2781
2788 2785 2787
2790 2493 2503
2792 2789 2791
2794 2789 2793
2796 2793 2791
2798 2795 2797
2800 1616 212
2802 2799 2801
2804 2799 2803
2806 2803 2801
2808 2805 2807
2810 2513 2523
2812 2809 2811
2814 2809 2813
2816 2813 2811
2818 2815 2817
2820 1372 316
2822 2819 2821
2824 2819 2823
2826 2823 2821
2828 2825 2827
2830 2533 2543
2832 2829 2831
2834 2829 2833
2836 2833 2831
2838 2835 2837
2840 1148 440
2842 2839 2841
2844 2839 2843
2846 2843 2841
2848 2845 2847
2850 2553 2563
2852 2849 2851
2854 2849 2853
2856 2853 2851
2858 2855 2857
2860 944 584
2862 2859 2861
2864 2859 2863
2866 2863 2861
2868 2865 2867
2870 2573 2583
2872 2869 2871
2874 2869 2873
2876 2873 2871
2878 2875 2877
2880 760 748
2882 2879 2881
2884 2879 2883
2886 2883 2881
2888 2885 2887
2890 2593 2603
2892 2889 2891
2894 2889 2893
2896 2893 2891
2898 2895 2897
2900 596 932
2902 2899 2901
2904 2899 2903
2906 2903 2901
2908 2905 2907
2910 2613 2623
2912 2909 2911
2914 2909 2913
2916 2913 2911
2918 2915 2917
2920 452 1136
2922 2919 2921
2924 2919 2923
2926 2923 2921
2928 2925 2927
2930 2633 2643
2932 2929 2931
2934 2929 2933
2936 2933 2931
2938 2935 2937
2940 328 1360
2942 2939 2941
2944 2939 2943
2946 2943 2941
2948 2945 2947
2950 2653 2663
2952 2949 2951
2954 2949 2953
2956 2953 2951
2958 2955 2957
2960 224 1604
2962 2959 2961
2964 2959 2963
2966 2963 2961
2968 2965 2967
2970 2673 2683
2972 2969 2971
2974 2969 2973
2976 2973 2971
2978 2975 2977
2980 140 1868
2982 2979 2981
2984 2979 2983
2986 2983 2981
2988 2985 2987
2990 2693 2703
2992 2989 2991
2994 2989 2993
2996 2993 2991
2998 2995 2997
3000 76 2152
3002 2999 3001
3004 2999 3003
3006 3003 3001
3008 3005 3007
3010 2713 2723
3012 3009 3011
3014 3009 3013
3016 3013 3011
3018 3015 3017
3020 32 2456
3022 3019 3021
3024 3019 3023
3026 3023 3021
3028 3025 3027
3030 2733 2743
3032 3029 3031
3034 3029 3033
3036 3033 3031
3038 3035 3037
3040 2753 2760
3042 3039 3041
3044 3039 3043
3046 3043 3041
3048 3045 3047
3050 2164 128
3052 2773 2783
3054 3051 3053
3056 3051 3055
3058 3055 3053
3060 3057 3059
3062 1880 212
3064 3061 3063
3066 3061 3065
3068 3065 3063
3070 3067 3069
3072 2793 2803
3074 3071 3073
3076 3071 3075
3078 3075 3073
3080 3077 3079
3082 1616 316
3084 3081 3083
3086 3081 3085
3088 3085 3083
3090 3087 3089
3092 2813 2823
3094 3091 3093
3096 3091 3095
3098 3095 3093
3100 3097 3099
3102 1372 440
3104 3101 3103
3106 3101 3105
3108 3105 3103
3110 3107 3109
3112 2833 2843
3114 3111 3113
3116 3111 3115
3118 3115 3113
3120 3117 3119
3122 1148 584
3124 3121 3123
3126 3121 3125
3128 3125 3123
3130 3127 3129
3132 2853 2863
3134 3131 3133
3136 3131 3135
3138 3135 3133
3140 3137 3139
3142 944 748
3144 3141 3143
3146 3141 3145
3148 3145 3143
3150 3147 3149
3152 2873 2883
3154 3151 3153
3156 3151 3155
3158 3155 3153
3160 3157 3159
3162 760 932
3164 3161 3163
3166 3161 3165
3168 3165 3163
3170 3167 3169
3172 2893 2903
3174 3171 3173
3176 3171 3175
3178 3175 3173
3180 3177 3179
3182 596 1136
3184 3181 3183
3186 3181 3185
3188 3185 3183
3190 3187 3189
3192 2913 2923
3194 3191 3193
3196 3191 3195
3198 3195 3193
3200 3197 3199
3202 452 1360
3204 3201 3203
3206 3201 3205
3208 3205 3203
3210 3207 3209
3212 2933 2943
3214 3211 3213
3216 3211 3215
3218 3215 3213
3220 3217 3219
3222 328 1604
3224 3221 3223
3226 3221 3225
3228 3225 3223
3230 3227 3229
3232 2953 2963
3234 3231 3233
3236 3231 3235
3238 3235 3233
3240 3237 3239
3242 224 1868
3244 3241 3243
3246 3241 3245
3248 3245 3243
3250 3247 3249
3252 2973 2983
3254 3251 3253
3256 3251 3255
3258 3255 3253
3260 3257 3259
3262 140 2152
3264 3261 3263
3266 3261 3265
3268 3265 3263
3270 3267 3269
3272 2993 3003
3274 3271 3273
3276 3271 3275
3278 3275 3273
3280 3277 3279
3282 76 2456
3284 3281 3283
3286 3281 3285
3288 3285 3283
3290 3287 3289
3292 3013 3023
3294 3291 3293
3296 3291 3295
3298 3295 3293
3300 3297 3299
3302 3033 3043
3304 3301 3303
3306 3301 3305
3308 3305 3303
3310 3307 3309
3312 2164 212
3314 3055 3065
3316 3313 3315
3318 3313 3317
3320 3317 3315
3322 3319 3321
3324 1880 316
3326 3323 3325
3328 3323 3327
3330 3327 3325
3332 3329 3331
3334 3075 3085
3336 3333 3335
3338 3333 3337
3340 3337 3335
3342 3339 3341
3344 1616 440
3346 3343 3345
3348 3343 3347
3350 3347 3345
3352 3349 3351
3354 3095 3105
3356 3353 3355
3358 3353 3357
3360 3357 3355
3362 3359 3361
3364 1372 584
3366 3363 3365
3368 3363 3367
3370 3367 3365
3372 3369 3371
3374 3115 3125
3376 3373 3375
3378 3373 3377
3380 3377 3375
3382 3379 3381
3384 1148 748
3386 3383 3385
3388 3383 3387
3390 3387 3385
3392 3389 3391
3394 3135 3145
3396 3393 3395
3398 3393 3397
3400 3397 3395
3402 3399 3401
3404 944 932
3406 3403 3405
3408 3403 3407
3410 3407 3405
3412 3409 3411
3414 3155 3165
3416 3413 3415
3418 3413 3417
3420 3417 3415
3422 3419 3421
3424 760 1136
3426 3423 3425
3428 3423 3427
3430 3427 3425
3432 3429 3431
3434 3175 3185
3436 3433 3435
3438 3433 3437
3440 3437 3435
3442 3439 3441
3444 596 1360
3446 3443 3445
3448 3443 3447
3450 3447 3445
3452 3449 3451
3454 3195 3205
3456 3453 3455
3458 3453 3457
3460 3457 3455
3462 3459 3461
3464 452 1604
3466 3463 3465
3468 3463 3467
3470 3467 3465
3472 3469 3471
3474 3215 3225
3476 3473 3475
3478 3473 3477
3480 3477 3475
3482 3479 3481
3484 328 1868
3486 3483 3485
3488 3483 3487
3490 3487 3485
3492 3489 3491
3494 3235 3245
3496 3493 3495
3498 3493 3497
3500 3497 3495
3502 3499 3501
3504 224 2152
3506 3503 3505
3508 3503 3507
3510 3507 3505
3512 3509 3511
3514 3255 3265
3516 3513 3515
3518 3513 3517
3520 3517 3515
3522 3519 3521
3524 140 2456
3526 3523 3525
3528 3523 3527
3530 3527 3525
3532 3529 3531
3534 3275 3285
3536 3533 3535
3538 3533 3537
3540 3537 3535
3542 3539 3541
3544 3295 3305
3546 3543 3545
3548 3543 3547
3550 3547 3545
3552 3549 3551
3554 2164 316
3556 3317 3327
3558 3555 3557
3560 3555 3559
3562 3559 3557
3564 3561 3563
3566 1880 440
3568 3565 3567
3570 3565 3569
3572 3569 3567
3574 3571 3573
3576 3337 3347
3578 3575 3577
3580 3575 3579
3582 3579 3577
3584 3581 3583
3586 1616 584
3588 3585 3587
3590 3585 3589
3592 3589 3587
3594 3591 3593
3596 3357 3367
3598 3595 3597
3600 3595 3599
3602 3599 3597
3604 3601 3603
3606 1372 748
3608 3605 3607
3610 3605 3609
3612 3609 3607
3614 3611 3613
3616 3377 3387
3618 3615 3617
3620 3615 3619
3622 3619 3617
3624 3621 3623
3626 1148 932
3628 3625 3627
3630 3625 3629
3632 3629 3627
3634 3631 3633
3636 3397 3407
3638 3635 3637
3640 3635 3639
3642 3639 3637
3644 3641 3643
3646 944 1136
3648 3645 3647
3650 3645 3649
3652 3649 3647
3654 3651 3653
3656 3417 3427
3658 3655 3657
3660 3655 3659
3662 3659 3657
3664 3661 3663
3666 760 1360
3668 3665 3667
3670 3665 3669
3672 3669 3667
3674 3671 3673
3676 3437 3447
3678 3675 3677
3680 3675 3679
3682 3679 3677
3684 3681 3683
3686 596 1604
3688 3685 3687
3690 3685 3689
3692 3689 3687
3694 3691 3693
3696 3457 3467
3698 3695 3697
3700 3695 3699
3702 3699 3697
3704 3701 3703
3706 452 1868
3708 3705 3707
3710 3705 3709
3712 3709 3707
3714 3711 3713
3716 3477 3487
3718 3715 3717
3720 3715 3719
3722 3719 3717
3724 3721 3723
3726 328 2152
3728 3725 3727
3730 3725 3729
3732 3729 3727
3734 3731 3733
3736 3497 3507
3738 3735 3737
3740 3735 3739
3742 3739 3737
3744 3741 3743
3746 224 2456
3748 3745 3747
3750 3745 3749
3752 3749 3747
3754 3751 3753
3756 3517 3527
3758 3755 3757
3760 3755 3759
3762 3759 3757
3764 3761 3763
3766 3537 3547
3768 3765 3767
3770 3765 3769
3772 3769 3767
3774 3771 3773
3776 2164 440
3778 3559 3569
3780 3777 3779
3782 3777 3781
3784 3781 3779
3786 3783 3785
3788 1880 584
3790 3787 3789
3792 3787 3791
3794 3791 3789
3796 3793 3795
3798 3579 3589
3800 3797 3799
3802 3797 3801
3804 3801 3799
3806 3803 3805
3808 1616 748
3810 3807 3809
3812 3807 3811
3814 3811 3809
3816 3813 3815
3818 3599 3609
3820 3817 3819
3822 3817 3821
3824 3821 3819
3826 3823 3825
3828 1372 932
3830 3827 3829
3832 3827 3831
3834 3831 3829
3836 3833 3835
3838 3619 3629
3840 3837 3839
3842 3837 3841
3844 3841 3839
3846 3843 3845
3848 1148 1136
3850 3847 3849
3852 3847 3851
3854 3851 3849
3856 3853 3855
3858 3639 3649
3860 3857 3859
3862 3857 3861
3864 3861 3859
3866 3863 3865
3868 944 1360
3870 3867 3869
3872 3867 3871
3874 3871 3869
3876 3873 3875
3878 3659 3669
3880 3877 3879
3882 3877 3881
3884 3881 3879
3886 3883 3885
3888 760 1604
3890 3887 3889
3892 3887 3891
3894 3891 3889
3896 3893 3895
3898 3679 3689
3900 3897 3899
3902 3897 3901
3904 3901 3899
3906 3903 3905
3908 596 1868
3910 3907 3909
3912 3907 3911
3914 3911 3909
3916 3913 3915
3918 3699 3709
3920 3917 3919
3922 3917 3921
3924 3921 3919
3926 3923 3925
3928 452 2152
3930 3927 3929
3932 3927 3931
3934 3931 3929
3936 3933 3935
3938 3719 3729
3940 3937 3939
3942 3937 3941
3944 3941 3939
3946 3943 3945
3948 328 2456
3950 3947 3949
3952 3947 3951
3954 3951 3949
3956 3953 3955
3958 3739 3749
3960 3957 3959
3962 3957 3961
3964 3961 3959
3966 3963 3965
3968 3759 3769
3970 3967 3969
3972 3967 3971
3974 3971 3969
3976 3973 3975
3978 2164 584
3980 3781 3791
3982 3979 3981
3984 3979 3983
3986 3983 3981
3988 3985 3987
3990 1880 748
3992 3989 3991
3994 3989 3993
3996 3993 3991
3998 3995 3997
4000 3801 3811
4002 3999 4001
4004 3999 4003
4006 4003 4001
4008 4005 4007
4010 1616 932
4012 4009 4011
4014 4009 4013
4016 4013 4011
4018 4015 4017
4020 3821 3831
4022 4019 4021
4024 4019 4023
4026 4023 4021
4028 4025 4027
4030 1372 1136
4032 4029 4031
4034 4029 4033
4036 4033 4031
4038 4035 4037
4040 3841 3851
4042 4039 4041
4044 4039 4043
4046 4043 4041
4048 4045 4047
4050 1148 1360
4052 4049 4051
4054 4049 4053
4056 4053 4051
4058 4055 4057
4060 3861 3871
4062 4059 4061
4064 4059 4063
4066 4063 4061
4068 4065 4067
4070 944 1604
4072 4069 4071
4074 4069 4073
4076 4073 4071
4078 4075 4077
4080 3881 3891
4082 4079 4081
4084 4079 4083
4086 4083 4081
4088 4085 4087
4090 760 1868
4092 4089 4091
4094 4089 4093
4096 4093 4091
4098 4095 4097
4100 3901 3911
4102 4099 4101
4104 4099 4103
4106 4103 4101
4108 4105 4107
4110 596 2152
4112 4109 4111
4114 4109 4113
4116 4113 4111
4118 4115 4117
4120 3921 3931
4122 4119 4121
4124 4119 4123
4126 4123 4121
4128 4125 4127
4130 452 2456
4132 4129 4131
4134 4129 4133
4136 4133 4131
4138 4135 4137
4140 3941 3951
4142 4139 4141
4144 4139 4143
4146 4143 4141
4148 4145 4147
4150 3961 3971
4152 4149 4151
4154 4149 4153
4156 4153 4151
4158 4155 4157
4160 2164 748
4162 3983 3993
4164 4161 4163
4166 4161 4165
4168 4165 4163
4170 4167 4169
4172 1880 932
4174 4171 4173
4176 4171 4175
4178 4175 4173
4180 4177 4179
4182 4003 4013
4184 4181 4183
4186 4181 4185
4188 4185 4183
4190 4187 4189
4192 1616 1136
4194 4191 4193
4196 4191 4195
4198 4195 4193
4200 4197 4199
4202 4023 4033
4204 4201 4203
4206 4201 4205
4208 4205 4203
4210 4207 4209
4212 1372 1360
4214 4211 4213
4216 4211 4215
4218 4215 4213
4220 4217 4219
4222 4043 4053
4224 4221 4223
4226 4221 4225
4228 4225 4223
4230 4227 4229
4232 1148 1604
4234 4231 4233
4236 4231 4235
4238 4235 4233
4240 4237 4239
4242 4063 4073
4244 4241 4243
4246 4241 4245
4248 4245 4243
4250 4247 4249
4252 944 1868
4254 4251 4253
4256 4251 4255
4258 4255 4253
4260 4257 4259
4262 4083 4093
4264 4261 4263
4266 4261 4265
4268 4265 4263
4270 4267 4269
4272 760 2152
4274 4271 4273
4276 4271 4275
4278 4275 4273
4280 4277 4279
4282 4103 4113
4284 4281 4283
4286 4281 4285
4288 4285 4283
4290 4287 4289
4292 596 2456
4294 4291 4293
4296 4291 4295
4298 4295 4293
4300 4297 4299
4302 4123 4133
4304 4301 4303
4306 4301 4305
4308 4305 4303
4310 4307 4309
4312 4143 4153
4314 4311 4313
4316 4311 4315
4318 4315 4313
4320 4317 4319
4322 2164 932
4324 4165 4175
4326 4323 4325
4328 4323 4327
4330 4327 4325
4332 4329 4331
4334 1880 1136
4336 4333 4335
4338 4333 4337
4340 4337 4335
4342 4339 4341
4344 4185 4195
4346 4343 4345
4348 4343 4347
4350 4347 4345
4352 4349 4351
4354 1616 1360
4356 4353 4355
4358 4353 4357
4360 4357 4355
4362 4359 4361
4364 4205 4215
4366 4363 4365
4368 4363 4367
4370 4367 4365
4372 4369 4371
4374 1372 1604
4376 4373 4375
4378 4373 4377
4380 4377 4375
4382 4379 4381
4384 4225 4235
4386 4383 4385
4388 4383 4387
4390 4387 4385
4392 4389 4391
4394 1148 1868
4396 4393 4395
4398 4393 4397
4400 4397 4395
4402 4399 4401
4404 4245 4255
4406 4403 4405
4408 4403 4407
4410 4407 4405
4412 4409 4411
4414 944 2152
4416 4413 4415
4418 4413 4417
4420 4417 4415
4422 4419 4421
4424 4265 4275
4426 4423 4425
4428 4423 4427
4430 4427 4425
4432 4429 4431
4434 760 2456
4436 4433 4435
4438 4433 4437
4440 4437 4435
4442 4439 4441
4444 4285 4295
4446 4443 4445
4448 4443 4447
4450 4447 4445
4452 4449 4451
4454 4305 4315
4456 4453 4455
4458 4453 4457
4460 4457 4455
4462 4459 4461
4464 2164 1136
4466 4327 4337
4468 4465 4467
4470 4465 4469
4472 4469 4467
4474 4471 4473
4476 1880 1360
4478 4475 4477
4480 4475 4479
4482 4479 4477
4484 4481 4483
4486 4347 4357
4488 4485 4487
4490 4485 4489
4492 4489 4487
4494 4491 4493
4496 1616 1604
4498 4495 4497
4500 4495 4499
4502 4499 4497
4504 4501 4503
4506 4367 4377
4508 4505 4507
4510 4505 4509
4512 4509 4507
4514 4511 4513
4516 1372 1868
4518 4515 4517
4520 4515 4519
4522 4519 4517
4524 4521 4523
4526 4387 4397
4528 4525 4527
4530 4525 4529
4532 4529 4527
4534 4531 4533
4536 1148 2152
4538 4535 4537
4540 4535 4539
4542 4539 4537
4544 4541 4543
4546 4407 4417
4548 4545 4547
4550 4545 4549
4552 4549 4547
4554 4551 4553
4556 944 2456
4558 4555 4557
4560 4555 4559
4562 4559 4557
4564 4561 4563
4566 4427 4437
4568 4565 4567
4570 4565 4569
4572 4569 4567
4574 4571 4573
4576 4447 4457
4578 4575 4577
4580 4575 4579
4582 4579 4577
4584 4581 4583
4586 2164 1360
4588 4469 4479
4590 4587 4589
4592 4587 4591
4594 4591 4589
4596 4593 4595
4598 1880 1604
4600 4597 4599
4602 4597 4601
4604 4601 4599
4606 4603 4605
4608 4489 4499
4610 4607 4609
4612 4607 4611
4614 4611 4609
4616 4613 4615
4618 1616 1868
4620 4617 4619
4622 4617 4621
4624 4621 4619
4626 4623 4625
4628 4509 4519
4630 4627 4629
4632 4627 4631
4634 4631 4629
4636 4633 4635
4638 1372 2152
4640 4637 4639
4642 4637 4641
4644 4641 4639
4646 4643 4645
4648 4529 4539
4650 4647 4649
4652 4647 4651
4654 4651 4649
4656 4653 4655
4658 1148 2456
4660 4657 4659
4662 4657 4661
4664 4661 4659
4666 4663 4665
4668 4549 4559
4670 4667 4669
4672 4667 4671
4674 4671 4669
4676 4673 4675
4678 4569 4579
4680 4677 4679
4682 4677 4681
4684 4681 4679
4686 4683 4685
4688 2164 1604
4690 4591 4601
4692 4689 4691
4694 4689 4693
4696 4693 4691
4698 4695 4697
4700 1880 1868
4702 4699 4701
4704 4699 4703
4706 4703 4701
4708 4705 4707
4710 4611 4621
4712 4709 4711
4714 4709 4713
4716 4713 4711
4718 4715 4717
4720 1616 2152
4722 4719 4721
4724 4719 4723
4726 4723 4721
4728 4725 4727
4730 4631 4641
4732 4729 4731
4734 4729 4733
4736 4733 4731
4738 4735 4737
4740 1372 2456
4742 4739 4741
4744 4739 4743
4746 4743 4741
4748 4745 4747
4750 4651 4661
4752 4749 4751
4754 4749 4753
4756 4753 4751
4758 4755 4757
4760 4671 4681
4762 4759 4761
4764 4759 4763
4766 4763 4761
4768 4765 4767
4770 2164 1868
4772 4693 4703
4774 4771 4773
4776 4771 4775
4778 4775 4773
4780 4777 4779
4782 1880 2152
4784 4781 4783
4786 4781 4785
4788 4785 4783
4790 4787 4789
4792 4713 4723
4794 4791 4793
4796 4791 4795
4798 4795 4793
4800 4797 4799
4802 1616 2456
4804 4801 4803
4806 4801 4805
4808 4805 4803
4810 4807 4809
4812 4733 4743
4814 4811 4813
4816 4811 4815
4818 4815 4813
4820 4817 4819
4822 4753 4763
4824 4821 4823
4826 4821 4825
4828 4825 4823
4830 4827 4829
4832 2164 2152
4834 4775 4785
4836 4833 4835
4838 4833 4837
4840 4837 4835
4842 4839 4841
4844 1880 2456
4846 4843 4845
4848 4843 4847
4850 4847 4845
4852 4849 4851
4854 4795 4805
4856 4853 4855
4858 4853 4857
4860 4857 4855
4862 4859 4861
4864 4815 4825
4866 4863 4865
4868 4863 4867
4870 4867 4865
4872 4869 4871
4874 2164 2456
4876 4837 4847
4878 4875 4877
4880 4875 4879
4882 4879 4877
4884 4881 4883
4886 4857 4867
4888 4885 4887
4890 4879 4889
4892 4885 4889
4894 4889 4887
4896 4893 4895
c
AAG output by CYT.
