aag 521 60 0 26 461
208
210
234
236
244
246
196
264
744
50
530
548
568
818
400
402
286
288
296
298
52
322
324
332
46
334
352
374
378
468
472
486
480
670
720
456
482
380
66
2
16
6
138
152
84
160
492
502
172
4
18
36
38
118
120
186
48
116
198
200
15
27
35
45
65
83
95
105
115
129
137
151
171
185
195
285
373
525
637
693
743
873
911
949
999
1043
8 2 4
10 6 8
12 11 11
14 12 12
20 2 16
22 18 20
24 23 23
26 24 24
28 2 16
30 6 28
32 31 31
34 32 32
40 36 38
42 41 41
44 42 42
54 46 48
56 50 54
58 52 56
60 58 58
62 60 60
64 62 62
68 46 66
70 50 68
72 52 70
74 2 16
76 6 74
78 72 77
80 78 78
82 80 80
86 84 4
88 18 86
90 89 89
92 90 90
94 92 92
96 84 16
98 18 96
100 99 99
102 100 100
104 102 102
106 84 16
108 6 106
110 109 109
112 110 110
114 112 112
122 119 121
124 116 123
126 125 125
128 126 126
130 77 77
132 72 130
134 132 132
136 134 134
140 46 66
142 138 140
144 143 143
146 144 144
148 146 146
150 148 148
154 46 48
156 50 154
158 152 156
162 2 160
164 158 162
166 164 164
168 166 166
170 168 168
174 84 160
176 172 174
178 158 176
180 178 178
182 180 180
184 182 182
188 186 123
190 188 188
192 190 190
194 192 192
202 198 200
204 199 201
206 203 205
212 208 210
214 209 211
216 213 215
218 207 217
220 206 206
222 216 216
224 221 223
226 219 225
228 196 226
230 197 227
232 229 231
238 234 236
240 235 237
242 239 241
248 244 246
250 245 247
252 249 251
254 243 253
256 242 242
258 252 252
260 257 259
262 255 261
266 262 264
268 263 265
270 267 269
272 233 271
274 232 232
276 270 270
278 275 277
280 273 279
282 281 281
284 282 282
290 286 288
292 287 289
294 291 293
300 296 298
302 297 299
304 301 303
306 295 305
308 294 294
310 304 304
312 309 311
314 307 313
316 196 314
318 197 315
320 317 319
326 322 324
328 323 325
330 327 329
336 332 334
338 333 335
340 337 339
342 331 341
344 330 330
346 340 340
348 345 347
350 343 349
354 350 352
356 351 353
358 355 357
360 321 359
362 320 320
364 358 358
366 363 365
368 361 367
370 369 369
372 370 370
494 84 6
496 160 494
498 492 496
500 158 498
504 500 502
506 505 505
508 506 506
510 509 334
484 480 482
382 381 381
384 382 382
386 143 143
388 386 386
390 2 4
392 18 390
394 389 392
396 152 394
398 384 396
404 84 402
406 389 405
408 52 406
410 409 46
412 400 411
414 53 7
416 52 6
418 415 417
420 418 84
422 402 420
424 389 422
426 46 48
428 138 426
430 52 428
432 430 430
434 84 4
436 6 434
438 437 437
440 433 439
442 425 441
444 246 443
446 413 445
448 399 446
488 486 449
490 485 489
376 374 244
450 448 335
452 449 334
454 451 453
458 455 457
460 454 456
462 459 461
464 378 462
466 377 465
470 468 454
474 452 452
476 472 475
478 471 477
512 466 478
514 490 512
516 511 514
518 516 516
520 518 518
522 520 520
524 522 522
528 384 396
532 530 411
534 234 443
536 533 535
538 529 536
620 486 539
622 509 322
624 621 623
526 374 210
540 538 323
542 539 322
544 541 543
546 384 396
550 548 411
552 236 443
554 551 553
556 547 554
564 556 325
566 384 396
570 568 411
572 244 443
574 571 573
576 567 574
584 576 333
590 565 585
592 451 590
594 456 592
586 565 585
588 475 586
558 557 324
560 558 558
562 560 560
578 577 332
580 578 578
582 565 581
596 563 583
598 589 596
600 595 598
602 545 600
604 544 601
606 603 605
608 378 606
610 527 609
612 468 544
614 542 542
616 472 615
618 613 617
626 610 618
628 624 626
630 628 628
632 630 630
634 632 632
636 634 634
678 509 324
672 480 670
674 486 557
676 673 675
638 374 234
640 565 559
646 585 451
648 456 646
642 580 580
644 585 475
650 643 645
652 649 650
654 641 652
656 640 653
658 655 657
660 378 658
662 639 661
664 468 640
666 472 561
668 665 667
680 662 668
682 676 680
684 679 682
686 684 684
688 686 686
690 688 688
692 690 690
728 509 332
722 480 720
724 486 577
726 723 725
694 374 236
696 585 579
698 474 474
700 451 456
702 699 701
704 697 702
706 696 703
708 705 707
710 378 708
712 695 711
714 468 696
716 472 581
718 715 717
730 712 718
732 726 730
734 729 732
736 734 734
738 736 736
740 738 738
742 740 740
746 48 744
748 198 443
750 747 749
752 405 389
754 152 752
756 530 754
758 389 52
760 392 758
762 383 760
764 757 763
766 750 764
768 767 286
770 768 768
772 770 770
844 541 601
846 614 614
848 845 847
820 818 744
822 210 443
824 821 823
826 400 754
828 383 760
830 827 829
832 824 830
842 832 299
774 138 744
776 200 443
778 775 777
780 548 754
782 383 760
784 781 783
786 778 784
794 786 289
796 52 744
798 208 443
800 797 799
802 568 754
804 383 760
806 803 805
808 800 806
816 808 297
850 795 817
852 843 850
854 849 852
834 833 298
836 834 834
838 795 817
840 837 838
788 787 288
790 788 788
792 790 790
810 809 296
812 810 810
814 795 813
856 793 815
858 841 856
860 855 858
862 766 287
864 861 863
866 773 865
868 867 867
870 868 868
872 870 870
894 486 833
896 509 298
898 895 897
874 374 208
876 843 835
878 877 848
880 876 849
882 879 881
884 378 882
886 875 885
888 468 876
890 472 837
892 889 891
900 886 892
902 898 900
904 902 902
906 904 904
908 906 906
910 908 908
932 486 767
934 509 286
936 933 935
912 374 385
914 863 769
916 915 860
918 914 861
920 917 919
922 378 920
924 913 923
926 468 914
928 472 771
930 927 929
938 924 930
940 936 938
942 940 940
944 942 942
946 944 944
948 946 946
982 486 787
984 509 288
986 983 985
950 374 198
952 795 789
958 817 843
960 849 958
954 812 812
956 817 837
962 955 957
964 961 962
966 953 964
968 952 965
970 967 969
972 378 970
974 951 973
976 468 952
978 472 791
980 977 979
988 974 980
990 986 988
992 990 990
994 992 992
996 994 994
998 996 996
1026 486 809
1028 509 296
1030 1027 1029
1000 374 200
1002 817 811
1004 836 836
1006 843 849
1008 1005 1007
1010 1003 1008
1012 1002 1009
1014 1011 1013
1016 378 1014
1018 1001 1017
1020 468 1002
1022 472 813
1024 1021 1023
1032 1018 1024
1034 1030 1032
1036 1034 1034
1038 1036 1036
1040 1038 1038
1042 1040 1040
c
AAG output by CYT.
