aag 4274 4 0 2176 2176
2
4
6
8
10
12
14
16
18
20
22
24
26
28
30
32
34
36
38
40
42
44
46
48
50
52
54
56
58
60
62
64
66
68
70
72
74
76
78
80
82
84
86
88
90
92
94
96
98
100
102
104
106
108
110
112
114
116
118
120
122
124
126
128
130
132
134
136
138
140
142
144
146
148
150
152
154
156
158
160
162
164
166
168
170
172
174
176
178
180
182
184
186
188
190
192
194
196
198
200
202
204
206
208
210
212
214
216
218
220
222
224
226
228
230
232
234
236
238
240
242
244
246
248
250
252
254
256
258
260
262
264
266
268
270
272
274
276
278
280
282
284
286
288
290
292
294
296
298
300
302
304
306
308
310
312
314
316
318
320
322
324
326
328
330
332
334
336
338
340
342
344
346
348
350
352
354
356
358
360
362
364
366
368
370
372
374
376
378
380
382
384
386
388
390
392
394
396
398
400
402
404
406
408
410
412
414
416
418
420
422
424
426
428
430
432
434
436
438
440
442
444
446
448
450
452
454
456
458
460
462
464
466
468
470
472
474
476
478
480
482
484
486
488
490
492
494
496
498
500
502
504
506
508
510
512
514
516
518
520
522
524
526
528
530
532
534
536
538
540
542
544
546
548
550
552
554
556
558
560
562
564
566
568
570
572
574
576
578
580
582
584
586
588
590
592
594
596
598
600
602
604
606
608
610
612
614
616
618
620
622
624
626
628
630
632
634
636
638
640
642
644
646
648
650
652
654
656
658
660
662
664
666
668
670
672
674
676
678
680
682
684
686
688
690
692
694
696
698
700
702
704
706
708
710
712
714
716
718
720
722
724
726
728
730
732
734
736
738
740
742
744
746
748
750
752
754
756
758
760
762
764
766
768
770
772
774
776
778
780
782
784
786
788
790
792
794
796
798
800
802
804
806
808
810
812
814
816
818
820
822
824
826
828
830
832
834
836
838
840
842
844
846
848
850
852
854
856
858
860
862
864
866
868
870
872
874
876
878
880
882
884
886
888
890
892
894
896
898
900
902
904
906
908
910
912
914
916
918
920
922
924
926
928
930
932
934
936
938
940
942
944
946
948
950
952
954
956
958
960
962
964
966
968
970
972
974
976
978
980
982
984
986
988
990
992
994
996
998
1000
1002
1004
1006
1008
1010
1012
1014
1016
1018
1020
1022
1024
1026
1028
1030
1032
1034
1036
1038
1040
1042
1044
1046
1048
1050
1052
1054
1056
1058
1060
1062
1064
1066
1068
1070
1072
1074
1076
1078
1080
1082
1084
1086
1088
1090
1092
1094
1096
1098
1100
1102
1104
1106
1108
1110
1112
1114
1116
1118
1120
1122
1124
1126
1128
1130
1132
1134
1136
1138
1140
1142
1144
1146
1148
1150
1152
1154
1156
1158
1160
1162
1164
1166
1168
1170
1172
1174
1176
1178
1180
1182
1184
1186
1188
1190
1192
1194
1196
1198
1200
1202
1204
1206
1208
1210
1212
1214
1216
1218
1220
1222
1224
1226
1228
1230
1232
1234
1236
1238
1240
1242
1244
1246
1248
1250
1252
1254
1256
1258
1260
1262
1264
1266
1268
1270
1272
1274
1276
1278
1280
1282
1284
1286
1288
1290
1292
1294
1296
1298
1300
1302
1304
1306
1308
1310
1312
1314
1316
1318
1320
1322
1324
1326
1328
1330
1332
1334
1336
1338
1340
1342
1344
1346
1348
1350
1352
1354
1356
1358
1360
1362
1364
1366
1368
1370
1372
1374
1376
1378
1380
1382
1384
1386
1388
1390
1392
1394
1396
1398
1400
1402
1404
1406
1408
1410
1412
1414
1416
1418
1420
1422
1424
1426
1428
1430
1432
1434
1436
1438
1440
1442
1444
1446
1448
1450
1452
1454
1456
1458
1460
1462
1464
1466
1468
1470
1472
1474
1476
1478
1480
1482
1484
1486
1488
1490
1492
1494
1496
1498
1500
1502
1504
1506
1508
1510
1512
1514
1516
1518
1520
1522
1524
1526
1528
1530
1532
1534
1536
1538
1540
1542
1544
1546
1548
1550
1552
1554
1556
1558
1560
1562
1564
1566
1568
1570
1572
1574
1576
1578
1580
1582
1584
1586
1588
1590
1592
1594
1596
1598
1600
1602
1604
1606
1608
1610
1612
1614
1616
1618
1620
1622
1624
1626
1628
1630
1632
1634
1636
1638
1640
1642
1644
1646
1648
1650
1652
1654
1656
1658
1660
1662
1664
1666
1668
1670
1672
1674
1676
1678
1680
1682
1684
1686
1688
1690
1692
1694
1696
1698
1700
1702
1704
1706
1708
1710
1712
1714
1716
1718
1720
1722
1724
1726
1728
1730
1732
1734
1736
1738
1740
1742
1744
1746
1748
1750
1752
1754
1756
1758
1760
1762
1764
1766
1768
1770
1772
1774
1776
1778
1780
1782
1784
1786
1788
1790
1792
1794
1796
1798
1800
1802
1804
1806
1808
1810
1812
1814
1816
1818
1820
1822
1824
1826
1828
1830
1832
1834
1836
1838
1840
1842
1844
1846
1848
1850
1852
1854
1856
1858
1860
1862
1864
1866
1868
1870
1872
1874
1876
1878
1880
1882
1884
1886
1888
1890
1892
1894
1896
1898
1900
1902
1904
1906
1908
1910
1912
1914
1916
1918
1920
1922
1924
1926
1928
1930
1932
1934
1936
1938
1940
1942
1944
1946
1948
1950
1952
1954
1956
1958
1960
1962
1964
1966
1968
1970
1972
1974
1976
1978
1980
1982
1984
1986
1988
1990
1992
1994
1996
1998
2000
2002
2004
2006
2008
2010
2012
2014
2016
2018
2020
2022
2024
2026
2028
2030
2032
2034
2036
2038
2040
2042
2044
2046
2048
2050
2052
2054
2056
2058
2060
2062
2064
2066
2068
2070
2072
2074
2076
2078
2080
2082
2084
2086
2088
2090
2092
2094
2096
2098
2100
2102
2104
2106
2108
2110
2112
2114
2116
2118
2120
2122
2124
2126
2128
2130
2132
2134
2136
2138
2140
2142
2144
2146
2148
2150
2152
2154
2156
2158
2160
2162
2164
2166
2168
2170
2172
2174
2176
2178
2180
2182
2184
2186
2188
2190
2192
2194
2196
2198
2200
2202
2204
2206
2208
2210
2212
2214
2216
2218
2220
2222
2224
2226
2228
2230
2232
2234
2236
2238
2240
2242
2244
2246
2248
2250
2252
2254
2256
2258
2260
2262
2264
2266
2268
2270
2272
2274
2276
2278
2280
2282
2284
2286
2288
2290
2292
2294
2296
2298
2300
2302
2304
2306
2308
2310
2312
2314
2316
2318
2320
2322
2324
2326
2328
2330
2332
2334
2336
2338
2340
2342
2344
2346
2348
2350
2352
2354
2356
2358
2360
2362
2364
2366
2368
2370
2372
2374
2376
2378
2380
2382
2384
2386
2388
2390
2392
2394
2396
2398
2400
2402
2404
2406
2408
2410
2412
2414
2416
2418
2420
2422
2424
2426
2428
2430
2432
2434
2436
2438
2440
2442
2444
2446
2448
2450
2452
2454
2456
2458
2460
2462
2464
2466
2468
2470
2472
2474
2476
2478
2480
2482
2484
2486
2488
2490
2492
2494
2496
2498
2500
2502
2504
2506
2508
2510
2512
2514
2516
2518
2520
2522
2524
2526
2528
2530
2532
2534
2536
2538
2540
2542
2544
2546
2548
2550
2552
2554
2556
2558
2560
2562
2564
2566
2568
2570
2572
2574
2576
2578
2580
2582
2584
2586
2588
2590
2592
2594
2596
2598
2600
2602
2604
2606
2608
2610
2612
2614
2616
2618
2620
2622
2624
2626
2628
2630
2632
2634
2636
2638
2640
2642
2644
2646
2648
2650
2652
2654
2656
2658
2660
2662
2664
2666
2668
2670
2672
2674
2676
2678
2680
2682
2684
2686
2688
2690
2692
2694
2696
2698
2700
2702
2704
2706
2708
2710
2712
2714
2716
2718
2720
2722
2724
2726
2728
2730
2732
2734
2736
2738
2740
2742
2744
2746
2748
2750
2752
2754
2756
2758
2760
2762
2764
2766
2768
2770
2772
2774
2776
2778
2780
2782
2784
2786
2788
2790
2792
2794
2796
2798
2800
2802
2804
2806
2808
2810
2812
2814
2816
2818
2820
2822
2824
2826
2828
2830
2832
2834
2836
2838
2840
2842
2844
2846
2848
2850
2852
2854
2856
2858
2860
2862
2864
2866
2868
2870
2872
2874
2876
2878
2880
2882
2884
2886
2888
2890
2892
2894
2896
2898
2900
2902
2904
2906
2908
2910
2912
2914
2916
2918
2920
2922
2924
2926
2928
2930
2932
2934
2936
2938
2940
2942
2944
2946
2948
2950
2952
2954
2956
2958
2960
2962
2964
2966
2968
2970
2972
2974
2976
2978
2980
2982
2984
2986
2988
2990
2992
2994
2996
2998
3000
3002
3004
3006
3008
3010
3012
3014
3016
3018
3020
3022
3024
3026
3028
3030
3032
3034
3036
3038
3040
3042
3044
3046
3048
3050
3052
3054
3056
3058
3060
3062
3064
3066
3068
3070
3072
3074
3076
3078
3080
3082
3084
3086
3088
3090
3092
3094
3096
3098
3100
3102
3104
3106
3108
3110
3112
3114
3116
3118
3120
3122
3124
3126
3128
3130
3132
3134
3136
3138
3140
3142
3144
3146
3148
3150
3152
3154
3156
3158
3160
3162
3164
3166
3168
3170
3172
3174
3176
3178
3180
3182
3184
3186
3188
3190
3192
3194
3196
3198
3200
3202
3204
3206
3208
3210
3212
3214
3216
3218
3220
3222
3224
3226
3228
3230
3232
3234
3236
3238
3240
3242
3244
3246
3248
3250
3252
3254
3256
3258
3260
3262
3264
3266
3268
3270
3272
3274
3276
3278
3280
3282
3284
3286
3288
3290
3292
3294
3296
3298
3300
3302
3304
3306
3308
3310
3312
3314
3316
3318
3320
3322
3324
3326
3328
3330
3332
3334
3336
3338
3340
3342
3344
3346
3348
3350
3352
3354
3356
3358
3360
3362
3364
3366
3368
3370
3372
3374
3376
3378
3380
3382
3384
3386
3388
3390
3392
3394
3396
3398
3400
3402
3404
3406
3408
3410
3412
3414
3416
3418
3420
3422
3424
3426
3428
3430
3432
3434
3436
3438
3440
3442
3444
3446
3448
3450
3452
3454
3456
3458
3460
3462
3464
3466
3468
3470
3472
3474
3476
3478
3480
3482
3484
3486
3488
3490
3492
3494
3496
3498
3500
3502
3504
3506
3508
3510
3512
3514
3516
3518
3520
3522
3524
3526
3528
3530
3532
3534
3536
3538
3540
3542
3544
3546
3548
3550
3552
3554
3556
3558
3560
3562
3564
3566
3568
3570
3572
3574
3576
3578
3580
3582
3584
3586
3588
3590
3592
3594
3596
3598
3600
3602
3604
3606
3608
3610
3612
3614
3616
3618
3620
3622
3624
3626
3628
3630
3632
3634
3636
3638
3640
3642
3644
3646
3648
3650
3652
3654
3656
3658
3660
3662
3664
3666
3668
3670
3672
3674
3676
3678
3680
3682
3684
3686
3688
3690
3692
3694
3696
3698
3700
3702
3704
3706
3708
3710
3712
3714
3716
3718
3720
3722
3724
3726
3728
3730
3732
3734
3736
3738
3740
3742
3744
3746
3748
3750
3752
3754
3756
3758
3760
3762
3764
3766
3768
3770
3772
3774
3776
3778
3780
3782
3784
3786
3788
3790
3792
3794
3796
3798
3800
3802
3804
3806
3808
3810
3812
3814
3816
3818
3820
3822
3824
3826
3828
3830
3832
3834
3836
3838
3840
3842
3844
3846
3848
3850
3852
3854
3856
3858
3860
3862
3864
3866
3868
3870
3872
3874
3876
3878
3880
3882
3884
3886
3888
3890
3892
3894
3896
3898
3900
3902
3904
3906
3908
3910
3912
3914
3916
3918
3920
3922
3924
3926
3928
3930
3932
3934
3936
3938
3940
3942
3944
3946
3948
3950
3952
3954
3956
3958
3960
3962
3964
3966
3968
3970
3972
3974
3976
3978
3980
3982
3984
3986
3988
3990
3992
3994
3996
3998
4000
4002
4004
4006
4008
4010
4012
4014
4016
4018
4020
4022
4024
4026
4028
4030
4032
4034
4036
4038
4040
4042
4044
4046
4048
4050
4052
4054
4056
4058
4060
4062
4064
4066
4068
4070
4072
4074
4076
4078
4080
4082
4084
4086
4088
4090
4092
4094
4096
4098
4100
4102
4104
4106
4108
4110
4112
4114
4116
4118
4120
4122
4124
4126
4128
4130
4132
4134
4136
4138
4140
4142
4144
4146
4148
4150
4152
4154
4156
4158
4160
4162
4164
4166
4168
4170
4172
4174
4176
4178
4180
4182
4184
4186
4188
4190
4192
4194
4196
4198
4200
4202
4204
4206
4208
4210
4212
4214
4216
4218
4220
4222
4224
4226
4228
4230
4232
4234
4236
4238
4240
4242
4244
4246
4248
4250
4252
4254
4256
4258
4260
4262
4264
4266
4268
4270
4272
4274
4276
4278
4280
4282
4284
4286
4288
4290
4292
4294
4296
4298
4300
4302
4304
4306
4308
4310
4312
4314
4316
4318
4320
4322
4324
4326
4328
4330
4332
4334
4336
4338
4340
4342
4344
4346
4348
4350
4352
4354
4356
4358
4360
10 9 7
12 5 3
14 12 10
16 7 5
18 9 3
20 18 16
22 16 3
24 22 9
26 7 3
28 26 5
30 28 9
32 9 5
34 32 3
36 34 7
38 10 5
40 38 3
42 32 7
44 42 3
46 32 26
48 12 7
50 48 9
52 18 5
54 52 7
56 10 3
58 56 5
60 16 9
62 60 3
64 18 7
66 64 5
68 7 2
70 69 9
72 70 16
74 12 9
76 74 7
78 26 9
80 78 5
82 4 2
84 83 8
86 85 48
88 8 2
90 89 6
92 91 52
94 9 2
96 95 5
98 96 7
100 98 9
102 5 2
104 103 7
106 104 32
108 91 74
110 6 3
112 111 9
114 112 12
116 6 5
118 117 5
120 118 18
122 13 8
124 123 6
126 125 74
128 22 18
130 7 4
132 131 9
134 132 26
136 95 7
138 136 32
140 32 2
142 141 7
144 142 32
146 17 3
148 147 9
150 148 3
152 8 7
154 153 16
156 154 3
158 117 32
160 158 3
162 136 5
164 162 9
166 70 5
168 166 7
170 38 18
172 16 12
174 172 9
176 6 2
178 177 8
180 179 28
182 13 10
184 183 10
186 83 6
188 187 74
190 89 4
192 191 7
194 192 18
196 19 16
198 197 16
200 12 6
202 201 9
204 202 12
206 69 5
208 206 10
210 6 4
212 211 8
214 213 22
216 69 7
218 216 38
220 56 34
222 60 12
224 4 3
226 225 10
228 226 3
230 27 4
232 231 8
234 233 28
236 9 6
238 237 9
240 238 12
242 34 22
244 117 3
246 244 32
248 225 7
250 248 3
252 250 9
254 33 26
256 255 26
258 8 3
260 259 16
262 260 3
264 83 10
266 264 12
268 91 34
270 8 6
272 271 4
274 273 78
276 56 22
278 117 9
280 278 3
282 280 5
284 103 9
286 284 48
288 34 26
290 225 9
292 290 26
294 112 28
296 13 6
298 297 8
300 299 48
302 225 3
304 302 10
306 26 12
308 306 9
310 8 5
312 311 103
314 312 16
316 237 5
318 316 3
320 318 9
322 85 28
324 48 10
326 9 4
328 327 7
330 328 18
332 17 9
334 333 3
336 334 9
338 153 5
340 338 3
342 340 7
344 153 7
346 344 12
348 32 28
350 11 3
352 10 4
354 353 351
356 354 3
358 311 7
360 358 3
362 360 5
364 213 48
366 16 2
368 367 9
370 368 16
372 56 12
374 85 22
376 60 26
378 78 12
380 187 52
382 311 3
384 382 16
386 338 26
388 42 18
390 278 12
392 74 26
394 12 8
396 395 7
398 396 12
400 259 5
402 400 3
404 402 7
406 153 3
408 406 5
410 408 7
412 225 18
414 412 7
416 32 22
418 78 16
420 60 18
422 311 5
424 422 26
426 131 7
428 426 18
430 8 4
432 431 33
434 433 28
436 237 3
438 436 32
440 74 28
442 111 3
444 442 32
446 68 9
448 447 38
450 17 8
452 451 61
454 453 22
456 13 9
458 457 7
460 458 32
462 436 5
464 462 9
466 103 10
468 466 5
470 216 32
472 18 12
474 472 7
476 177 27
478 477 34
480 18 17
482 481 18
484 33 3
486 485 7
488 486 3
490 284 16
492 96 10
494 327 3
496 494 10
498 111 5
500 498 56
502 16 10
504 502 95
506 74 10
508 311 22
510 111 34
512 48 18
514 26 10
516 514 5
518 153 12
520 518 7
522 191 78
524 103 38
526 10 7
528 526 12
530 38 28
532 95 16
534 532 9
536 225 117
538 536 18
540 56 38
542 406 16
544 111 12
546 544 9
548 19 4
550 549 7
552 550 52
554 91 5
556 554 18
558 431 6
560 559 74
562 316 18
564 131 3
566 564 10
568 327 9
570 568 26
572 327 10
574 572 3
576 213 28
578 400 26
580 327 56
582 103 16
584 582 9
586 52 26
588 38 26
590 117 18
592 590 5
594 259 3
596 594 16
598 89 19
600 599 60
602 477 42
604 338 64
606 12 5
608 606 10
610 103 6
612 611 34
614 102 9
616 615 42
618 83 9
620 618 48
622 328 3
624 622 9
626 19 7
628 627 5
630 628 10
632 27 9
634 633 4
636 635 78
638 13 7
640 639 7
642 640 9
644 618 248
646 278 5
648 85 16
650 225 8
652 651 16
654 32 6
656 655 32
658 259 6
660 659 32
662 213 16
664 225 6
666 665 32
668 83 7
670 668 225
672 670 9
674 211 9
676 674 16
678 89 7
680 678 259
682 680 5
684 177 5
686 684 10
688 83 5
690 688 9
692 690 7
694 238 5
696 618 5
698 696 7
700 179 16
702 85 7
704 702 5
706 684 111
708 706 9
710 177 7
712 710 9
714 712 5
716 117 8
718 717 7
720 718 5
722 187 5
724 722 9
726 177 9
728 726 111
730 728 5
732 132 7
734 131 8
736 735 5
738 736 7
740 89 5
742 740 259
744 742 7
746 111 8
748 747 16
750 32 10
752 668 290
754 11 2
756 351 5
758 756 755
760 290 5
762 760 7
764 177 111
766 764 5
768 766 9
770 27 6
772 771 5
774 772 9
776 259 237
778 776 32
780 89 11
782 781 32
784 111 11
786 785 16
788 248 5
790 788 9
792 32 16
794 333 9
796 118 9
798 33 7
800 799 7
802 740 10
804 17 2
806 805 148
808 755 5
810 808 351
812 328 9
814 568 7
816 112 5
818 816 7
820 665 5
822 820 9
824 177 4
826 825 7
828 826 9
830 805 8
832 831 16
834 351 4
836 835 10
838 311 16
840 358 5
842 678 32
844 498 10
846 327 153
848 846 7
850 179 5
852 850 7
854 211 17
856 855 9
858 856 211
860 248 9
862 860 83
864 855 5
866 864 9
868 327 311
870 868 7
872 870 9
874 191 9
876 874 7
878 771 9
880 878 5
882 706 179
884 259 7
886 884 5
888 886 9
890 422 7
892 310 7
894 893 16
896 559 32
898 726 16
900 226 5
902 311 131
904 902 7
906 856 7
908 433 7
910 908 5
912 259 9
914 912 7
916 914 5
918 102 7
920 918 9
922 921 51
924 225 103
926 925 10
928 83 13
930 928 7
932 930 9
934 27 5
936 26 4
938 937 935
940 939 10
942 925 7
944 942 9
946 942 123
948 39 2
950 353 3
952 951 949
954 668 13
956 954 9
958 925 9
960 958 7
962 57 4
964 10 2
966 965 5
968 967 963
970 928 10
972 130 9
974 972 69
976 446 131
978 977 975
980 352 2
982 981 182
984 964 5
986 224 10
988 987 985
990 38 2
992 352 3
994 993 991
996 42 2
998 326 7
1000 998 3
1002 1001 997
1004 187 9
1006 1004 928
1008 56 4
1010 1009 985
1012 231 207
1014 1012 9
1016 60 2
1018 972 3
1020 1019 1017
1022 755 353
1024 1023 3
1026 1022 2
1028 1027 1025
1030 182 83
1032 94 7
1034 1032 5
1036 64 4
1038 1037 1035
1040 111 69
1042 1040 5
1044 1041 4
1046 1045 1043
1048 1046 10
1050 327 95
1052 1051 668
1054 446 5
1056 78 4
1058 1057 1055
1060 94 5
1062 95 4
1064 1063 1061
1066 1065 10
1068 549 97
1070 1068 7
1072 82 8
1074 1073 619
1076 1075 7
1078 1076 928
1080 11 4
1082 1081 965
1084 1083 5
1086 1082 4
1088 1087 1085
1090 27 17
1092 1091 456
1094 130 3
1096 1095 367
1098 1097 9
1100 326 3
1102 1101 141
1104 1103 7
1106 928 9
1108 1106 7
1110 456 83
1112 1110 7
1114 32 18
1116 33 19
1118 1117 1115
1120 1118 7
1122 633 333
1124 632 332
1126 1125 1123
1128 638 83
1130 1128 9
1132 433 3
1134 432 2
1136 1135 1133
1138 1136 10
1140 68 32
1142 326 26
1144 1143 1141
1146 131 2
1148 1147 1095
1150 1149 10
1152 327 2
1154 1153 1101
1156 1155 10
1158 225 4
1160 456 7
1162 1160 1159
1164 869 2
1166 868 3
1168 1167 1165
1170 1168 10
1172 1149 9
1174 1172 7
1176 668 9
1178 618 7
1180 130 2
1182 1181 10
1184 985 57
1186 993 39
1188 68 4
1190 1189 10
1192 231 10
1194 949 10
1196 82 7
1198 1197 8
1200 1199 83
1202 1200 7
1204 669 9
1206 1205 9
1208 963 10
1210 82 9
1212 1211 9
1214 1212 7
1216 668 8
1218 1217 668
1220 618 6
1222 1221 618
1224 103 2
1226 1225 10
1228 981 10
1230 1197 7
1232 1230 9
1234 153 10
1236 1234 83
1238 153 83
1240 1238 7
1242 82 6
1244 1243 8
1246 1245 668
1248 619 7
1250 1249 7
1252 964 4
1254 1253 10
1256 1091 9
1258 805 9
1260 1258 7
1262 1189 9
1264 1262 7
1266 65 4
1268 1267 9
1270 1268 7
1272 1117 7
1274 668 179
1276 83 11
1278 1277 83
1280 1225 9
1282 1280 7
1284 57 39
1286 271 9
1288 1286 7
1290 1288 83
1292 79 61
1294 65 43
1296 278 231
1298 1211 10
1300 238 83
1302 1073 7
1304 1302 83
1306 1304 9
1308 344 231
1310 82 10
1312 1311 10
1314 549 9
1316 1314 7
1318 344 83
1320 618 9
1322 1320 7
1324 85 83
1326 1324 7
1328 668 7
1330 1328 9
1332 187 83
1334 1332 9
1336 1159 7
1338 1336 9
1340 669 8
1342 1341 668
1344 1342 9
1346 1181 7
1348 1346 9
1350 437 4
1352 1351 10
1354 1095 17
1356 1355 9
1358 94 4
1360 1359 7
1362 1360 9
1364 33 2
1366 1365 7
1368 1366 9
1370 345 83
1372 1371 83
1374 1211 153
1376 1374 7
1378 619 2
1380 1379 6
1382 1381 618
1384 669 271
1386 1385 9
1388 702 83
1390 1211 7
1392 1390 9
1394 237 83
1396 1394 9
1398 187 8
1400 1399 668
1402 1004 83
1404 1197 9
1406 1404 7
1408 82 11
1410 1409 10
1412 1410 83
1414 1197 10
1416 326 2
1418 1417 10
1420 549 358
1422 668 10
1424 1197 237
1426 1424 9
1428 446 4
1430 1429 10
1432 1061 19
1434 1433 7
1436 1159 10
1438 111 83
1440 1438 726
1442 79 39
1444 271 2
1446 1444 4
1448 1447 10
1450 231 7
1452 1450 9
1454 82 13
1456 1455 9
1458 1456 7
1460 1196 9
1462 1461 10
1464 11 5
1466 1465 2
1468 1466 4
1470 1467 11
1472 1471 1469
1474 549 10
1476 1189 7
1478 1476 9
1480 1243 669
1482 1481 10
1484 237 153
1486 1484 83
1488 1486 7
1490 1211 6
1492 1491 83
1494 1492 9
1496 669 2
1498 1497 8
1500 1499 668
1502 618 10
1504 618 187
1506 1159 9
1508 1506 7
1510 1417 9
1512 1510 7
1514 231 9
1516 1514 7
1518 85 6
1520 1519 618
1522 619 187
1524 1523 187
1526 1055 79
1528 153 6
1530 152 7
1532 1531 1529
1534 1532 83
1536 1243 9
1538 1536 83
1540 1538 7
1542 10 9
1544 1542 83
1546 668 618
1548 152 83
1550 1549 668
1552 1019 61
1554 1004 668
1556 1211 85
1558 1556 10
1560 271 11
1562 1561 83
1564 1562 7
1566 632 16
1568 1567 79
1570 1159 6
1572 1571 1159
1574 1572 9
1576 153 8
1578 1577 1484
1580 297 9
1582 1580 7
1584 747 7
1586 651 7
1588 1586 9
1590 213 7
1592 69 6
1594 1593 9
1596 299 7
1598 112 7
1600 674 7
1602 176 4
1604 1603 7
1606 1604 9
1608 665 8
1610 1609 7
1612 176 5
1614 1613 7
1616 1614 9
1618 1399 7
1620 1359 8
1622 1621 7
1624 110 4
1626 1625 8
1628 1627 7
1630 639 201
1632 1631 618
1634 236 2
1636 1635 1514
1638 618 297
1640 1580 83
1642 726 231
1644 805 674
1646 931 13
1648 1647 9
1650 669 13
1652 1651 9
1654 211 3
1656 1655 17
1658 1657 9
1660 231 177
1662 1660 9
1664 211 177
1666 1664 83
1668 1666 9
1670 177 83
1672 1670 211
1674 1672 9
1676 685 27
1678 1677 9
1680 925 6
1682 1681 618
1684 669 201
1686 1685 9
1688 1045 726
1690 1179 75
1692 1439 674
1694 117 83
1696 1695 726
1698 998 2
1700 654 3
1702 1701 1699
1704 1188 9
1706 110 9
1708 1706 5
1710 1709 1705
1712 290 177
1714 1712 17
1716 34 6
1718 1416 7
1720 1719 1717
1722 236 5
1724 1722 3
1726 1725 981
1728 131 13
1730 1729 632
1732 1709 1429
1734 972 2
1736 116 9
1738 1736 3
1740 1739 1735
1742 236 3
1744 1742 5
1746 1745 1253
1748 1032 4
1750 18 6
1752 1750 5
1754 1753 1749
1756 69 13
1758 1757 332
1760 117 69
1762 1761 284
1764 476 9
1766 1764 924
1768 1147 9
1770 1768 245
1772 110 32
1774 326 68
1776 1775 1773
1778 103 27
1780 1778 674
1782 1204 297
1784 69 4
1786 1785 9
1788 1786 499
1790 1041 9
1792 1790 929
1794 131 117
1796 929 9
1798 1796 1795
1800 499 225
1802 1800 297
1804 1802 9
1806 116 18
1808 130 94
1810 1809 1807
1812 52 6
1814 1358 7
1816 1815 1813
1818 1197 13
1820 1819 9
1822 1796 177
1824 1815 53
1826 1181 13
1828 1827 9
1830 924 674
1832 1189 13
1834 1833 9
1836 1719 35
1838 929 726
1840 284 225
1842 1840 211
1844 1699 35
1846 1840 177
1848 981 35
1850 1580 929
1852 651 211
1854 1852 924
1856 1147 290
1858 1786 103
1860 211 4
1862 1861 2
1864 1863 225
1866 1864 9
1868 1033 53
1870 726 225
1872 755 485
1874 18 4
1876 19 6
1878 1877 9
1880 1878 1875
1882 225 177
1884 1883 8
1886 1885 9
1888 1886 1882
1890 1757 9
1892 19 9
1894 1892 7
1896 1895 53
1898 965 35
1900 176 9
1902 1901 9
1904 1902 225
1906 1882 9
1908 95 9
1910 1908 5
1912 1911 1033
1914 94 6
1916 1915 9
1918 1916 225
1920 824 3
1922 825 176
1924 1923 1921
1926 1924 9
1928 1757 179
1930 1757 651
1932 447 75
1934 1063 9
1936 1934 1915
1938 69 53
1940 1939 9
1942 1877 290
1944 1934 177
1946 153 4
1948 1947 3
1950 1949 69
1952 1951 9
1954 965 53
1956 1033 35
1958 19 11
1960 1959 1875
1962 13 3
1964 1963 297
1966 1964 9
1968 495 69
1970 1969 9
1972 224 7
1974 1973 297
1976 1974 9
1978 1189 685
1980 1979 9
1982 290 7
1984 290 6
1986 1984 3
1988 1987 1983
1990 95 33
1992 1991 1915
1994 95 32
1996 1995 1033
1998 1757 726
2000 19 10
2002 2001 53
2004 297 290
2006 237 2
2008 2007 13
2010 2009 9
2012 177 2
2014 2013 4
2016 2015 726
2018 1580 225
2020 303 69
2022 2021 9
2024 1631 9
2026 297 49
2028 2026 9
2030 236 12
2032 2031 183
2034 74 6
2036 2035 1161
2038 75 10
2040 74 11
2042 2041 2039
2044 854 3
2046 2045 69
2048 2047 9
2050 116 2
2052 2051 674
2054 2052 23
2056 302 6
2058 303 7
2060 2059 2057
2062 2061 9
2064 103 5
2066 2065 7
2068 2064 6
2070 2069 2067
2072 2071 9
2074 236 13
2076 457 237
2078 2077 2075
2080 457 6
2082 2081 1161
2084 2083 9
2086 52 11
2088 53 10
2090 2089 2087
2092 456 6
2094 2093 2077
2096 2035 183
2098 1580 49
2100 75 6
2102 2101 459
2104 75 7
2106 2105 2035
2108 2107 153
2110 153 75
2112 2111 7
2114 2110 6
2116 2115 2113
2118 1625 177
2120 2118 9
2122 2051 211
2124 2122 9
2126 2093 9
2128 35 11
2130 35 6
2132 2131 9
2134 726 211
2136 688 3
2138 2137 6
2140 2139 9
2142 53 6
2144 2143 9
2146 53 11
2148 1445 5
2150 2149 6
2152 2151 9
2154 123 7
2156 2155 75
2158 2157 9
2160 2075 9
2162 296 9
2164 2163 9
2166 19 5
2168 2167 5
2170 2169 11
2172 2101 9
2174 110 5
2176 2175 6
2178 2177 9
2180 611 7
2182 610 5
2184 2183 2181
2186 2185 9
2188 1081 9
2190 2188 755
2192 685 6
2194 2193 9
2196 2065 9
2198 2197 9
2200 2199 11
2202 200 9
2204 2203 11
2206 296 6
2208 2207 9
2210 1745 11
2212 674 177
2214 2163 299
2216 2214 9
2218 303 6
2220 2219 9
2222 33 11
2224 2223 177
2226 1655 6
2228 2227 9
2230 2174 9
2232 2231 11
2234 296 8
2236 2235 297
2238 2236 9
2240 75 11
2242 2065 6
2244 2242 9
2246 2245 9
2248 1560 13
2250 2249 9
2252 2214 297
2254 395 6
2256 2254 13
2258 2255 8
2260 2259 2257
2262 2101 123
2264 2262 9
2266 299 297
2268 639 13
2270 2269 9
2272 1725 11
2274 201 6
2276 2274 9
2278 2277 9
2280 2031 11
2282 1484 7
2284 2283 1745
2286 1725 6
2288 2287 153
2290 75 9
2292 2290 7
2294 2293 75
2296 102 6
2298 2297 9
2300 2298 211
2302 1773 11
2304 224 6
2306 2305 9
2308 2306 177
2310 297 213
2312 568 3
2314 2313 11
2316 1807 11
2318 2305 177
2320 2318 9
2322 200 6
2324 201 7
2326 2325 2323
2328 2327 9
2330 674 297
2332 495 6
2334 2333 9
2336 2235 2163
2338 2336 299
2340 2243 9
2342 69 2
2344 2343 9
2346 131 4
2348 2347 2344
2350 824 6
2352 2351 9
2354 2352 177
2356 726 297
2358 116 3
2360 2359 6
2362 2361 9
2364 1701 11
2366 476 5
2368 2367 6
2370 2369 9
2372 665 7
2374 664 3
2376 2375 2373
2378 2377 9
2380 97 6
2382 2381 9
2384 1739 11
2386 290 3
2388 2387 6
2390 2389 9
2392 2223 755
2394 13 11
2396 2395 9
2398 395 297
2400 2398 9
2402 1161 75
2404 638 9
2406 2405 75
2408 2235 2214
2410 2218 9
2412 2411 9
2414 639 12
2416 638 13
2418 2417 2415
2420 2419 9
2422 2025 75
2424 1464 3
2426 2425 11
2428 2427 9
2430 327 18
2432 2431 11
2434 1916 211
2436 2298 297
2438 1613 9
2440 2438 211
2442 117 6
2444 2443 177
2446 2444 9
2448 1635 9
2450 2448 211
2452 2089 53
2454 111 6
2456 2455 211
2458 2456 9
2460 201 11
2462 2461 9
2464 97 11
2466 2465 9
2468 53 8
2470 2469 2143
2472 755 9
2474 2472 1081
2476 94 11
2478 2477 9
2480 2478 1081
2482 1081 3
2484 2483 2007
2486 2485 9
2488 2469 7
2490 2489 53
2492 599 5
2494 2493 6
2496 2495 9
2498 123 75
2500 2498 6
2502 2501 9
2504 299 9
2506 2504 297
2508 1630 6
2510 2509 9
2512 1795 9
2514 854 9
2516 1723 353
2518 854 332
2520 999 655
2522 332 211
2524 1081 317
2526 799 655
2528 2527 9
2530 674 367
2532 68 5
2534 2533 674
2536 207 131
2538 2537 9
2540 919 211
2542 2540 9
2544 919 9
2546 2544 211
2548 1794 13
2550 2549 9
2552 934 6
2554 935 7
2556 2555 2553
2558 2557 9
2560 270 5
2562 2561 211
2564 2562 9
2566 326 6
2568 2567 9
2570 2443 9
2572 401 6
2574 2573 9
2576 973 33
2578 236 4
2580 2579 9
2582 658 4
2584 2583 9
2586 33 6
2588 2587 9
2590 610 4
2592 918 4
2594 2593 9
2596 2594 2591
2598 2587 153
2600 689 7
2602 2601 689
2604 2603 9
2606 211 131
2608 2607 131
2610 2609 9
2612 296 4
2614 48 4
2616 2615 9
2618 2616 2613
2620 210 9
2622 2621 9
2624 207 6
2626 2625 9
2628 278 6
2630 2629 9
2632 885 4
2634 2633 9
2636 105 4
2638 2637 9
2640 2347 9
2642 741 6
2644 2643 9
2646 259 4
2648 2646 6
2650 2649 9
2652 213 211
2654 13 4
2656 2654 6
2658 2657 9
2660 1787 11
2662 639 4
2664 2663 9
2666 90 4
2668 2667 9
2670 89 33
2672 2670 6
2674 2673 9
2676 1947 8
2678 1946 6
2680 2679 2677
2682 929 6
2684 2683 931
2686 2684 9
2688 854 2
2690 855 3
2692 2691 2689
2694 2693 9
2696 477 5
2698 476 4
2700 2699 2697
2702 2701 9
2704 1047 9
2706 1795 2
2708 1794 3
2710 2709 2707
2712 2711 9
2714 924 6
2716 2715 943
2718 2716 9
2720 1040 4
2722 2175 9
2724 2722 2721
2726 210 2
2728 2727 1655
2730 2729 17
2732 2731 9
2734 1681 249
2736 2735 9
2738 937 9
2740 2738 2683
2742 477 4
2744 2743 202
2746 1795 3
2748 2747 1536
2750 1095 9
2752 2750 2683
2754 1603 9
2756 2754 2747
2758 2567 148
2760 2566 149
2762 2761 2759
2764 2305 249
2766 2764 103
2768 2767 9
2770 2683 9
2772 2715 9
2774 2754 2175
2776 111 4
2778 2777 2175
2780 2779 6
2782 2781 9
2784 1536 201
2786 2359 1536
2788 117 2
2790 2789 2359
2792 2791 6
2794 2793 9
2796 2727 2359
2798 2796 9
2800 2683 8
2802 2801 2683
2804 1107 11
2806 2727 9
2808 2806 2359
2810 23 9
2812 2810 2727
2814 29 9
2816 2814 1603
2818 1243 187
2820 2819 187
2822 2821 9
2824 131 27
2826 2824 225
2828 2826 4
2830 2829 9
2832 1242 9
2834 2833 9
2836 619 6
2838 2837 9
2840 1245 1243
2842 1358 6
2844 2843 9
2846 2566 2
2848 2847 9
2850 1914 4
2852 2851 9
2854 727 4
2856 2855 9
2858 2726 9
2860 2859 9
2862 664 4
2864 2863 9
2866 224 9
2868 290 211
2870 2869 2867
2872 2347 2
2874 2873 2
2876 2875 9
2878 1603 8
2880 2879 1603
2882 2620 2
2884 2883 9
2886 1210 7
2888 2887 619
2890 2578 2
2892 2891 9
2894 1416 6
2896 2895 9
2898 1634 4
2900 2899 9
2902 1080 2
2904 2903 9
2906 2788 6
2908 2907 9
2910 2788 610
2912 2911 9
2914 207 176
2916 2915 9
2918 2726 8
2920 2919 2727
2922 2920 9
2924 2727 8
2926 2925 2727
2928 825 4
2930 824 5
2932 2931 2929
2934 2932 9
2936 1146 4
2938 2937 9
2940 1116 11
2942 82 2
2944 2942 6
2946 2945 9
2948 210 94
2950 2949 9
2952 754 4
2954 2953 9
2956 1602 8
2958 2957 1603
2960 2958 9
2962 727 33
2964 2346 2
2966 2965 9
2968 1571 6
2970 2969 9
2972 326 176
2974 2973 9
2976 236 83
2978 2977 11
2980 924 2
2982 2980 6
2984 2983 9
2986 2454 4
2988 2987 9
2990 2586 2
2992 2991 9
2994 259 95
2996 2995 6
2998 2996 4
3000 2999 9
3002 1242 8
3004 3003 1243
3006 3004 9
3008 1210 6
3010 3009 9
3012 2342 4
3014 3013 9
3016 770 2
3018 3016 4
3020 3019 9
3022 1900 4
3024 3023 9
3026 2442 2
3028 3027 9
3030 131 103
3032 3030 2
3034 3033 9
3036 211 153
3038 3037 2
3040 3039 9
3042 1180 9
3044 3043 619
3046 17 6
3048 3046 4
3050 3048 2
3052 3051 9
3054 619 11
3056 1760 2
3058 3057 9
3060 2867 675
3062 619 447
3064 1602 111
3066 3065 9
3068 610 2
3070 3069 9
3072 675 2
3074 3073 9
3076 225 210
3078 3077 9
3080 176 103
3082 3081 9
3084 1409 9
3086 1364 6
3088 3087 9
3090 1769 619
3092 2789 9
3094 3093 727
3096 211 89
3098 3097 19
3100 3099 9
3102 1602 9
3104 3103 9
3106 177 103
3108 3106 117
3110 3109 4
3112 3111 9
3114 1040 6
3116 3114 4
3118 3117 9
3120 110 7
3122 3121 2455
3124 3123 1158
3126 3125 9
3128 548 6
3130 3129 9
3132 2837 153
3134 727 615
3136 1707 675
3138 211 2
3140 3138 9
3142 3141 19
3144 1876 4
3146 3145 9
3148 1481 1242
3150 3149 9
3152 2858 9
3154 3153 9
3156 187 6
3158 186 7
3160 3159 3157
3162 3160 9
3164 236 82
3166 3165 9
3168 2776 6
3170 3169 9
3172 1787 619
3174 3157 9
3176 1613 176
3178 3177 9
3180 3073 259
3182 2887 1213
3184 1461 619
3186 598 6
3188 3186 4
3190 3189 9
3192 296 2
3194 3192 4
3196 3195 9
3198 1196 82
3200 1197 83
3202 3201 3199
3204 3203 9
3206 855 210
3208 3206 2
3210 3209 9
3212 26 8
3214 3213 633
3216 3215 1882
3218 271 5
3220 3219 3
3222 3221 755
3224 2155 74
3226 2154 75
3228 3227 3225
3230 1560 12
3232 3231 11
3234 2249 271
3236 1560 3
3238 3236 5
3240 3239 11
3242 1560 5
3244 3242 3
3246 3245 11
3248 1485 13
3250 1484 8
3252 3251 3249
3254 49 8
3256 3255 297
3258 2026 8
3260 3259 297
3262 48 8
3264 3263 1581
3266 2395 271
3268 1465 353
3270 95 27
3272 3271 3269
3274 22 8
3276 611 332
3278 3277 3275
3280 2515 23
3282 2513 23
3284 675 23
3286 23 8
3288 3287 211
3290 29 8
3292 3291 211
3294 27 8
3296 3295 1081
3298 105 8
3300 104 9
3302 3301 4
3304 3303 3299
3306 259 211
3308 95 17
3310 3309 3307
3312 117 19
3314 431 69
3316 3314 3312
3318 131 33
3320 3318 3271
3322 311 83
3324 271 69
3326 3324 3323
3328 237 23
3330 3329 619
3332 225 89
3334 3332 3037
3336 431 103
3338 3336 784
3340 2727 311
3342 3341 3295
3344 2621 259
3346 3345 147
3348 1243 153
3350 3349 123
3352 1417 27
3354 3353 359
3356 152 5
3358 3357 177
3360 3359 1153
3362 2833 49
3364 1211 17
3366 3365 69
3368 83 17
3370 3369 2007
3372 211 13
3374 95 6
3376 3375 3373
3378 131 111
3380 3378 1153
3382 177 17
3384 3383 1153
3386 2883 23
3388 2621 13
3390 3389 111
3392 855 89
3394 3392 225
3396 187 131
3398 3396 89
3400 117 89
3402 3400 825
3404 131 89
3406 3404 187
3408 1211 49
3410 1153 147
3412 1063 935
3414 3309 103
3416 1417 23
3418 1359 29
3420 327 27
3422 3421 225
3424 929 451
3426 3424 111
3428 1211 23
3430 3295 929
3432 3430 117
3434 536 89
3436 3332 117
3438 95 13
3440 3439 117
3442 3215 929
3444 271 225
3446 351 327
3448 3447 3444
3450 16 8
3452 3451 333
3454 3453 929
3456 924 451
3458 2297 225
3460 3458 3295
3462 3309 261
3464 3287 1259
3466 367 147
3468 3466 3453
3470 805 23
3472 3471 3453
3474 3453 2995
3476 258 16
3478 259 17
3480 3479 3477
3482 3481 2995
3484 333 2
3486 3485 147
3488 3309 367
3490 332 2
3492 3491 23
3494 3471 451
3496 804 9
3498 3497 23
3500 3471 89
3502 3450 3
3504 3503 95
3506 3275 95
3508 152 3
3510 3508 5
3512 3511 95
3514 3451 3
3516 3515 89
3518 3263 95
3520 3357 3
3522 3521 89
3524 2995 147
3526 3356 3
3528 3527 95
3530 3275 2811
3532 3531 147
3534 28 8
3536 3535 95
3538 892 3
3540 3539 95
3542 3295 383
3544 3255 19
3546 2995 451
3548 598 451
3550 152 12
3552 3551 95
3554 201 123
3556 3554 19
3558 3451 95
3560 3559 89
3562 3291 19
3564 147 89
3566 95 23
3568 95 49
3570 95 29
3572 3287 147
3574 740 7
3576 3575 95
3578 1095 89
3580 3578 111
3582 225 201
3584 3582 89
3586 3271 937
3588 89 16
3590 3589 95
3592 119 3
3594 3593 89
3596 442 5
3598 3597 95
3600 3332 111
3602 3309 89
3604 149 23
3606 498 3
3608 3607 95
3610 3271 225
3612 111 89
3614 3612 225
3616 2810 2
3618 3617 23
3620 3439 111
3622 427 3
3624 3623 89
3626 94 49
3628 95 48
3630 3629 3627
3632 3439 201
3634 117 12
3636 3635 95
3638 23 3
3640 3639 89
3642 1063 89
3644 3642 3375
3646 426 3
3648 3647 95
3650 89 2
3652 3651 29
3654 565 95
3656 3655 111
3658 244 5
3660 3659 95
3662 16 5
3664 3662 3
3666 3665 95
3668 3255 2
3670 3669 49
3672 457 395
3674 3673 111
3676 869 7
3678 3676 3
3680 3679 95
3682 112 22
3684 113 23
3686 3685 3683
3688 123 111
3690 431 7
3692 3690 3
3694 3693 95
3696 3691 3
3698 3697 89
3700 3287 111
3702 3255 111
3704 27 3
3706 3705 123
3708 431 3
3710 3709 8
3712 3708 6
3714 3713 3711
3716 431 89
3718 3716 111
3720 3375 431
3722 3720 89
3724 551 3
3726 3725 89
3728 113 49
3730 3291 111
3732 3255 2305
3734 599 211
3736 3735 451
3738 2747 123
3740 3551 457
3742 201 12
3744 3743 8
3746 3745 75
3748 394 7
3750 3749 457
3752 3263 457
3754 3673 201
3756 3255 75
3758 2498 271
3760 49 9
3762 3761 3263
3764 3763 201
3766 457 49
3768 3271 5
3770 3769 327
3772 2359 123
3774 3291 2175
3776 17 12
3778 3777 123
3780 203 49
3782 3287 2359
3784 3535 2815
3786 2498 7
3788 3787 237
3790 3231 457
3792 1484 12
3794 3793 123
3796 3503 2811
3798 310 26
3800 3799 2815
3802 3214 5
3804 3803 431
3806 1561 12
3808 3807 123
3810 3672 7
3812 3811 271
3814 3291 47
3816 3673 7
3818 3817 237
3820 854 8
3822 3821 211
3824 675 17
3826 2515 17
3828 3691 33
3830 2621 451
3832 3453 3
3834 3833 367
3836 481 197
3838 549 53
3840 3839 7
3842 3841 1877
3844 2167 1875
3846 3844 7
3848 3847 1877
3850 3845 7
3852 3851 1751
3854 1751 627
3856 3855 5
3858 3857 1875
3860 3471 9
3862 3861 451
3864 3452 3
3866 3865 805
3868 19 17
3870 3869 21
3872 3869 67
3874 451 3
3876 3875 17
3878 1877 5
3880 3879 19
3882 551 19
3884 1259 17
3886 626 5
3888 3887 19
3890 2166 7
3892 3891 19
3894 146 9
3896 3895 17
3898 805 451
3900 332 3
3902 3901 17
3904 1877 549
3906 481 17
3908 1909 17
3910 130 19
3912 3911 1877
3914 258 17
3916 3915 805
3918 116 19
3920 3919 549
3922 94 17
3924 3923 451
3926 197 19
3928 626 4
3930 3929 1877
3932 1795 19
3934 3933 549
3936 919 19
3938 3936 17
3940 117 4
3942 116 5
3944 3943 3941
3946 3945 19
3948 3895 16
3950 3894 17
3952 3951 3949
3954 3891 18
3956 3890 19
3958 3957 3955
3960 3887 18
3962 3886 19
3964 3963 3961
3966 431 19
3968 3967 7
3970 3969 1877
3972 3691 19
3974 3690 18
3976 3975 3973
3978 3855 431
3980 130 95
3982 3981 1877
3984 1765 17
3986 477 17
3988 3987 451
3990 3691 8
3992 3691 2
3994 3993 3991
3996 3879 1879
3998 451 177
4000 1877 431
4002 451 7
4004 4003 3875
4006 383 6
4008 4007 431
4010 1062 19
4012 4011 1877
4014 727 17
4016 3382 9
4018 4017 17
4020 1146 17
4022 4021 451
4024 727 119
4026 3219 726
4028 3218 727
4030 4029 4027
4032 327 6
4034 4033 131
4036 2621 17
4038 2579 17
4040 237 4
4042 4041 117
4044 855 271
4046 2567 17
4048 855 431
4050 559 4
4052 558 5
4054 4053 4051
4056 3451 857
4058 70 4
4060 4059 17
4062 327 17
4064 4063 1181
4066 71 4
4068 4067 117
4070 431 117
4072 451 117
4074 4033 431
4076 211 94
4078 4077 451
4080 273 6
4082 272 7
4084 4083 4081
4086 4085 19
4088 3139 9
4090 4089 17
4092 2689 9
4094 4093 17
4096 4035 19
4098 433 111
4100 4099 271
4102 111 32
4104 4103 451
4106 327 35
4108 4106 893
4110 431 271
4112 4110 615
4114 893 285
4116 310 6
4118 4117 431
4120 4118 141
4122 131 17
4124 4123 131
4126 4125 9
4128 4124 8
4130 4129 4127
4132 248 83
4134 4132 8
4136 4133 9
4138 4137 4135
4140 925 271
4142 3219 2
4144 273 3
4146 4145 4143
4148 271 3
4150 4149 4
4152 4151 2149
4154 928 271
4156 1445 272
4158 1444 273
4160 4159 4157
4162 1577 925
4164 4148 5
4166 4149 3219
4168 4167 4165
4170 1444 5
4172 4148 4
4174 4173 4171
4176 929 7
4178 1797 6
4180 4179 4177
4182 928 6
4184 929 8
4186 4185 4183
4188 924 8
4190 4189 1681
4192 924 7
4194 4193 1485
4196 4177 271
4198 931 237
4200 930 8
4202 931 9
4204 4203 4201
4206 931 8
4208 4207 933
4210 84 7
4212 4211 237
4214 1217 237
4216 1341 11
4218 1231 8
4220 4219 11
4222 88 4
4224 4223 1485
4226 1485 1181
4228 1549 237
4230 1485 1197
4232 3213 237
4234 4232 3451
4236 703 271
4238 1189 8
4240 4238 6
4242 4239 7
4244 4243 4241
4246 4223 7
4248 4246 9
4250 4247 8
4252 4251 4249
4254 1347 8
4256 4255 1349
4258 1217 1205
4260 1485 83
4262 4261 1211
4264 1557 7
4266 4265 237
4268 1477 8
4270 4269 1479
4272 1563 1073
4274 1077 271
4276 1091 8
4278 1090 9
4280 4279 4277
4282 1337 8
4284 4283 1339
4286 19 8
4288 4287 6
4290 4289 153
4292 1189 6
4294 4293 9
4296 4292 8
4298 4297 4295
4300 2359 1181
4302 4301 9
4304 4300 8
4306 4305 4303
4308 1147 225
4310 4309 9
4312 4308 8
4314 4313 4311
4316 3139 869
4318 3138 868
4320 4319 4317
4322 1785 103
4324 4323 9
4326 4322 8
4328 4327 4325
4330 1757 8
4332 1756 9
4334 4333 4331
4336 1561 13
4338 4337 3231
4340 1631 8
4342 1630 9
4344 4343 4341
4346 3673 6
4348 4347 3811
4350 2499 7
4352 4351 2501
4354 3821 857
4356 1561 5
4358 1560 4
4360 4359 4357
i0 INPUT_0
i1 INPUT_1
i2 INPUT_2
i3 INPUT_3
o0 INPUT_3
o1 INPUT_3
o2 INPUT_3
o3 INPUT_3
o4 INPUT_3
o5 INPUT_3
o6 INPUT_3
o7 INPUT_3
o8 INPUT_3
o9 INPUT_3
o10 INPUT_3
o11 INPUT_3
o12 INPUT_3
o13 INPUT_3
o14 INPUT_3
o15 INPUT_3
o16 INPUT_3
o17 INPUT_3
o18 INPUT_3
o19 INPUT_3
o20 INPUT_3
o21 INPUT_3
o22 INPUT_3
o23 INPUT_3
o24 INPUT_3
o25 INPUT_3
o26 INPUT_3
o27 INPUT_3
o28 INPUT_3
o29 INPUT_3
o30 INPUT_3
o31 INPUT_3
o32 INPUT_3
o33 INPUT_3
o34 INPUT_3
o35 INPUT_3
o36 INPUT_3
o37 INPUT_3
o38 INPUT_3
o39 INPUT_3
o40 INPUT_3
o41 INPUT_3
o42 INPUT_3
o43 INPUT_3
o44 INPUT_3
o45 INPUT_3
o46 INPUT_3
o47 INPUT_3
o48 INPUT_3
o49 INPUT_3
o50 INPUT_3
o51 INPUT_3
o52 INPUT_3
o53 INPUT_3
o54 INPUT_3
o55 INPUT_3
o56 INPUT_3
o57 INPUT_3
o58 INPUT_3
o59 INPUT_3
o60 INPUT_3
o61 INPUT_3
o62 INPUT_3
o63 INPUT_3
o64 INPUT_3
o65 INPUT_3
o66 INPUT_3
o67 INPUT_3
o68 INPUT_3
o69 INPUT_3
o70 INPUT_3
o71 INPUT_3
o72 INPUT_3
o73 INPUT_3
o74 INPUT_3
o75 INPUT_3
o76 INPUT_3
o77 INPUT_3
o78 INPUT_3
o79 INPUT_3
o80 INPUT_3
o81 INPUT_3
o82 INPUT_3
o83 INPUT_3
o84 INPUT_3
o85 INPUT_3
o86 INPUT_3
o87 INPUT_3
o88 INPUT_3
o89 INPUT_3
o90 INPUT_3
o91 INPUT_3
o92 INPUT_3
o93 INPUT_3
o94 INPUT_3
o95 INPUT_3
o96 INPUT_3
o97 INPUT_3
o98 INPUT_3
o99 INPUT_3
o100 INPUT_3
o101 INPUT_3
o102 INPUT_3
o103 INPUT_3
o104 INPUT_3
o105 INPUT_3
o106 INPUT_3
o107 INPUT_3
o108 INPUT_3
o109 INPUT_3
o110 INPUT_3
o111 INPUT_3
o112 INPUT_3
o113 INPUT_3
o114 INPUT_3
o115 INPUT_3
o116 INPUT_3
o117 INPUT_3
o118 INPUT_3
o119 INPUT_3
o120 INPUT_3
o121 INPUT_3
o122 INPUT_3
o123 INPUT_3
o124 INPUT_3
o125 INPUT_3
o126 INPUT_3
o127 INPUT_3
o128 INPUT_3
o129 INPUT_3
o130 INPUT_3
o131 INPUT_3
o132 INPUT_3
o133 INPUT_3
o134 INPUT_3
o135 INPUT_3
o136 INPUT_3
o137 INPUT_3
o138 INPUT_3
o139 INPUT_3
o140 INPUT_3
o141 INPUT_3
o142 INPUT_3
o143 INPUT_3
o144 INPUT_3
o145 INPUT_3
o146 INPUT_3
o147 INPUT_3
o148 INPUT_3
o149 INPUT_3
o150 INPUT_3
o151 INPUT_3
o152 INPUT_3
o153 INPUT_3
o154 INPUT_3
o155 INPUT_3
o156 INPUT_3
o157 INPUT_3
o158 INPUT_3
o159 INPUT_3
o160 INPUT_3
o161 INPUT_3
o162 INPUT_3
o163 INPUT_3
o164 INPUT_3
o165 INPUT_3
o166 INPUT_3
o167 INPUT_3
o168 INPUT_3
o169 INPUT_3
o170 INPUT_3
o171 INPUT_3
o172 INPUT_3
o173 INPUT_3
o174 INPUT_3
o175 INPUT_3
o176 INPUT_3
o177 INPUT_3
o178 INPUT_3
o179 INPUT_3
o180 INPUT_3
o181 INPUT_3
o182 INPUT_3
o183 INPUT_3
o184 INPUT_3
o185 INPUT_3
o186 INPUT_3
o187 INPUT_3
o188 INPUT_3
o189 INPUT_3
o190 INPUT_3
o191 INPUT_3
o192 INPUT_3
o193 INPUT_3
o194 INPUT_3
o195 INPUT_3
o196 INPUT_3
o197 INPUT_3
o198 INPUT_3
o199 INPUT_3
o200 INPUT_3
o201 INPUT_3
o202 INPUT_3
o203 INPUT_3
o204 INPUT_3
o205 INPUT_3
o206 INPUT_3
o207 INPUT_3
o208 INPUT_3
o209 INPUT_3
o210 INPUT_3
o211 INPUT_3
o212 INPUT_3
o213 INPUT_3
o214 INPUT_3
o215 INPUT_3
o216 INPUT_3
o217 INPUT_3
o218 INPUT_3
o219 INPUT_3
o220 INPUT_3
o221 INPUT_3
o222 INPUT_3
o223 INPUT_3
o224 INPUT_3
o225 INPUT_3
o226 INPUT_3
o227 INPUT_3
o228 INPUT_3
o229 INPUT_3
o230 INPUT_3
o231 INPUT_3
o232 INPUT_3
o233 INPUT_3
o234 INPUT_3
o235 INPUT_3
o236 INPUT_3
o237 INPUT_3
o238 INPUT_3
o239 INPUT_3
o240 INPUT_3
o241 INPUT_3
o242 INPUT_3
o243 INPUT_3
o244 INPUT_3
o245 INPUT_3
o246 INPUT_3
o247 INPUT_3
o248 INPUT_3
o249 INPUT_3
o250 INPUT_3
o251 INPUT_3
o252 INPUT_3
o253 INPUT_3
o254 INPUT_3
o255 INPUT_3
o256 INPUT_3
o257 INPUT_3
o258 INPUT_3
o259 INPUT_3
o260 INPUT_3
o261 INPUT_3
o262 INPUT_3
o263 INPUT_3
o264 INPUT_3
o265 INPUT_3
o266 INPUT_3
o267 INPUT_3
o268 INPUT_3
o269 INPUT_3
o270 INPUT_3
o271 INPUT_3
o272 INPUT_3
o273 INPUT_3
o274 INPUT_3
o275 INPUT_3
o276 INPUT_3
o277 INPUT_3
o278 INPUT_3
o279 INPUT_3
o280 INPUT_3
o281 INPUT_3
o282 INPUT_3
o283 INPUT_3
o284 INPUT_3
o285 INPUT_3
o286 INPUT_3
o287 INPUT_3
o288 INPUT_3
o289 INPUT_3
o290 INPUT_3
o291 INPUT_3
o292 INPUT_3
o293 INPUT_3
o294 INPUT_3
o295 INPUT_3
o296 INPUT_3
o297 INPUT_3
o298 INPUT_3
o299 INPUT_3
o300 INPUT_3
o301 INPUT_3
o302 INPUT_3
o303 INPUT_3
o304 INPUT_3
o305 INPUT_3
o306 INPUT_3
o307 INPUT_3
o308 INPUT_3
o309 INPUT_3
o310 INPUT_3
o311 INPUT_3
o312 INPUT_3
o313 INPUT_3
o314 INPUT_3
o315 INPUT_3
o316 INPUT_3
o317 INPUT_3
o318 INPUT_3
o319 INPUT_3
o320 INPUT_3
o321 INPUT_3
o322 INPUT_3
o323 INPUT_3
o324 INPUT_3
o325 INPUT_3
o326 INPUT_3
o327 INPUT_3
o328 INPUT_3
o329 INPUT_3
o330 INPUT_3
o331 INPUT_3
o332 INPUT_3
o333 INPUT_3
o334 INPUT_3
o335 INPUT_3
o336 INPUT_3
o337 INPUT_3
o338 INPUT_3
o339 INPUT_3
o340 INPUT_3
o341 INPUT_3
o342 INPUT_3
o343 INPUT_3
o344 INPUT_3
o345 INPUT_3
o346 INPUT_3
o347 INPUT_3
o348 INPUT_3
o349 INPUT_3
o350 INPUT_3
o351 INPUT_3
o352 INPUT_3
o353 INPUT_3
o354 INPUT_3
o355 INPUT_3
o356 INPUT_3
o357 INPUT_3
o358 INPUT_3
o359 INPUT_3
o360 INPUT_3
o361 INPUT_3
o362 INPUT_3
o363 INPUT_3
o364 INPUT_3
o365 INPUT_3
o366 INPUT_3
o367 INPUT_3
o368 INPUT_3
o369 INPUT_3
o370 INPUT_3
o371 INPUT_3
o372 INPUT_3
o373 INPUT_3
o374 INPUT_3
o375 INPUT_3
o376 INPUT_3
o377 INPUT_3
o378 INPUT_3
o379 INPUT_3
o380 INPUT_3
o381 INPUT_3
o382 INPUT_3
o383 INPUT_3
o384 INPUT_3
o385 INPUT_3
o386 INPUT_3
o387 INPUT_3
o388 INPUT_3
o389 INPUT_3
o390 INPUT_3
o391 INPUT_3
o392 INPUT_3
o393 INPUT_3
o394 INPUT_3
o395 INPUT_3
o396 INPUT_3
o397 INPUT_3
o398 INPUT_3
o399 INPUT_3
o400 INPUT_3
o401 INPUT_3
o402 INPUT_3
o403 INPUT_3
o404 INPUT_3
o405 INPUT_3
o406 INPUT_3
o407 INPUT_3
o408 INPUT_3
o409 INPUT_3
o410 INPUT_3
o411 INPUT_3
o412 INPUT_3
o413 INPUT_3
o414 INPUT_3
o415 INPUT_3
o416 INPUT_3
o417 INPUT_3
o418 INPUT_3
o419 INPUT_3
o420 INPUT_3
o421 INPUT_3
o422 INPUT_3
o423 INPUT_3
o424 INPUT_3
o425 INPUT_3
o426 INPUT_3
o427 INPUT_3
o428 INPUT_3
o429 INPUT_3
o430 INPUT_3
o431 INPUT_3
o432 INPUT_3
o433 INPUT_3
o434 INPUT_3
o435 INPUT_3
o436 INPUT_3
o437 INPUT_3
o438 INPUT_3
o439 INPUT_3
o440 INPUT_3
o441 INPUT_3
o442 INPUT_3
o443 INPUT_3
o444 INPUT_3
o445 INPUT_3
o446 INPUT_3
o447 INPUT_3
o448 INPUT_3
o449 INPUT_3
o450 INPUT_3
o451 INPUT_3
o452 INPUT_3
o453 INPUT_3
o454 INPUT_3
o455 INPUT_3
o456 INPUT_3
o457 INPUT_3
o458 INPUT_3
o459 INPUT_3
o460 INPUT_3
o461 INPUT_3
o462 INPUT_3
o463 INPUT_3
o464 INPUT_3
o465 INPUT_3
o466 INPUT_3
o467 INPUT_3
o468 INPUT_3
o469 INPUT_3
o470 INPUT_3
o471 INPUT_3
o472 INPUT_3
o473 INPUT_3
o474 INPUT_3
o475 INPUT_3
o476 INPUT_3
o477 INPUT_3
o478 INPUT_3
o479 INPUT_3
o480 INPUT_3
o481 INPUT_3
o482 INPUT_3
o483 INPUT_3
o484 INPUT_3
o485 INPUT_3
o486 INPUT_3
o487 INPUT_3
o488 INPUT_3
o489 INPUT_3
o490 INPUT_3
o491 INPUT_3
o492 INPUT_3
o493 INPUT_3
o494 INPUT_3
o495 INPUT_3
o496 INPUT_3
o497 INPUT_3
o498 INPUT_3
o499 INPUT_3
o500 INPUT_3
o501 INPUT_3
o502 INPUT_3
o503 INPUT_3
o504 INPUT_3
o505 INPUT_3
o506 INPUT_3
o507 INPUT_3
o508 INPUT_3
o509 INPUT_3
o510 INPUT_3
o511 INPUT_3
o512 INPUT_3
o513 INPUT_3
o514 INPUT_3
o515 INPUT_3
o516 INPUT_3
o517 INPUT_3
o518 INPUT_3
o519 INPUT_3
o520 INPUT_3
o521 INPUT_3
o522 INPUT_3
o523 INPUT_3
o524 INPUT_3
o525 INPUT_3
o526 INPUT_3
o527 INPUT_3
o528 INPUT_3
o529 INPUT_3
o530 INPUT_3
o531 INPUT_3
o532 INPUT_3
o533 INPUT_3
o534 INPUT_3
o535 INPUT_3
o536 INPUT_3
o537 INPUT_3
o538 INPUT_3
o539 INPUT_3
o540 INPUT_3
o541 INPUT_3
o542 INPUT_3
o543 INPUT_3
o544 INPUT_3
o545 INPUT_3
o546 INPUT_3
o547 INPUT_3
o548 INPUT_3
o549 INPUT_3
o550 INPUT_3
o551 INPUT_3
o552 INPUT_3
o553 INPUT_3
o554 INPUT_3
o555 INPUT_3
o556 INPUT_3
o557 INPUT_3
o558 INPUT_3
o559 INPUT_3
o560 INPUT_3
o561 INPUT_3
o562 INPUT_3
o563 INPUT_3
o564 INPUT_3
o565 INPUT_3
o566 INPUT_3
o567 INPUT_3
o568 INPUT_3
o569 INPUT_3
o570 INPUT_3
o571 INPUT_3
o572 INPUT_3
o573 INPUT_3
o574 INPUT_3
o575 INPUT_3
o576 INPUT_3
o577 INPUT_3
o578 INPUT_3
o579 INPUT_3
o580 INPUT_3
o581 INPUT_3
o582 INPUT_3
o583 INPUT_3
o584 INPUT_3
o585 INPUT_3
o586 INPUT_3
o587 INPUT_3
o588 INPUT_3
o589 INPUT_3
o590 INPUT_3
o591 INPUT_3
o592 INPUT_3
o593 INPUT_3
o594 INPUT_3
o595 INPUT_3
o596 INPUT_3
o597 INPUT_3
o598 INPUT_3
o599 INPUT_3
o600 INPUT_3
o601 INPUT_3
o602 INPUT_3
o603 INPUT_3
o604 INPUT_3
o605 INPUT_3
o606 INPUT_3
o607 INPUT_3
o608 INPUT_3
o609 INPUT_3
o610 INPUT_3
o611 INPUT_3
o612 INPUT_3
o613 INPUT_3
o614 INPUT_3
o615 INPUT_3
o616 INPUT_3
o617 INPUT_3
o618 INPUT_3
o619 INPUT_3
o620 INPUT_3
o621 INPUT_3
o622 INPUT_3
o623 INPUT_3
o624 INPUT_3
o625 INPUT_3
o626 INPUT_3
o627 INPUT_3
o628 INPUT_3
o629 INPUT_3
o630 INPUT_3
o631 INPUT_3
o632 INPUT_3
o633 INPUT_3
o634 INPUT_3
o635 INPUT_3
o636 INPUT_3
o637 INPUT_3
o638 INPUT_3
o639 INPUT_3
o640 INPUT_3
o641 INPUT_3
o642 INPUT_3
o643 INPUT_3
o644 INPUT_3
o645 INPUT_3
o646 INPUT_3
o647 INPUT_3
o648 INPUT_3
o649 INPUT_3
o650 INPUT_3
o651 INPUT_3
o652 INPUT_3
o653 INPUT_3
o654 INPUT_3
o655 INPUT_3
o656 INPUT_3
o657 INPUT_3
o658 INPUT_3
o659 INPUT_3
o660 INPUT_3
o661 INPUT_3
o662 INPUT_3
o663 INPUT_3
o664 INPUT_3
o665 INPUT_3
o666 INPUT_3
o667 INPUT_3
o668 INPUT_3
o669 INPUT_3
o670 INPUT_3
o671 INPUT_3
o672 INPUT_3
o673 INPUT_3
o674 INPUT_3
o675 INPUT_3
o676 INPUT_3
o677 INPUT_3
o678 INPUT_3
o679 INPUT_3
o680 INPUT_3
o681 INPUT_3
o682 INPUT_3
o683 INPUT_3
o684 INPUT_3
o685 INPUT_3
o686 INPUT_3
o687 INPUT_3
o688 INPUT_3
o689 INPUT_3
o690 INPUT_3
o691 INPUT_3
o692 INPUT_3
o693 INPUT_3
o694 INPUT_3
o695 INPUT_3
o696 INPUT_3
o697 INPUT_3
o698 INPUT_3
o699 INPUT_3
o700 INPUT_3
o701 INPUT_3
o702 INPUT_3
o703 INPUT_3
o704 INPUT_3
o705 INPUT_3
o706 INPUT_3
o707 INPUT_3
o708 INPUT_3
o709 INPUT_3
o710 INPUT_3
o711 INPUT_3
o712 INPUT_3
o713 INPUT_3
o714 INPUT_3
o715 INPUT_3
o716 INPUT_3
o717 INPUT_3
o718 INPUT_3
o719 INPUT_3
o720 INPUT_3
o721 INPUT_3
o722 INPUT_3
o723 INPUT_3
o724 INPUT_3
o725 INPUT_3
o726 INPUT_3
o727 INPUT_3
o728 INPUT_3
o729 INPUT_3
o730 INPUT_3
o731 INPUT_3
o732 INPUT_3
o733 INPUT_3
o734 INPUT_3
o735 INPUT_3
o736 INPUT_3
o737 INPUT_3
o738 INPUT_3
o739 INPUT_3
o740 INPUT_3
o741 INPUT_3
o742 INPUT_3
o743 INPUT_3
o744 INPUT_3
o745 INPUT_3
o746 INPUT_3
o747 INPUT_3
o748 INPUT_3
o749 INPUT_3
o750 INPUT_3
o751 INPUT_3
o752 INPUT_3
o753 INPUT_3
o754 INPUT_3
o755 INPUT_3
o756 INPUT_3
o757 INPUT_3
o758 INPUT_3
o759 INPUT_3
o760 INPUT_3
o761 INPUT_3
o762 INPUT_3
o763 INPUT_3
o764 INPUT_3
o765 INPUT_3
o766 INPUT_3
o767 INPUT_3
o768 INPUT_3
o769 INPUT_3
o770 INPUT_3
o771 INPUT_3
o772 INPUT_3
o773 INPUT_3
o774 INPUT_3
o775 INPUT_3
o776 INPUT_3
o777 INPUT_3
o778 INPUT_3
o779 INPUT_3
o780 INPUT_3
o781 INPUT_3
o782 INPUT_3
o783 INPUT_3
o784 INPUT_3
o785 INPUT_3
o786 INPUT_3
o787 INPUT_3
o788 INPUT_3
o789 INPUT_3
o790 INPUT_3
o791 INPUT_3
o792 INPUT_3
o793 INPUT_3
o794 INPUT_3
o795 INPUT_3
o796 INPUT_3
o797 INPUT_3
o798 INPUT_3
o799 INPUT_3
o800 INPUT_3
o801 INPUT_3
o802 INPUT_3
o803 INPUT_3
o804 INPUT_3
o805 INPUT_3
o806 INPUT_3
o807 INPUT_3
o808 INPUT_3
o809 INPUT_3
o810 INPUT_3
o811 INPUT_3
o812 INPUT_3
o813 INPUT_3
o814 INPUT_3
o815 INPUT_3
o816 INPUT_3
o817 INPUT_3
o818 INPUT_3
o819 INPUT_3
o820 INPUT_3
o821 INPUT_3
o822 INPUT_3
o823 INPUT_3
o824 INPUT_3
o825 INPUT_3
o826 INPUT_3
o827 INPUT_3
o828 INPUT_3
o829 INPUT_3
o830 INPUT_3
o831 INPUT_3
o832 INPUT_3
o833 INPUT_3
o834 INPUT_3
o835 INPUT_3
o836 INPUT_3
o837 INPUT_3
o838 INPUT_3
o839 INPUT_3
o840 INPUT_3
o841 INPUT_3
o842 INPUT_3
o843 INPUT_3
o844 INPUT_3
o845 INPUT_3
o846 INPUT_3
o847 INPUT_3
o848 INPUT_3
o849 INPUT_3
o850 INPUT_3
o851 INPUT_3
o852 INPUT_3
o853 INPUT_3
o854 INPUT_3
o855 INPUT_3
o856 INPUT_3
o857 INPUT_3
o858 INPUT_3
o859 INPUT_3
o860 INPUT_3
o861 INPUT_3
o862 INPUT_3
o863 INPUT_3
o864 INPUT_3
o865 INPUT_3
o866 INPUT_3
o867 INPUT_3
o868 INPUT_3
o869 INPUT_3
o870 INPUT_3
o871 INPUT_3
o872 INPUT_3
o873 INPUT_3
o874 INPUT_3
o875 INPUT_3
o876 INPUT_3
o877 INPUT_3
o878 INPUT_3
o879 INPUT_3
o880 INPUT_3
o881 INPUT_3
o882 INPUT_3
o883 INPUT_3
o884 INPUT_3
o885 INPUT_3
o886 INPUT_3
o887 INPUT_3
o888 INPUT_3
o889 INPUT_3
o890 INPUT_3
o891 INPUT_3
o892 INPUT_3
o893 INPUT_3
o894 INPUT_3
o895 INPUT_3
o896 INPUT_3
o897 INPUT_3
o898 INPUT_3
o899 INPUT_3
o900 INPUT_3
o901 INPUT_3
o902 INPUT_3
o903 INPUT_3
o904 INPUT_3
o905 INPUT_3
o906 INPUT_3
o907 INPUT_3
o908 INPUT_3
o909 INPUT_3
o910 INPUT_3
o911 INPUT_3
o912 INPUT_3
o913 INPUT_3
o914 INPUT_3
o915 INPUT_3
o916 INPUT_3
o917 INPUT_3
o918 INPUT_3
o919 INPUT_3
o920 INPUT_3
o921 INPUT_3
o922 INPUT_3
o923 INPUT_3
o924 INPUT_3
o925 INPUT_3
o926 INPUT_3
o927 INPUT_3
o928 INPUT_3
o929 INPUT_3
o930 INPUT_3
o931 INPUT_3
o932 INPUT_3
o933 INPUT_3
o934 INPUT_3
o935 INPUT_3
o936 INPUT_3
o937 INPUT_3
o938 INPUT_3
o939 INPUT_3
o940 INPUT_3
o941 INPUT_3
o942 INPUT_3
o943 INPUT_3
o944 INPUT_3
o945 INPUT_3
o946 INPUT_3
o947 INPUT_3
o948 INPUT_3
o949 INPUT_3
o950 INPUT_3
o951 INPUT_3
o952 INPUT_3
o953 INPUT_3
o954 INPUT_3
o955 INPUT_3
o956 INPUT_3
o957 INPUT_3
o958 INPUT_3
o959 INPUT_3
o960 INPUT_3
o961 INPUT_3
o962 INPUT_3
o963 INPUT_3
o964 INPUT_3
o965 INPUT_3
o966 INPUT_3
o967 INPUT_3
o968 INPUT_3
o969 INPUT_3
o970 INPUT_3
o971 INPUT_3
o972 INPUT_3
o973 INPUT_3
o974 INPUT_3
o975 INPUT_3
o976 INPUT_3
o977 INPUT_3
o978 INPUT_3
o979 INPUT_3
o980 INPUT_3
o981 INPUT_3
o982 INPUT_3
o983 INPUT_3
o984 INPUT_3
o985 INPUT_3
o986 INPUT_3
o987 INPUT_3
o988 INPUT_3
o989 INPUT_3
o990 INPUT_3
o991 INPUT_3
o992 INPUT_3
o993 INPUT_3
o994 INPUT_3
o995 INPUT_3
o996 INPUT_3
o997 INPUT_3
o998 INPUT_3
o999 INPUT_3
o1000 INPUT_3
o1001 INPUT_3
o1002 INPUT_3
o1003 INPUT_3
o1004 INPUT_3
o1005 INPUT_3
o1006 INPUT_3
o1007 INPUT_3
o1008 INPUT_3
o1009 INPUT_3
o1010 INPUT_3
o1011 INPUT_3
o1012 INPUT_3
o1013 INPUT_3
o1014 INPUT_3
o1015 INPUT_3
o1016 INPUT_3
o1017 INPUT_3
o1018 INPUT_3
o1019 INPUT_3
o1020 INPUT_3
o1021 INPUT_3
o1022 INPUT_3
o1023 INPUT_3
o1024 INPUT_3
o1025 INPUT_3
o1026 INPUT_3
o1027 INPUT_3
o1028 INPUT_3
o1029 INPUT_3
o1030 INPUT_3
o1031 INPUT_3
o1032 INPUT_3
o1033 INPUT_3
o1034 INPUT_3
o1035 INPUT_3
o1036 INPUT_3
o1037 INPUT_3
o1038 INPUT_3
o1039 INPUT_3
o1040 INPUT_3
o1041 INPUT_3
o1042 INPUT_3
o1043 INPUT_3
o1044 INPUT_3
o1045 INPUT_3
o1046 INPUT_3
o1047 INPUT_3
o1048 INPUT_3
o1049 INPUT_3
o1050 INPUT_3
o1051 INPUT_3
o1052 INPUT_3
o1053 INPUT_3
o1054 INPUT_3
o1055 INPUT_3
o1056 INPUT_3
o1057 INPUT_3
o1058 INPUT_3
o1059 INPUT_3
o1060 INPUT_3
o1061 INPUT_3
o1062 INPUT_3
o1063 INPUT_3
o1064 INPUT_3
o1065 INPUT_3
o1066 INPUT_3
o1067 INPUT_3
o1068 INPUT_3
o1069 INPUT_3
o1070 INPUT_3
o1071 INPUT_3
o1072 INPUT_3
o1073 INPUT_3
o1074 INPUT_3
o1075 INPUT_3
o1076 INPUT_3
o1077 INPUT_3
o1078 INPUT_3
o1079 INPUT_3
o1080 INPUT_3
o1081 INPUT_3
o1082 INPUT_3
o1083 INPUT_3
o1084 INPUT_3
o1085 INPUT_3
o1086 INPUT_3
o1087 INPUT_3
o1088 INPUT_3
o1089 INPUT_3
o1090 INPUT_3
o1091 INPUT_3
o1092 INPUT_3
o1093 INPUT_3
o1094 INPUT_3
o1095 INPUT_3
o1096 INPUT_3
o1097 INPUT_3
o1098 INPUT_3
o1099 INPUT_3
o1100 INPUT_3
o1101 INPUT_3
o1102 INPUT_3
o1103 INPUT_3
o1104 INPUT_3
o1105 INPUT_3
o1106 INPUT_3
o1107 INPUT_3
o1108 INPUT_3
o1109 INPUT_3
o1110 INPUT_3
o1111 INPUT_3
o1112 INPUT_3
o1113 INPUT_3
o1114 INPUT_3
o1115 INPUT_3
o1116 INPUT_3
o1117 INPUT_3
o1118 INPUT_3
o1119 INPUT_3
o1120 INPUT_3
o1121 INPUT_3
o1122 INPUT_3
o1123 INPUT_3
o1124 INPUT_3
o1125 INPUT_3
o1126 INPUT_3
o1127 INPUT_3
o1128 INPUT_3
o1129 INPUT_3
o1130 INPUT_3
o1131 INPUT_3
o1132 INPUT_3
o1133 INPUT_3
o1134 INPUT_3
o1135 INPUT_3
o1136 INPUT_3
o1137 INPUT_3
o1138 INPUT_3
o1139 INPUT_3
o1140 INPUT_3
o1141 INPUT_3
o1142 INPUT_3
o1143 INPUT_3
o1144 INPUT_3
o1145 INPUT_3
o1146 INPUT_3
o1147 INPUT_3
o1148 INPUT_3
o1149 INPUT_3
o1150 INPUT_3
o1151 INPUT_3
o1152 INPUT_3
o1153 INPUT_3
o1154 INPUT_3
o1155 INPUT_3
o1156 INPUT_3
o1157 INPUT_3
o1158 INPUT_3
o1159 INPUT_3
o1160 INPUT_3
o1161 INPUT_3
o1162 INPUT_3
o1163 INPUT_3
o1164 INPUT_3
o1165 INPUT_3
o1166 INPUT_3
o1167 INPUT_3
o1168 INPUT_3
o1169 INPUT_3
o1170 INPUT_3
o1171 INPUT_3
o1172 INPUT_3
o1173 INPUT_3
o1174 INPUT_3
o1175 INPUT_3
o1176 INPUT_3
o1177 INPUT_3
o1178 INPUT_3
o1179 INPUT_3
o1180 INPUT_3
o1181 INPUT_3
o1182 INPUT_3
o1183 INPUT_3
o1184 INPUT_3
o1185 INPUT_3
o1186 INPUT_3
o1187 INPUT_3
o1188 INPUT_3
o1189 INPUT_3
o1190 INPUT_3
o1191 INPUT_3
o1192 INPUT_3
o1193 INPUT_3
o1194 INPUT_3
o1195 INPUT_3
o1196 INPUT_3
o1197 INPUT_3
o1198 INPUT_3
o1199 INPUT_3
o1200 INPUT_3
o1201 INPUT_3
o1202 INPUT_3
o1203 INPUT_3
o1204 INPUT_3
o1205 INPUT_3
o1206 INPUT_3
o1207 INPUT_3
o1208 INPUT_3
o1209 INPUT_3
o1210 INPUT_3
o1211 INPUT_3
o1212 INPUT_3
o1213 INPUT_3
o1214 INPUT_3
o1215 INPUT_3
o1216 INPUT_3
o1217 INPUT_3
o1218 INPUT_3
o1219 INPUT_3
o1220 INPUT_3
o1221 INPUT_3
o1222 INPUT_3
o1223 INPUT_3
o1224 INPUT_3
o1225 INPUT_3
o1226 INPUT_3
o1227 INPUT_3
o1228 INPUT_3
o1229 INPUT_3
o1230 INPUT_3
o1231 INPUT_3
o1232 INPUT_3
o1233 INPUT_3
o1234 INPUT_3
o1235 INPUT_3
o1236 INPUT_3
o1237 INPUT_3
o1238 INPUT_3
o1239 INPUT_3
o1240 INPUT_3
o1241 INPUT_3
o1242 INPUT_3
o1243 INPUT_3
o1244 INPUT_3
o1245 INPUT_3
o1246 INPUT_3
o1247 INPUT_3
o1248 INPUT_3
o1249 INPUT_3
o1250 INPUT_3
o1251 INPUT_3
o1252 INPUT_3
o1253 INPUT_3
o1254 INPUT_3
o1255 INPUT_3
o1256 INPUT_3
o1257 INPUT_3
o1258 INPUT_3
o1259 INPUT_3
o1260 INPUT_3
o1261 INPUT_3
o1262 INPUT_3
o1263 INPUT_3
o1264 INPUT_3
o1265 INPUT_3
o1266 INPUT_3
o1267 INPUT_3
o1268 INPUT_3
o1269 INPUT_3
o1270 INPUT_3
o1271 INPUT_3
o1272 INPUT_3
o1273 INPUT_3
o1274 INPUT_3
o1275 INPUT_3
o1276 INPUT_3
o1277 INPUT_3
o1278 INPUT_3
o1279 INPUT_3
o1280 INPUT_3
o1281 INPUT_3
o1282 INPUT_3
o1283 INPUT_3
o1284 INPUT_3
o1285 INPUT_3
o1286 INPUT_3
o1287 INPUT_3
o1288 INPUT_3
o1289 INPUT_3
o1290 INPUT_3
o1291 INPUT_3
o1292 INPUT_3
o1293 INPUT_3
o1294 INPUT_3
o1295 INPUT_3
o1296 INPUT_3
o1297 INPUT_3
o1298 INPUT_3
o1299 INPUT_3
o1300 INPUT_3
o1301 INPUT_3
o1302 INPUT_3
o1303 INPUT_3
o1304 INPUT_3
o1305 INPUT_3
o1306 INPUT_3
o1307 INPUT_3
o1308 INPUT_3
o1309 INPUT_3
o1310 INPUT_3
o1311 INPUT_3
o1312 INPUT_3
o1313 INPUT_3
o1314 INPUT_3
o1315 INPUT_3
o1316 INPUT_3
o1317 INPUT_3
o1318 INPUT_3
o1319 INPUT_3
o1320 INPUT_3
o1321 INPUT_3
o1322 INPUT_3
o1323 INPUT_3
o1324 INPUT_3
o1325 INPUT_3
o1326 INPUT_3
o1327 INPUT_3
o1328 INPUT_3
o1329 INPUT_3
o1330 INPUT_3
o1331 INPUT_3
o1332 INPUT_3
o1333 INPUT_3
o1334 INPUT_3
o1335 INPUT_3
o1336 INPUT_3
o1337 INPUT_3
o1338 INPUT_3
o1339 INPUT_3
o1340 INPUT_3
o1341 INPUT_3
o1342 INPUT_3
o1343 INPUT_3
o1344 INPUT_3
o1345 INPUT_3
o1346 INPUT_3
o1347 INPUT_3
o1348 INPUT_3
o1349 INPUT_3
o1350 INPUT_3
o1351 INPUT_3
o1352 INPUT_3
o1353 INPUT_3
o1354 INPUT_3
o1355 INPUT_3
o1356 INPUT_3
o1357 INPUT_3
o1358 INPUT_3
o1359 INPUT_3
o1360 INPUT_3
o1361 INPUT_3
o1362 INPUT_3
o1363 INPUT_3
o1364 INPUT_3
o1365 INPUT_3
o1366 INPUT_3
o1367 INPUT_3
o1368 INPUT_3
o1369 INPUT_3
o1370 INPUT_3
o1371 INPUT_3
o1372 INPUT_3
o1373 INPUT_3
o1374 INPUT_3
o1375 INPUT_3
o1376 INPUT_3
o1377 INPUT_3
o1378 INPUT_3
o1379 INPUT_3
o1380 INPUT_3
o1381 INPUT_3
o1382 INPUT_3
o1383 INPUT_3
o1384 INPUT_3
o1385 INPUT_3
o1386 INPUT_3
o1387 INPUT_3
o1388 INPUT_3
o1389 INPUT_3
o1390 INPUT_3
o1391 INPUT_3
o1392 INPUT_3
o1393 INPUT_3
o1394 INPUT_3
o1395 INPUT_3
o1396 INPUT_3
o1397 INPUT_3
o1398 INPUT_3
o1399 INPUT_3
o1400 INPUT_3
o1401 INPUT_3
o1402 INPUT_3
o1403 INPUT_3
o1404 INPUT_3
o1405 INPUT_3
o1406 INPUT_3
o1407 INPUT_3
o1408 INPUT_3
o1409 INPUT_3
o1410 INPUT_3
o1411 INPUT_3
o1412 INPUT_3
o1413 INPUT_3
o1414 INPUT_3
o1415 INPUT_3
o1416 INPUT_3
o1417 INPUT_3
o1418 INPUT_3
o1419 INPUT_3
o1420 INPUT_3
o1421 INPUT_3
o1422 INPUT_3
o1423 INPUT_3
o1424 INPUT_3
o1425 INPUT_3
o1426 INPUT_3
o1427 INPUT_3
o1428 INPUT_3
o1429 INPUT_3
o1430 INPUT_3
o1431 INPUT_3
o1432 INPUT_3
o1433 INPUT_3
o1434 INPUT_3
o1435 INPUT_3
o1436 INPUT_3
o1437 INPUT_3
o1438 INPUT_3
o1439 INPUT_3
o1440 INPUT_3
o1441 INPUT_3
o1442 INPUT_3
o1443 INPUT_3
o1444 INPUT_3
o1445 INPUT_3
o1446 INPUT_3
o1447 INPUT_3
o1448 INPUT_3
o1449 INPUT_3
o1450 INPUT_3
o1451 INPUT_3
o1452 INPUT_3
o1453 INPUT_3
o1454 INPUT_3
o1455 INPUT_3
o1456 INPUT_3
o1457 INPUT_3
o1458 INPUT_3
o1459 INPUT_3
o1460 INPUT_3
o1461 INPUT_3
o1462 INPUT_3
o1463 INPUT_3
o1464 INPUT_3
o1465 INPUT_3
o1466 INPUT_3
o1467 INPUT_3
o1468 INPUT_3
o1469 INPUT_3
o1470 INPUT_3
o1471 INPUT_3
o1472 INPUT_3
o1473 INPUT_3
o1474 INPUT_3
o1475 INPUT_3
o1476 INPUT_3
o1477 INPUT_3
o1478 INPUT_3
o1479 INPUT_3
o1480 INPUT_3
o1481 INPUT_3
o1482 INPUT_3
o1483 INPUT_3
o1484 INPUT_3
o1485 INPUT_3
o1486 INPUT_3
o1487 INPUT_3
o1488 INPUT_3
o1489 INPUT_3
o1490 INPUT_3
o1491 INPUT_3
o1492 INPUT_3
o1493 INPUT_3
o1494 INPUT_3
o1495 INPUT_3
o1496 INPUT_3
o1497 INPUT_3
o1498 INPUT_3
o1499 INPUT_3
o1500 INPUT_3
o1501 INPUT_3
o1502 INPUT_3
o1503 INPUT_3
o1504 INPUT_3
o1505 INPUT_3
o1506 INPUT_3
o1507 INPUT_3
o1508 INPUT_3
o1509 INPUT_3
o1510 INPUT_3
o1511 INPUT_3
o1512 INPUT_3
o1513 INPUT_3
o1514 INPUT_3
o1515 INPUT_3
o1516 INPUT_3
o1517 INPUT_3
o1518 INPUT_3
o1519 INPUT_3
o1520 INPUT_3
o1521 INPUT_3
o1522 INPUT_3
o1523 INPUT_3
o1524 INPUT_3
o1525 INPUT_3
o1526 INPUT_3
o1527 INPUT_3
o1528 INPUT_3
o1529 INPUT_3
o1530 INPUT_3
o1531 INPUT_3
o1532 INPUT_3
o1533 INPUT_3
o1534 INPUT_3
o1535 INPUT_3
o1536 INPUT_3
o1537 INPUT_3
o1538 INPUT_3
o1539 INPUT_3
o1540 INPUT_3
o1541 INPUT_3
o1542 INPUT_3
o1543 INPUT_3
o1544 INPUT_3
o1545 INPUT_3
o1546 INPUT_3
o1547 INPUT_3
o1548 INPUT_3
o1549 INPUT_3
o1550 INPUT_3
o1551 INPUT_3
o1552 INPUT_3
o1553 INPUT_3
o1554 INPUT_3
o1555 INPUT_3
o1556 INPUT_3
o1557 INPUT_3
o1558 INPUT_3
o1559 INPUT_3
o1560 INPUT_3
o1561 INPUT_3
o1562 INPUT_3
o1563 INPUT_3
o1564 INPUT_3
o1565 INPUT_3
o1566 INPUT_3
o1567 INPUT_3
o1568 INPUT_3
o1569 INPUT_3
o1570 INPUT_3
o1571 INPUT_3
o1572 INPUT_3
o1573 INPUT_3
o1574 INPUT_3
o1575 INPUT_3
o1576 INPUT_3
o1577 INPUT_3
o1578 INPUT_3
o1579 INPUT_3
o1580 INPUT_3
o1581 INPUT_3
o1582 INPUT_3
o1583 INPUT_3
o1584 INPUT_3
o1585 INPUT_3
o1586 INPUT_3
o1587 INPUT_3
o1588 INPUT_3
o1589 INPUT_3
o1590 INPUT_3
o1591 INPUT_3
o1592 INPUT_3
o1593 INPUT_3
o1594 INPUT_3
o1595 INPUT_3
o1596 INPUT_3
o1597 INPUT_3
o1598 INPUT_3
o1599 INPUT_3
o1600 INPUT_3
o1601 INPUT_3
o1602 INPUT_3
o1603 INPUT_3
o1604 INPUT_3
o1605 INPUT_3
o1606 INPUT_3
o1607 INPUT_3
o1608 INPUT_3
o1609 INPUT_3
o1610 INPUT_3
o1611 INPUT_3
o1612 INPUT_3
o1613 INPUT_3
o1614 INPUT_3
o1615 INPUT_3
o1616 INPUT_3
o1617 INPUT_3
o1618 INPUT_3
o1619 INPUT_3
o1620 INPUT_3
o1621 INPUT_3
o1622 INPUT_3
o1623 INPUT_3
o1624 INPUT_3
o1625 INPUT_3
o1626 INPUT_3
o1627 INPUT_3
o1628 INPUT_3
o1629 INPUT_3
o1630 INPUT_3
o1631 INPUT_3
o1632 INPUT_3
o1633 INPUT_3
o1634 INPUT_3
o1635 INPUT_3
o1636 INPUT_3
o1637 INPUT_3
o1638 INPUT_3
o1639 INPUT_3
o1640 INPUT_3
o1641 INPUT_3
o1642 INPUT_3
o1643 INPUT_3
o1644 INPUT_3
o1645 INPUT_3
o1646 INPUT_3
o1647 INPUT_3
o1648 INPUT_3
o1649 INPUT_3
o1650 INPUT_3
o1651 INPUT_3
o1652 INPUT_3
o1653 INPUT_3
o1654 INPUT_3
o1655 INPUT_3
o1656 INPUT_3
o1657 INPUT_3
o1658 INPUT_3
o1659 INPUT_3
o1660 INPUT_3
o1661 INPUT_3
o1662 INPUT_3
o1663 INPUT_3
o1664 INPUT_3
o1665 INPUT_3
o1666 INPUT_3
o1667 INPUT_3
o1668 INPUT_3
o1669 INPUT_3
o1670 INPUT_3
o1671 INPUT_3
o1672 INPUT_3
o1673 INPUT_3
o1674 INPUT_3
o1675 INPUT_3
o1676 INPUT_3
o1677 INPUT_3
o1678 INPUT_3
o1679 INPUT_3
o1680 INPUT_3
o1681 INPUT_3
o1682 INPUT_3
o1683 INPUT_3
o1684 INPUT_3
o1685 INPUT_3
o1686 INPUT_3
o1687 INPUT_3
o1688 INPUT_3
o1689 INPUT_3
o1690 INPUT_3
o1691 INPUT_3
o1692 INPUT_3
o1693 INPUT_3
o1694 INPUT_3
o1695 INPUT_3
o1696 INPUT_3
o1697 INPUT_3
o1698 INPUT_3
o1699 INPUT_3
o1700 INPUT_3
o1701 INPUT_3
o1702 INPUT_3
o1703 INPUT_3
o1704 INPUT_3
o1705 INPUT_3
o1706 INPUT_3
o1707 INPUT_3
o1708 INPUT_3
o1709 INPUT_3
o1710 INPUT_3
o1711 INPUT_3
o1712 INPUT_3
o1713 INPUT_3
o1714 INPUT_3
o1715 INPUT_3
o1716 INPUT_3
o1717 INPUT_3
o1718 INPUT_3
o1719 INPUT_3
o1720 INPUT_3
o1721 INPUT_3
o1722 INPUT_3
o1723 INPUT_3
o1724 INPUT_3
o1725 INPUT_3
o1726 INPUT_3
o1727 INPUT_3
o1728 INPUT_3
o1729 INPUT_3
o1730 INPUT_3
o1731 INPUT_3
o1732 INPUT_3
o1733 INPUT_3
o1734 INPUT_3
o1735 INPUT_3
o1736 INPUT_3
o1737 INPUT_3
o1738 INPUT_3
o1739 INPUT_3
o1740 INPUT_3
o1741 INPUT_3
o1742 INPUT_3
o1743 INPUT_3
o1744 INPUT_3
o1745 INPUT_3
o1746 INPUT_3
o1747 INPUT_3
o1748 INPUT_3
o1749 INPUT_3
o1750 INPUT_3
o1751 INPUT_3
o1752 INPUT_3
o1753 INPUT_3
o1754 INPUT_3
o1755 INPUT_3
o1756 INPUT_3
o1757 INPUT_3
o1758 INPUT_3
o1759 INPUT_3
o1760 INPUT_3
o1761 INPUT_3
o1762 INPUT_3
o1763 INPUT_3
o1764 INPUT_3
o1765 INPUT_3
o1766 INPUT_3
o1767 INPUT_3
o1768 INPUT_3
o1769 INPUT_3
o1770 INPUT_3
o1771 INPUT_3
o1772 INPUT_3
o1773 INPUT_3
o1774 INPUT_3
o1775 INPUT_3
o1776 INPUT_3
o1777 INPUT_3
o1778 INPUT_3
o1779 INPUT_3
o1780 INPUT_3
o1781 INPUT_3
o1782 INPUT_3
o1783 INPUT_3
o1784 INPUT_3
o1785 INPUT_3
o1786 INPUT_3
o1787 INPUT_3
o1788 INPUT_3
o1789 INPUT_3
o1790 INPUT_3
o1791 INPUT_3
o1792 INPUT_3
o1793 INPUT_3
o1794 INPUT_3
o1795 INPUT_3
o1796 INPUT_3
o1797 INPUT_3
o1798 INPUT_3
o1799 INPUT_3
o1800 INPUT_3
o1801 INPUT_3
o1802 INPUT_3
o1803 INPUT_3
o1804 INPUT_3
o1805 INPUT_3
o1806 INPUT_3
o1807 INPUT_3
o1808 INPUT_3
o1809 INPUT_3
o1810 INPUT_3
o1811 INPUT_3
o1812 INPUT_3
o1813 INPUT_3
o1814 INPUT_3
o1815 INPUT_3
o1816 INPUT_3
o1817 INPUT_3
o1818 INPUT_3
o1819 INPUT_3
o1820 INPUT_3
o1821 INPUT_3
o1822 INPUT_3
o1823 INPUT_3
o1824 INPUT_3
o1825 INPUT_3
o1826 INPUT_3
o1827 INPUT_3
o1828 INPUT_3
o1829 INPUT_3
o1830 INPUT_3
o1831 INPUT_3
o1832 INPUT_3
o1833 INPUT_3
o1834 INPUT_3
o1835 INPUT_3
o1836 INPUT_3
o1837 INPUT_3
o1838 INPUT_3
o1839 INPUT_3
o1840 INPUT_3
o1841 INPUT_3
o1842 INPUT_3
o1843 INPUT_3
o1844 INPUT_3
o1845 INPUT_3
o1846 INPUT_3
o1847 INPUT_3
o1848 INPUT_3
o1849 INPUT_3
o1850 INPUT_3
o1851 INPUT_3
o1852 INPUT_3
o1853 INPUT_3
o1854 INPUT_3
o1855 INPUT_3
o1856 INPUT_3
o1857 INPUT_3
o1858 INPUT_3
o1859 INPUT_3
o1860 INPUT_3
o1861 INPUT_3
o1862 INPUT_3
o1863 INPUT_3
o1864 INPUT_3
o1865 INPUT_3
o1866 INPUT_3
o1867 INPUT_3
o1868 INPUT_3
o1869 INPUT_3
o1870 INPUT_3
o1871 INPUT_3
o1872 INPUT_3
o1873 INPUT_3
o1874 INPUT_3
o1875 INPUT_3
o1876 INPUT_3
o1877 INPUT_3
o1878 INPUT_3
o1879 INPUT_3
o1880 INPUT_3
o1881 INPUT_3
o1882 INPUT_3
o1883 INPUT_3
o1884 INPUT_3
o1885 INPUT_3
o1886 INPUT_3
o1887 INPUT_3
o1888 INPUT_3
o1889 INPUT_3
o1890 INPUT_3
o1891 INPUT_3
o1892 INPUT_3
o1893 INPUT_3
o1894 INPUT_3
o1895 INPUT_3
o1896 INPUT_3
o1897 INPUT_3
o1898 INPUT_3
o1899 INPUT_3
o1900 INPUT_3
o1901 INPUT_3
o1902 INPUT_3
o1903 INPUT_3
o1904 INPUT_3
o1905 INPUT_3
o1906 INPUT_3
o1907 INPUT_3
o1908 INPUT_3
o1909 INPUT_3
o1910 INPUT_3
o1911 INPUT_3
o1912 INPUT_3
o1913 INPUT_3
o1914 INPUT_3
o1915 INPUT_3
o1916 INPUT_3
o1917 INPUT_3
o1918 INPUT_3
o1919 INPUT_3
o1920 INPUT_3
o1921 INPUT_3
o1922 INPUT_3
o1923 INPUT_3
o1924 INPUT_3
o1925 INPUT_3
o1926 INPUT_3
o1927 INPUT_3
o1928 INPUT_3
o1929 INPUT_3
o1930 INPUT_3
o1931 INPUT_3
o1932 INPUT_3
o1933 INPUT_3
o1934 INPUT_3
o1935 INPUT_3
o1936 INPUT_3
o1937 INPUT_3
o1938 INPUT_3
o1939 INPUT_3
o1940 INPUT_3
o1941 INPUT_3
o1942 INPUT_3
o1943 INPUT_3
o1944 INPUT_3
o1945 INPUT_3
o1946 INPUT_3
o1947 INPUT_3
o1948 INPUT_3
o1949 INPUT_3
o1950 INPUT_3
o1951 INPUT_3
o1952 INPUT_3
o1953 INPUT_3
o1954 INPUT_3
o1955 INPUT_3
o1956 INPUT_3
o1957 INPUT_3
o1958 INPUT_3
o1959 INPUT_3
o1960 INPUT_3
o1961 INPUT_3
o1962 INPUT_3
o1963 INPUT_3
o1964 INPUT_3
o1965 INPUT_3
o1966 INPUT_3
o1967 INPUT_3
o1968 INPUT_3
o1969 INPUT_3
o1970 INPUT_3
o1971 INPUT_3
o1972 INPUT_3
o1973 INPUT_3
o1974 INPUT_3
o1975 INPUT_3
o1976 INPUT_3
o1977 INPUT_3
o1978 INPUT_3
o1979 INPUT_3
o1980 INPUT_3
o1981 INPUT_3
o1982 INPUT_3
o1983 INPUT_3
o1984 INPUT_3
o1985 INPUT_3
o1986 INPUT_3
o1987 INPUT_3
o1988 INPUT_3
o1989 INPUT_3
o1990 INPUT_3
o1991 INPUT_3
o1992 INPUT_3
o1993 INPUT_3
o1994 INPUT_3
o1995 INPUT_3
o1996 INPUT_3
o1997 INPUT_3
o1998 INPUT_3
o1999 INPUT_3
o2000 INPUT_3
o2001 INPUT_3
o2002 INPUT_3
o2003 INPUT_3
o2004 INPUT_3
o2005 INPUT_3
o2006 INPUT_3
o2007 INPUT_3
o2008 INPUT_3
o2009 INPUT_3
o2010 INPUT_3
o2011 INPUT_3
o2012 INPUT_3
o2013 INPUT_3
o2014 INPUT_3
o2015 INPUT_3
o2016 INPUT_3
o2017 INPUT_3
o2018 INPUT_3
o2019 INPUT_3
o2020 INPUT_3
o2021 INPUT_3
o2022 INPUT_3
o2023 INPUT_3
o2024 INPUT_3
o2025 INPUT_3
o2026 INPUT_3
o2027 INPUT_3
o2028 INPUT_3
o2029 INPUT_3
o2030 INPUT_3
o2031 INPUT_3
o2032 INPUT_3
o2033 INPUT_3
o2034 INPUT_3
o2035 INPUT_3
o2036 INPUT_3
o2037 INPUT_3
o2038 INPUT_3
o2039 INPUT_3
o2040 INPUT_3
o2041 INPUT_3
o2042 INPUT_3
o2043 INPUT_3
o2044 INPUT_3
o2045 INPUT_3
o2046 INPUT_3
o2047 INPUT_3
o2048 INPUT_3
o2049 INPUT_3
o2050 INPUT_3
o2051 INPUT_3
o2052 INPUT_3
o2053 INPUT_3
o2054 INPUT_3
o2055 INPUT_3
o2056 INPUT_3
o2057 INPUT_3
o2058 INPUT_3
o2059 INPUT_3
o2060 INPUT_3
o2061 INPUT_3
o2062 INPUT_3
o2063 INPUT_3
o2064 INPUT_3
o2065 INPUT_3
o2066 INPUT_3
o2067 INPUT_3
o2068 INPUT_3
o2069 INPUT_3
o2070 INPUT_3
o2071 INPUT_3
o2072 INPUT_3
o2073 INPUT_3
o2074 INPUT_3
o2075 INPUT_3
o2076 INPUT_3
o2077 INPUT_3
o2078 INPUT_3
o2079 INPUT_3
o2080 INPUT_3
o2081 INPUT_3
o2082 INPUT_3
o2083 INPUT_3
o2084 INPUT_3
o2085 INPUT_3
o2086 INPUT_3
o2087 INPUT_3
o2088 INPUT_3
o2089 INPUT_3
o2090 INPUT_3
o2091 INPUT_3
o2092 INPUT_3
o2093 INPUT_3
o2094 INPUT_3
o2095 INPUT_3
o2096 INPUT_3
o2097 INPUT_3
o2098 INPUT_3
o2099 INPUT_3
o2100 INPUT_3
o2101 INPUT_3
o2102 INPUT_3
o2103 INPUT_3
o2104 INPUT_3
o2105 INPUT_3
o2106 INPUT_3
o2107 INPUT_3
o2108 INPUT_3
o2109 INPUT_3
o2110 INPUT_3
o2111 INPUT_3
o2112 INPUT_3
o2113 INPUT_3
o2114 INPUT_3
o2115 INPUT_3
o2116 INPUT_3
o2117 INPUT_3
o2118 INPUT_3
o2119 INPUT_3
o2120 INPUT_3
o2121 INPUT_3
o2122 INPUT_3
o2123 INPUT_3
o2124 INPUT_3
o2125 INPUT_3
o2126 INPUT_3
o2127 INPUT_3
o2128 INPUT_3
o2129 INPUT_3
o2130 INPUT_3
o2131 INPUT_3
o2132 INPUT_3
o2133 INPUT_3
o2134 INPUT_3
o2135 INPUT_3
o2136 INPUT_3
o2137 INPUT_3
o2138 INPUT_3
o2139 INPUT_3
o2140 INPUT_3
o2141 INPUT_3
o2142 INPUT_3
o2143 INPUT_3
o2144 INPUT_3
o2145 INPUT_3
o2146 INPUT_3
o2147 INPUT_3
o2148 INPUT_3
o2149 INPUT_3
o2150 INPUT_3
o2151 INPUT_3
o2152 INPUT_3
o2153 INPUT_3
o2154 INPUT_3
o2155 INPUT_3
o2156 INPUT_3
o2157 INPUT_3
o2158 INPUT_3
o2159 INPUT_3
o2160 INPUT_3
o2161 INPUT_3
o2162 INPUT_3
o2163 INPUT_3
o2164 INPUT_3
o2165 INPUT_3
o2166 INPUT_3
o2167 INPUT_3
o2168 INPUT_3
o2169 INPUT_3
o2170 INPUT_3
o2171 INPUT_3
o2172 INPUT_3
o2173 INPUT_3
o2174 INPUT_3
o2175 INPUT_3
c
AAG output by CYT.
