aag 927 41 0 1 886
2
4
6
8
10
12
14
16
18
20
22
24
26
28
30
32
34
36
38
40
42
44
46
48
50
52
54
56
58
60
62
64
66
68
70
72
74
76
78
80
82
1855
1038 49 47
1036 48 46
1040 1039 1037
1032 53 50
1030 52 51
1034 1033 1031
1044 1041 1035
1042 1040 1034
1046 1045 1043
966 59 55
964 58 54
968 967 965
960 63 60
958 62 61
962 961 959
972 969 963
970 968 962
974 973 971
1290 1047 975
1288 1046 974
1292 1291 1289
1272 75 67
1270 74 66
1274 1273 1271
1266 13 4
1264 12 5
1268 1267 1265
1278 1275 1269
1276 1274 1268
1280 1279 1277
206 36 30
1284 1280 207
1282 1281 206
1286 1285 1283
1296 1293 1287
1294 1292 1286
1298 1297 1295
1020 57 3
1018 56 2
1022 1021 1019
1014 78 21
1012 79 20
1016 1015 1013
1026 1023 1017
1024 1022 1016
1028 1027 1025
948 41 39
946 40 38
950 949 947
942 45 42
940 44 43
944 943 941
954 951 945
952 950 944
956 955 953
1254 1029 957
1252 1028 956
1256 1255 1253
1236 73 65
1234 72 64
1238 1237 1235
1230 82 11
1228 83 10
1232 1231 1229
1242 1239 1233
1240 1238 1232
1244 1243 1241
202 36 28
1248 1244 203
1246 1245 202
1250 1249 1247
1260 1257 1251
1258 1256 1250
1262 1261 1259
1376 1298 1263
1300 1299 1262
1454 1377 1301
978 974 957
976 975 956
980 979 977
924 81 71
922 80 70
926 925 923
918 17 8
916 16 9
920 919 917
930 926 921
928 926 920
932 931 929
212 36 34
936 932 212
934 933 213
938 937 935
984 981 939
982 980 938
986 985 983
1456 1455 987
1050 1046 1029
1048 1047 1028
1052 1051 1049
996 77 69
994 76 68
998 997 995
990 15 6
988 14 7
992 991 989
1002 999 993
1000 998 992
1004 1003 1001
274 36 32
1008 1004 274
1006 1005 275
1010 1009 1007
1056 1053 1011
1054 1052 1010
1058 1057 1055
1458 1456 1059
1338 1059 986
1060 1058 987
1448 1339 1061
1450 1449 1299
1452 1450 1263
1460 1459 1453
1112 83 5
1110 82 4
1114 1113 1111
1106 9 6
1104 8 7
1108 1107 1105
1118 1115 1109
1116 1114 1108
1120 1119 1117
1094 13 11
1092 12 10
1096 1095 1093
1088 17 14
1086 16 15
1090 1089 1087
1100 1097 1091
1098 1096 1090
1102 1101 1099
1124 1121 1103
1122 1120 1102
1126 1125 1123
1070 57 41
1068 56 40
1072 1071 1069
1064 59 48
1062 58 49
1066 1065 1063
1076 1073 1067
1074 1072 1066
1078 1077 1075
220 36 22
1082 1078 221
1080 1079 220
1084 1083 1081
1130 1127 1085
1128 1126 1084
1132 1131 1129
894 75 73
892 74 72
896 895 893
888 81 76
886 80 77
890 889 887
900 897 891
898 896 890
902 901 899
876 67 65
874 66 64
878 877 875
870 71 68
868 70 69
872 871 869
882 879 873
880 878 872
884 883 881
906 902 885
904 903 884
908 907 905
852 39 3
850 38 2
854 853 851
846 55 46
844 54 47
848 847 845
858 855 849
856 854 848
860 859 857
216 36 18
864 860 216
862 861 217
866 865 863
912 909 867
910 908 866
914 913 911
1136 1132 915
1532 1461 1136
1190 79 43
1188 78 42
1192 1191 1189
1184 61 50
1182 60 51
1186 1185 1183
1196 1193 1187
1194 1192 1186
1198 1197 1195
1202 1199 885
1200 1198 884
1204 1203 1201
286 36 24
1178 1121 286
1176 1120 287
1180 1179 1177
1208 1205 1181
1206 1204 1180
1210 1209 1207
1154 45 21
1152 44 20
1156 1155 1153
1148 63 52
1146 62 53
1150 1149 1147
1160 1157 1151
1158 1156 1150
1162 1161 1159
1166 1163 903
1164 1162 902
1168 1167 1165
226 36 26
1142 1103 226
1140 1102 227
1144 1143 1141
1172 1169 1145
1170 1168 1144
1174 1173 1171
1218 1211 1174
1568 1532 1218
1594 1568 986
1598 1595 16
1596 1594 17
1600 1599 1597
90 62 59
88 63 58
110 91 89
130 110 61
128 111 60
156 131 129
178 156 54
176 157 55
208 179 177
246 212 209
244 213 208
278 247 245
306 278 9
304 279 8
330 307 305
122 44 41
120 45 40
152 123 121
170 152 43
168 153 42
200 171 169
230 200 38
228 201 39
268 231 229
354 331 269
352 330 268
378 355 353
402 379 17
400 378 16
426 403 401
450 426 80
448 427 81
474 451 449
498 474 71
496 475 70
522 499 497
94 52 49
92 53 48
112 95 93
134 112 51
132 113 50
158 135 133
182 158 46
180 159 47
210 183 181
86 57 20
84 56 21
108 87 85
126 108 79
124 109 78
154 127 125
174 154 2
172 155 3
204 175 173
242 211 204
240 210 205
276 243 241
302 276 275
300 277 274
328 303 301
350 328 7
348 329 6
376 351 349
398 376 15
396 377 14
424 399 397
446 424 76
444 425 77
472 447 445
494 472 69
492 473 68
520 495 493
538 523 520
536 522 521
552 539 537
238 209 206
236 208 207
272 239 237
298 272 5
296 273 4
326 299 297
346 327 211
344 326 210
374 347 345
394 375 13
392 374 12
422 395 393
442 422 74
440 423 75
470 443 441
490 470 67
488 471 66
518 491 489
562 553 518
234 204 203
232 205 202
270 235 233
294 270 269
292 271 268
324 295 293
342 324 83
340 325 82
372 343 341
390 372 11
388 373 10
420 391 389
438 420 72
436 421 73
468 439 437
486 468 65
484 469 64
516 487 485
570 562 516
534 519 516
550 534 520
532 518 517
548 532 520
560 551 549
568 561 522
576 571 569
102 16 13
100 17 12
116 103 101
146 116 15
144 117 14
164 147 145
194 164 10
192 165 11
222 195 193
266 226 223
264 227 222
290 267 265
322 290 53
320 291 52
338 323 321
138 80 75
136 81 74
160 139 137
186 160 77
184 161 76
214 187 185
250 214 72
248 215 73
280 251 249
370 339 281
368 338 280
386 371 369
418 387 63
416 386 62
434 419 417
466 434 44
464 435 45
482 467 465
514 482 21
512 483 20
530 515 513
580 577 531
258 223 220
256 222 221
284 259 257
314 284 49
312 285 48
334 315 313
106 8 5
104 9 4
118 107 105
150 118 7
148 119 6
166 151 149
198 166 82
196 167 83
224 199 197
362 335 225
360 334 224
382 363 361
410 383 59
408 382 58
430 411 409
458 430 40
456 431 41
478 459 457
506 478 57
504 479 56
526 507 505
98 70 67
96 71 66
114 99 97
142 114 69
140 115 68
162 143 141
190 162 64
188 163 65
218 191 189
254 218 217
252 219 216
282 255 253
310 282 281
308 283 280
332 311 309
358 332 47
356 333 46
380 359 357
406 380 55
404 381 54
428 407 405
454 428 38
452 429 39
476 455 453
502 476 3
500 477 2
524 503 501
540 527 524
262 225 218
260 224 219
288 263 261
318 288 287
316 289 286
336 319 317
366 336 51
364 337 50
384 367 365
414 384 61
412 385 60
432 415 413
462 432 42
460 433 43
480 463 461
510 480 79
508 481 78
528 511 509
554 540 528
588 580 554
600 588 523
654 601 16
652 600 17
780 655 653
1790 1600 781
1788 1601 780
1792 1791 1789
1586 1568 1058
1590 1587 14
1588 1586 15
1592 1591 1589
602 588 521
658 603 14
656 602 15
782 659 657
1784 1592 783
1782 1593 782
1786 1785 1783
1846 1792 1786
1578 1568 1298
1582 1579 12
1580 1578 13
1584 1583 1581
604 588 519
662 605 12
660 604 13
784 663 661
1778 1584 785
1776 1585 784
1780 1779 1777
1570 1568 1262
1574 1571 10
1572 1570 11
1576 1575 1573
606 588 517
666 607 10
664 606 11
786 667 665
1772 1576 787
1770 1577 786
1774 1773 1771
1844 1780 1774
1848 1846 1844
1216 1210 1175
1534 1532 1216
1560 1534 986
1564 1561 8
1562 1560 9
1566 1565 1563
544 530 529
582 577 544
590 582 540
608 590 523
670 609 8
668 608 9
788 671 669
1766 1566 789
1764 1567 788
1768 1767 1765
1552 1534 1058
1556 1553 6
1554 1552 7
1558 1557 1555
610 590 521
674 611 6
672 610 7
790 675 673
1760 1558 791
1758 1559 790
1762 1761 1759
1840 1768 1762
1544 1534 1298
1548 1545 4
1546 1544 5
1550 1549 1547
612 590 519
678 613 4
676 612 5
792 679 677
1754 1550 793
1752 1551 792
1756 1755 1753
1536 1534 1262
1540 1537 82
1538 1536 83
1542 1541 1539
614 590 517
682 615 82
680 614 83
794 683 681
1748 1542 795
1746 1543 794
1750 1749 1747
1838 1756 1750
1842 1840 1838
1850 1848 1842
1134 1133 914
1462 1461 1134
1498 1462 1218
1524 1498 986
1528 1525 80
1526 1524 81
1530 1529 1527
542 526 525
556 542 528
592 580 556
616 592 523
686 617 80
684 616 81
796 687 685
1742 1530 797
1740 1531 796
1744 1743 1741
1516 1498 1058
1520 1517 76
1518 1516 77
1522 1521 1519
618 592 521
690 619 76
688 618 77
798 691 689
1736 1522 799
1734 1523 798
1738 1737 1735
1832 1744 1738
1508 1498 1298
1512 1509 74
1510 1508 75
1514 1513 1511
620 592 519
694 621 74
692 620 75
800 695 693
1730 1514 801
1728 1515 800
1732 1731 1729
1500 1498 1262
1504 1501 72
1502 1500 73
1506 1505 1503
622 592 517
698 623 72
696 622 73
802 699 697
1724 1506 803
1722 1507 802
1726 1725 1723
1830 1732 1726
1834 1832 1830
1464 1462 1216
1490 1464 986
1494 1491 70
1492 1490 71
1496 1495 1493
624 582 542
702 624 475
700 625 71
804 703 701
1718 1496 804
1716 1497 805
1720 1719 1717
1482 1464 1058
1486 1483 68
1484 1482 69
1488 1487 1485
706 624 473
704 625 69
806 707 705
1712 1488 806
1710 1489 807
1714 1713 1711
1826 1720 1714
1474 1464 1298
1478 1475 66
1476 1474 67
1480 1479 1477
710 624 471
708 625 67
808 711 709
1706 1480 808
1704 1481 809
1708 1707 1705
1466 1464 1262
1470 1467 64
1468 1466 65
1472 1471 1469
714 624 469
712 625 65
810 715 713
1700 1472 810
1698 1473 811
1702 1701 1699
1824 1708 1702
1828 1826 1824
1836 1834 1828
1852 1850 1836
1222 1133 915
1220 1219 1217
1224 1222 1221
1212 1211 1175
1138 1137 1135
1214 1212 1139
1226 1225 1215
1340 1338 1227
1414 1376 1340
1440 1414 1174
1444 1441 63
1442 1440 62
1446 1445 1443
546 531 528
558 547 545
566 559 526
574 566 524
564 557 555
572 565 530
578 575 573
584 579 523
594 584 550
626 594 531
718 627 62
716 626 63
812 719 717
1694 1447 813
1692 1446 812
1696 1695 1693
1432 1414 1210
1436 1433 60
1434 1432 61
1438 1437 1435
628 594 529
722 629 60
720 628 61
814 723 721
1688 1438 815
1686 1439 814
1690 1689 1687
1816 1696 1690
1424 1414 1132
1428 1425 58
1426 1424 59
1430 1429 1427
630 594 527
726 631 58
724 630 59
816 727 725
1682 1430 817
1680 1431 816
1684 1683 1681
1416 1414 914
1420 1417 54
1418 1416 55
1422 1421 1419
632 594 525
730 633 54
728 632 55
818 731 729
1676 1422 819
1674 1423 818
1678 1677 1675
1814 1684 1678
1818 1816 1814
1378 1227 1060
1380 1378 1376
1406 1380 1174
1410 1407 52
1408 1406 53
1412 1411 1409
586 579 536
596 586 534
634 596 531
734 635 52
732 634 53
820 735 733
1670 1412 821
1668 1413 820
1672 1671 1669
1398 1380 1210
1402 1399 50
1400 1398 51
1404 1403 1401
636 596 529
738 637 50
736 636 51
822 739 737
1664 1404 823
1662 1405 822
1666 1665 1663
1810 1672 1666
1390 1380 1132
1394 1391 48
1392 1390 49
1396 1395 1393
638 596 527
742 639 48
740 638 49
824 743 741
1658 1396 825
1656 1397 824
1660 1659 1657
1382 1380 914
1386 1383 46
1384 1382 47
1388 1387 1385
640 596 525
746 641 46
744 640 47
826 747 745
1652 1388 827
1650 1389 826
1654 1653 1651
1808 1660 1654
1812 1810 1808
1820 1818 1812
1342 1340 1300
1368 1342 1174
1372 1369 44
1370 1368 45
1374 1373 1371
598 584 548
642 598 531
750 643 44
748 642 45
828 751 749
1646 1374 829
1644 1375 828
1648 1647 1645
1360 1342 1210
1364 1361 42
1362 1360 43
1366 1365 1363
644 598 529
754 645 42
752 644 43
830 755 753
1640 1366 831
1638 1367 830
1642 1641 1639
1802 1648 1642
1352 1342 1132
1356 1353 40
1354 1352 41
1358 1357 1355
646 598 527
758 647 40
756 646 41
832 759 757
1634 1358 833
1632 1359 832
1636 1635 1633
1344 1342 914
1348 1345 38
1346 1344 39
1350 1349 1347
648 598 525
762 649 38
760 648 39
834 763 761
1628 1350 835
1626 1351 834
1630 1629 1627
1800 1636 1630
1804 1802 1800
1302 1300 1227
1304 1302 1060
1330 1304 1174
1334 1331 20
1332 1330 21
1336 1335 1333
650 586 532
766 650 483
764 651 21
836 767 765
1622 1336 836
1620 1337 837
1624 1623 1621
1322 1304 1210
1326 1323 78
1324 1322 79
1328 1327 1325
770 650 481
768 651 79
838 771 769
1616 1328 838
1614 1329 839
1618 1617 1615
1796 1624 1618
1314 1304 1132
1318 1315 56
1316 1314 57
1320 1319 1317
774 650 479
772 651 57
840 775 773
1610 1320 840
1608 1321 841
1612 1611 1609
1306 1304 914
1310 1307 2
1308 1306 3
1312 1311 1309
778 650 477
776 651 3
842 779 777
1604 1312 842
1602 1313 843
1606 1605 1603
1794 1612 1606
1798 1796 1794
1806 1804 1798
1822 1820 1806
1854 1852 1822
i0 1
i1 101
i2 105
i3 109
i4 113
i5 117
i6 121
i7 125
i8 129
i9 13
i10 130
i11 131
i12 132
i13 133
i14 134
i15 135
i16 136
i17 137
i18 17
i19 21
i20 25
i21 29
i22 33
i23 37
i24 41
i25 45
i26 49
i27 5
i28 53
i29 57
i30 61
i31 65
i32 69
i33 73
i34 77
i35 81
i36 85
i37 89
i38 9
i39 93
i40 97
o0 miter
c
AAG output by CYT.
